A.L.E: Arcade Learning Environment (version 0.8.1+53f58b7)
[Powered by Stella]
gpu count: 1
Total number of parameters:  533
Episode 1, Reward: 0.0, Mean Loss: 7.513376883374966, Number of Steps: 123
each episode takes approx. 6.79717230796814 seconds
Episode 2, Reward: 0.0, Mean Loss: 7.51772777369765, Number of Steps: 122
Episode 3, Reward: 0.0, Mean Loss: 7.497776824919904, Number of Steps: 122
Episode 4, Reward: 0.0, Mean Loss: 7.514549626678717, Number of Steps: 122
Episode 5, Reward: 0.0, Mean Loss: 7.486878027681445, Number of Steps: 122
Episode 6, Reward: 0.0, Mean Loss: 7.515039264178667, Number of Steps: 122
Episode 7, Reward: 0.0, Mean Loss: 7.5154788298685045, Number of Steps: 122
Episode 8, Reward: 0.0, Mean Loss: 7.5164046600216725, Number of Steps: 122
Episode 9, Reward: 0.0, Mean Loss: 7.485724171654123, Number of Steps: 122
Episode 10, Reward: 0.0, Mean Loss: 7.51730908722174, Number of Steps: 122
Episode 11, Reward: 0.0, Mean Loss: 7.474831346605645, Number of Steps: 122
Episode 12, Reward: 0.0, Mean Loss: 7.515706777572632, Number of Steps: 122
Episode 13, Reward: 0.0, Mean Loss: 7.484675958508351, Number of Steps: 122
Episode 14, Reward: 0.0, Mean Loss: 7.497867291090919, Number of Steps: 122
Episode 15, Reward: 0.0, Mean Loss: 7.512498593721234, Number of Steps: 122
Episode 16, Reward: 0.0, Mean Loss: 7.514265834308062, Number of Steps: 122
Episode 17, Reward: 0.0, Mean Loss: 7.499289950386423, Number of Steps: 122
Episode 18, Reward: 0.0, Mean Loss: 7.498180264332255, Number of Steps: 122
Episode 19, Reward: 0.0, Mean Loss: 7.515958555409165, Number of Steps: 122
Episode 20, Reward: 0.0, Mean Loss: 7.484803328748609, Number of Steps: 122
Episode 21, Reward: 0.0, Mean Loss: 7.487676999608024, Number of Steps: 122
Episode 22, Reward: 0.0, Mean Loss: 7.470856400786853, Number of Steps: 122
Episode 23, Reward: 0.0, Mean Loss: 7.498071522009178, Number of Steps: 122
Episode 24, Reward: 0.0, Mean Loss: 7.49500400902795, Number of Steps: 122
Episode 25, Reward: 0.0, Mean Loss: 7.501856467762932, Number of Steps: 122
Episode 26, Reward: 0.0, Mean Loss: 7.513014726951474, Number of Steps: 122
Episode 27, Reward: 0.0, Mean Loss: 7.514129267364252, Number of Steps: 122
Episode 28, Reward: 0.0, Mean Loss: 7.500676338789893, Number of Steps: 122
Episode 29, Reward: 0.0, Mean Loss: 7.485604008690256, Number of Steps: 122
Episode 30, Reward: 0.0, Mean Loss: 7.517111383500646, Number of Steps: 122
Episode 31, Reward: 0.0, Mean Loss: 7.49678596512216, Number of Steps: 122
Episode 32, Reward: 0.0, Mean Loss: 7.510599425581635, Number of Steps: 122
Episode 33, Reward: 0.0, Mean Loss: 7.518967417419934, Number of Steps: 122
Episode 34, Reward: 0.0, Mean Loss: 7.4734227618233104, Number of Steps: 122
Episode 35, Reward: 0.0, Mean Loss: 7.5162017970788675, Number of Steps: 122
Episode 36, Reward: 0.0, Mean Loss: 7.513678351386648, Number of Steps: 122
Episode 37, Reward: 0.0, Mean Loss: 7.516376401557297, Number of Steps: 122
Episode 38, Reward: 0.0, Mean Loss: 7.489010771767038, Number of Steps: 122
Episode 39, Reward: 0.0, Mean Loss: 7.498617226960229, Number of Steps: 122
Episode 40, Reward: 0.0, Mean Loss: 7.5011909867896405, Number of Steps: 122
Episode 41, Reward: 0.0, Mean Loss: 7.517223448049827, Number of Steps: 122
Episode 42, Reward: 0.0, Mean Loss: 7.515804705072622, Number of Steps: 122
Episode 43, Reward: 0.0, Mean Loss: 7.485288651263128, Number of Steps: 122
Episode 44, Reward: 0.0, Mean Loss: 7.48948995793452, Number of Steps: 122
Episode 45, Reward: 0.0, Mean Loss: 7.515683838578521, Number of Steps: 122
Episode 46, Reward: 0.0, Mean Loss: 7.515099912393288, Number of Steps: 122
Episode 47, Reward: 0.0, Mean Loss: 7.499752963175539, Number of Steps: 122
Episode 48, Reward: 0.0, Mean Loss: 7.483012578526481, Number of Steps: 122
Episode 49, Reward: 0.0, Mean Loss: 7.505883373197962, Number of Steps: 122
Episode 50, Reward: 0.0, Mean Loss: 7.517202353868329, Number of Steps: 122
Episode 51, Reward: 0.0, Mean Loss: 7.486365834220511, Number of Steps: 122
Episode 52, Reward: 0.0, Mean Loss: 7.517695669267998, Number of Steps: 122
Episode 53, Reward: 0.0, Mean Loss: 7.502084833676697, Number of Steps: 122
Episode 54, Reward: 0.0, Mean Loss: 7.471875370525923, Number of Steps: 122
Episode 55, Reward: 0.0, Mean Loss: 7.517634446503686, Number of Steps: 122
Episode 56, Reward: 0.0, Mean Loss: 7.506444868494253, Number of Steps: 122
Episode 57, Reward: 0.0, Mean Loss: 7.491396098840432, Number of Steps: 122
Episode 58, Reward: 0.0, Mean Loss: 7.517341977260152, Number of Steps: 122
Episode 59, Reward: 0.0, Mean Loss: 7.519715461574617, Number of Steps: 122
Episode 60, Reward: 0.0, Mean Loss: 7.469534737164857, Number of Steps: 122
Episode 61, Reward: 0.0, Mean Loss: 7.5154593811660515, Number of Steps: 122
Episode 62, Reward: 0.0, Mean Loss: 7.515014753967035, Number of Steps: 122
Episode 63, Reward: 0.0, Mean Loss: 7.496119108356413, Number of Steps: 122
Episode 64, Reward: 0.0, Mean Loss: 7.502240165335233, Number of Steps: 122
Episode 65, Reward: 0.0, Mean Loss: 7.488663470158811, Number of Steps: 122
Episode 66, Reward: 0.0, Mean Loss: 7.4900240937217335, Number of Steps: 122
Episode 67, Reward: 0.0, Mean Loss: 7.485729201895292, Number of Steps: 122
Episode 68, Reward: 0.0, Mean Loss: 7.5195964789781415, Number of Steps: 122
Episode 69, Reward: 0.0, Mean Loss: 7.515183499602021, Number of Steps: 122
Episode 70, Reward: 0.0, Mean Loss: 7.503816975921881, Number of Steps: 122
Episode 71, Reward: 0.0, Mean Loss: 7.503718000943543, Number of Steps: 122
Episode 72, Reward: 0.0, Mean Loss: 7.503149126396805, Number of Steps: 122
Episode 73, Reward: 0.0, Mean Loss: 7.516472902454313, Number of Steps: 122
Episode 74, Reward: 0.0, Mean Loss: 7.522212735942153, Number of Steps: 122
Episode 75, Reward: 0.0, Mean Loss: 7.514185315272847, Number of Steps: 122
Episode 76, Reward: 0.0, Mean Loss: 7.487197664917493, Number of Steps: 122
Episode 77, Reward: 0.0, Mean Loss: 7.4864004948100105, Number of Steps: 122
Episode 78, Reward: 0.0, Mean Loss: 7.500593896772041, Number of Steps: 122
Episode 79, Reward: 0.0, Mean Loss: 7.505725137522964, Number of Steps: 122
Episode 80, Reward: 0.0, Mean Loss: 7.513463579240392, Number of Steps: 122
Episode 81, Reward: 0.0, Mean Loss: 7.484425783157349, Number of Steps: 122
Episode 82, Reward: 0.0, Mean Loss: 7.51927511418452, Number of Steps: 122
Episode 83, Reward: 0.0, Mean Loss: 7.516573495552188, Number of Steps: 122
Episode 84, Reward: 0.0, Mean Loss: 7.4995833224937565, Number of Steps: 122
Episode 85, Reward: 0.0, Mean Loss: 7.484692159246226, Number of Steps: 122
Episode 86, Reward: 0.0, Mean Loss: 7.517496280982846, Number of Steps: 122
Episode 87, Reward: 0.0, Mean Loss: 7.495995998382568, Number of Steps: 122
Episode 88, Reward: 0.0, Mean Loss: 7.484232097375588, Number of Steps: 122
Episode 89, Reward: 0.0, Mean Loss: 7.515966407588271, Number of Steps: 122
Episode 90, Reward: 0.0, Mean Loss: 7.484095757124854, Number of Steps: 122
Episode 91, Reward: 0.0, Mean Loss: 7.4879098446642764, Number of Steps: 122
Episode 92, Reward: 0.0, Mean Loss: 7.474539397192783, Number of Steps: 122
Episode 93, Reward: 0.0, Mean Loss: 7.48660457720522, Number of Steps: 122
Episode 94, Reward: 0.0, Mean Loss: 7.487337214047791, Number of Steps: 122
Episode 95, Reward: 0.0, Mean Loss: 7.518572826854518, Number of Steps: 122
Episode 96, Reward: 0.0, Mean Loss: 7.505897807293251, Number of Steps: 122
Episode 97, Reward: 0.0, Mean Loss: 7.519186262224541, Number of Steps: 122
Episode 98, Reward: 0.0, Mean Loss: 7.470609516393943, Number of Steps: 122
Episode 99, Reward: 0.0, Mean Loss: 7.5025456928816, Number of Steps: 122
Episode 100, Reward: 0.0, Mean Loss: 7.518336010760948, Number of Steps: 122
Episode 101, Reward: 0.0, Mean Loss: 7.486406005796839, Number of Steps: 122
Episode 102, Reward: 0.0, Mean Loss: 7.513705175431048, Number of Steps: 122
Episode 103, Reward: 0.0, Mean Loss: 7.502926724856017, Number of Steps: 122
Episode 104, Reward: 0.0, Mean Loss: 7.517610569469264, Number of Steps: 122
Episode 105, Reward: 0.0, Mean Loss: 7.515997589611616, Number of Steps: 122
Episode 106, Reward: 0.0, Mean Loss: 7.503561481100614, Number of Steps: 122
Episode 107, Reward: 0.0, Mean Loss: 7.4859040643348065, Number of Steps: 122
Episode 108, Reward: 0.0, Mean Loss: 7.503424671829724, Number of Steps: 122
Episode 109, Reward: 0.0, Mean Loss: 7.519256572254369, Number of Steps: 122
Episode 110, Reward: 0.0, Mean Loss: 7.516823268327557, Number of Steps: 122
Episode 111, Reward: 0.0, Mean Loss: 7.502640497489054, Number of Steps: 122
Episode 112, Reward: 0.0, Mean Loss: 7.515305323678939, Number of Steps: 122
Episode 113, Reward: 0.0, Mean Loss: 7.4897574323122615, Number of Steps: 122
Episode 114, Reward: 0.0, Mean Loss: 7.519806302961756, Number of Steps: 122
Episode 115, Reward: 0.0, Mean Loss: 7.515089996525498, Number of Steps: 122
Episode 116, Reward: 0.0, Mean Loss: 7.504112517247434, Number of Steps: 122
Episode 117, Reward: 0.0, Mean Loss: 7.503623837330302, Number of Steps: 122
Episode 118, Reward: 0.0, Mean Loss: 7.517933200617305, Number of Steps: 122
Episode 119, Reward: 0.0, Mean Loss: 7.518103732437384, Number of Steps: 122
Episode 120, Reward: 0.0, Mean Loss: 7.514333513916516, Number of Steps: 122
Episode 121, Reward: 0.0, Mean Loss: 7.473834006512751, Number of Steps: 122
Episode 122, Reward: 0.0, Mean Loss: 7.487267509835665, Number of Steps: 122
Episode 123, Reward: 0.0, Mean Loss: 7.512545628625839, Number of Steps: 122
Episode 124, Reward: 0.0, Mean Loss: 7.4834420641914745, Number of Steps: 122
Episode 125, Reward: 0.0, Mean Loss: 7.502684522847661, Number of Steps: 122
Episode 126, Reward: 0.0, Mean Loss: 7.488022472037644, Number of Steps: 122
Episode 127, Reward: 0.0, Mean Loss: 7.5000449321309075, Number of Steps: 122
Episode 128, Reward: 0.0, Mean Loss: 7.47200180272587, Number of Steps: 122
Episode 129, Reward: 0.0, Mean Loss: 7.515127807367043, Number of Steps: 122
Episode 130, Reward: 0.0, Mean Loss: 7.501407627199517, Number of Steps: 122
Episode 131, Reward: 0.0, Mean Loss: 7.515602705908603, Number of Steps: 122
Episode 132, Reward: 0.0, Mean Loss: 7.509608131940247, Number of Steps: 122
Episode 133, Reward: 0.0, Mean Loss: 7.501514380095435, Number of Steps: 122
Episode 134, Reward: 0.0, Mean Loss: 7.488948255288796, Number of Steps: 122
Episode 135, Reward: 0.0, Mean Loss: 7.513537340476865, Number of Steps: 122
Episode 136, Reward: 0.0, Mean Loss: 7.505172600511645, Number of Steps: 122
Episode 137, Reward: 0.0, Mean Loss: 7.501036608805422, Number of Steps: 122
Episode 138, Reward: 0.0, Mean Loss: 7.4887944010437515, Number of Steps: 122
Episode 139, Reward: 0.0, Mean Loss: 7.499592124438677, Number of Steps: 122
Episode 140, Reward: 0.0, Mean Loss: 7.470016897701826, Number of Steps: 122
Episode 141, Reward: 0.0, Mean Loss: 7.473024946744324, Number of Steps: 122
Episode 142, Reward: 0.0, Mean Loss: 7.503603763267642, Number of Steps: 122
Episode 143, Reward: 0.0, Mean Loss: 7.514852922470843, Number of Steps: 122
Episode 144, Reward: 0.0, Mean Loss: 7.505463885479286, Number of Steps: 122
Episode 145, Reward: 0.0, Mean Loss: 7.516886277276962, Number of Steps: 122
Episode 146, Reward: 0.0, Mean Loss: 7.513282850140431, Number of Steps: 122
Episode 147, Reward: 0.0, Mean Loss: 7.517945356056338, Number of Steps: 122
Episode 148, Reward: 0.0, Mean Loss: 7.5046494749725845, Number of Steps: 122
Episode 149, Reward: 0.0, Mean Loss: 7.4914319827908376, Number of Steps: 122
Episode 150, Reward: 0.0, Mean Loss: 7.504835832314413, Number of Steps: 122
Episode 151, Reward: 0.0, Mean Loss: 7.488071449467393, Number of Steps: 122
Episode 152, Reward: 0.0, Mean Loss: 7.5031900796733915, Number of Steps: 122
Episode 153, Reward: 0.0, Mean Loss: 7.509690437160555, Number of Steps: 122
Episode 154, Reward: 0.0, Mean Loss: 7.488639726013433, Number of Steps: 122
Episode 155, Reward: 0.0, Mean Loss: 7.51778477137206, Number of Steps: 122
Episode 156, Reward: 0.0, Mean Loss: 7.513255686056419, Number of Steps: 122
Episode 157, Reward: 0.0, Mean Loss: 7.502718300115867, Number of Steps: 122
Episode 158, Reward: 0.0, Mean Loss: 7.516034802452463, Number of Steps: 122
Episode 159, Reward: 0.0, Mean Loss: 7.492404347560445, Number of Steps: 122
Episode 160, Reward: 0.0, Mean Loss: 7.514801072292641, Number of Steps: 122
Episode 161, Reward: 0.0, Mean Loss: 7.501554195998145, Number of Steps: 122
Episode 162, Reward: 0.0, Mean Loss: 7.517469660180514, Number of Steps: 122
Episode 163, Reward: 0.0, Mean Loss: 7.489375833605156, Number of Steps: 122
Episode 164, Reward: 0.0, Mean Loss: 7.51343319064281, Number of Steps: 122
Episode 165, Reward: 0.0, Mean Loss: 7.515774593978632, Number of Steps: 122
Episode 166, Reward: 0.0, Mean Loss: 7.471248724421517, Number of Steps: 122
Episode 167, Reward: 0.0, Mean Loss: 7.518828122342219, Number of Steps: 122
Episode 168, Reward: 0.0, Mean Loss: 7.4967065990948285, Number of Steps: 122
Episode 169, Reward: 0.0, Mean Loss: 7.514705939371078, Number of Steps: 122
Episode 170, Reward: 0.0, Mean Loss: 7.516212580633945, Number of Steps: 122
Episode 171, Reward: 0.0, Mean Loss: 7.500890247157363, Number of Steps: 122
Episode 172, Reward: 0.0, Mean Loss: 7.519414592961796, Number of Steps: 122
Episode 173, Reward: 0.0, Mean Loss: 7.499290868884227, Number of Steps: 122
Episode 174, Reward: 0.0, Mean Loss: 7.474564685196173, Number of Steps: 122
Episode 175, Reward: 0.0, Mean Loss: 7.505253127363861, Number of Steps: 122
Episode 176, Reward: 0.0, Mean Loss: 7.515210636326524, Number of Steps: 122
Episode 177, Reward: 0.0, Mean Loss: 7.472489157661062, Number of Steps: 122
Episode 178, Reward: 0.0, Mean Loss: 7.500196945471842, Number of Steps: 122
Episode 179, Reward: 0.0, Mean Loss: 7.512575169078639, Number of Steps: 122
Episode 180, Reward: 0.0, Mean Loss: 7.503602203775625, Number of Steps: 122
Episode 181, Reward: 0.0, Mean Loss: 7.513904028251523, Number of Steps: 122
Episode 182, Reward: 0.0, Mean Loss: 7.5194714772896685, Number of Steps: 122
Episode 183, Reward: 0.0, Mean Loss: 7.516605052791658, Number of Steps: 122
Episode 184, Reward: 0.0, Mean Loss: 7.501216986140267, Number of Steps: 122
Episode 185, Reward: 0.0, Mean Loss: 7.506621161445242, Number of Steps: 122
Episode 186, Reward: 0.0, Mean Loss: 7.4728675318545985, Number of Steps: 122
Episode 187, Reward: 0.0, Mean Loss: 7.487579818631782, Number of Steps: 122
Episode 188, Reward: 0.0, Mean Loss: 7.517164343693217, Number of Steps: 122
Episode 189, Reward: 0.0, Mean Loss: 7.499391751211197, Number of Steps: 122
Episode 190, Reward: 0.0, Mean Loss: 7.51339876847189, Number of Steps: 122
Episode 191, Reward: 0.0, Mean Loss: 7.512605983702863, Number of Steps: 122
Episode 192, Reward: 0.0, Mean Loss: 7.500007656754041, Number of Steps: 122
Episode 193, Reward: 0.0, Mean Loss: 7.486133469909918, Number of Steps: 122
Episode 194, Reward: 0.0, Mean Loss: 7.489190211061572, Number of Steps: 122
Episode 195, Reward: 0.0, Mean Loss: 7.4713511076129855, Number of Steps: 122
Episode 196, Reward: 0.0, Mean Loss: 7.498736471426292, Number of Steps: 122
Episode 197, Reward: 0.0, Mean Loss: 7.46869879081601, Number of Steps: 122
Episode 198, Reward: 0.0, Mean Loss: 7.51487030357611, Number of Steps: 122
Episode 199, Reward: 0.0, Mean Loss: 7.498919174319408, Number of Steps: 122
Episode 200, Reward: 0.0, Mean Loss: 7.515736720601066, Number of Steps: 122
Episode 201, Reward: 0.0, Mean Loss: 7.502280891918745, Number of Steps: 122
Episode 202, Reward: 0.0, Mean Loss: 7.515844829746934, Number of Steps: 122
Episode 203, Reward: 0.0, Mean Loss: 7.475296583331999, Number of Steps: 122
Episode 204, Reward: 0.0, Mean Loss: 7.515621912283976, Number of Steps: 122
Episode 205, Reward: 0.0, Mean Loss: 7.502811912630425, Number of Steps: 122
Episode 206, Reward: 0.0, Mean Loss: 7.522302979328593, Number of Steps: 122
Episode 207, Reward: 0.0, Mean Loss: 7.4893455622626135, Number of Steps: 122
Episode 208, Reward: 0.0, Mean Loss: 7.477624803292946, Number of Steps: 122
Episode 209, Reward: 0.0, Mean Loss: 7.455060689175715, Number of Steps: 122
Episode 210, Reward: 0.0, Mean Loss: 7.502249053267182, Number of Steps: 122
Episode 211, Reward: 0.0, Mean Loss: 7.499443695193431, Number of Steps: 122
Episode 212, Reward: 0.0, Mean Loss: 7.500110630129204, Number of Steps: 122
Episode 213, Reward: 0.0, Mean Loss: 7.501954063040311, Number of Steps: 122
Episode 214, Reward: 0.0, Mean Loss: 7.513088597625982, Number of Steps: 122
Episode 215, Reward: 0.0, Mean Loss: 7.516680174186582, Number of Steps: 122
Episode 216, Reward: 0.0, Mean Loss: 7.4974646959148465, Number of Steps: 122
Episode 217, Reward: 0.0, Mean Loss: 7.489090399663956, Number of Steps: 122
Episode 218, Reward: 0.0, Mean Loss: 7.502641838104998, Number of Steps: 122
Episode 219, Reward: 0.0, Mean Loss: 7.514072758252503, Number of Steps: 122
Episode 220, Reward: 0.0, Mean Loss: 7.522971888057521, Number of Steps: 122
Episode 221, Reward: 0.0, Mean Loss: 7.487549543380737, Number of Steps: 122
Episode 222, Reward: 0.0, Mean Loss: 7.502685116939857, Number of Steps: 122
Episode 223, Reward: 0.0, Mean Loss: 7.518165799437976, Number of Steps: 122
Episode 224, Reward: 0.0, Mean Loss: 7.484973500986568, Number of Steps: 122
Episode 225, Reward: 0.0, Mean Loss: 7.512618209494919, Number of Steps: 122
Episode 226, Reward: 0.0, Mean Loss: 7.488429487728681, Number of Steps: 122
Episode 227, Reward: 0.0, Mean Loss: 7.510698893031136, Number of Steps: 122
Episode 228, Reward: 0.0, Mean Loss: 7.513818490700643, Number of Steps: 122
Episode 229, Reward: 0.0, Mean Loss: 7.505867778277788, Number of Steps: 122
Episode 230, Reward: 0.0, Mean Loss: 7.498875481183411, Number of Steps: 122
Episode 231, Reward: 0.0, Mean Loss: 7.489677276767668, Number of Steps: 122
Episode 232, Reward: 0.0, Mean Loss: 7.513598285737585, Number of Steps: 122
Episode 233, Reward: 0.0, Mean Loss: 7.5124661258009615, Number of Steps: 122
Episode 234, Reward: 0.0, Mean Loss: 7.5121408876825555, Number of Steps: 122
Episode 235, Reward: 0.0, Mean Loss: 7.5029354916244255, Number of Steps: 122
Episode 236, Reward: 0.0, Mean Loss: 7.489040988390563, Number of Steps: 122
Episode 237, Reward: 0.0, Mean Loss: 7.502123093995892, Number of Steps: 122
Episode 238, Reward: 0.0, Mean Loss: 7.50979540387138, Number of Steps: 122
Episode 239, Reward: 0.0, Mean Loss: 7.4937733704926535, Number of Steps: 122
Episode 240, Reward: 0.0, Mean Loss: 7.4712576358044736, Number of Steps: 122
Episode 241, Reward: 0.0, Mean Loss: 7.4717499115427986, Number of Steps: 122
Episode 242, Reward: 0.0, Mean Loss: 7.50159942126665, Number of Steps: 122
Episode 243, Reward: 0.0, Mean Loss: 7.505298051677767, Number of Steps: 122
Episode 244, Reward: 0.0, Mean Loss: 7.515778252335846, Number of Steps: 122
Episode 245, Reward: 0.0, Mean Loss: 7.484928721287211, Number of Steps: 122
Episode 246, Reward: 0.0, Mean Loss: 7.46183925378518, Number of Steps: 122
Episode 247, Reward: 0.0, Mean Loss: 7.512393466761855, Number of Steps: 122
Episode 248, Reward: 0.0, Mean Loss: 7.497410782047959, Number of Steps: 122
Episode 249, Reward: 0.0, Mean Loss: 7.500767141092019, Number of Steps: 122
Episode 250, Reward: 0.0, Mean Loss: 7.51386504876809, Number of Steps: 122
Episode 251, Reward: 0.0, Mean Loss: 7.512014443757104, Number of Steps: 122
Episode 252, Reward: 0.0, Mean Loss: 7.504840303639897, Number of Steps: 122
Episode 253, Reward: 0.0, Mean Loss: 7.501260046099053, Number of Steps: 122
Episode 254, Reward: 0.0, Mean Loss: 7.519184948968106, Number of Steps: 122
Episode 255, Reward: 0.0, Mean Loss: 7.489475637185769, Number of Steps: 122
Episode 256, Reward: 0.0, Mean Loss: 7.469476672469592, Number of Steps: 122
Episode 257, Reward: 0.0, Mean Loss: 7.474205779247597, Number of Steps: 122
Episode 258, Reward: 0.0, Mean Loss: 7.51690927099009, Number of Steps: 122
Episode 259, Reward: 0.0, Mean Loss: 7.4890556061854126, Number of Steps: 122
Episode 260, Reward: 0.0, Mean Loss: 7.503609743274626, Number of Steps: 122
Episode 261, Reward: 0.0, Mean Loss: 7.504312378461243, Number of Steps: 122
Episode 262, Reward: 0.0, Mean Loss: 7.504569202172951, Number of Steps: 122
Episode 263, Reward: 0.0, Mean Loss: 7.489510020271677, Number of Steps: 122
Episode 264, Reward: 0.0, Mean Loss: 7.4977371223637315, Number of Steps: 122
Episode 265, Reward: 0.0, Mean Loss: 7.469940506043981, Number of Steps: 122
Episode 266, Reward: 0.0, Mean Loss: 7.50483814223868, Number of Steps: 122
Episode 267, Reward: 0.0, Mean Loss: 7.484681391325153, Number of Steps: 122
Episode 268, Reward: 0.0, Mean Loss: 7.485661678626889, Number of Steps: 122
Episode 269, Reward: 0.0, Mean Loss: 7.520906823580383, Number of Steps: 122
Episode 270, Reward: 0.0, Mean Loss: 7.514333885224139, Number of Steps: 122
Episode 271, Reward: 0.0, Mean Loss: 7.471270037479088, Number of Steps: 122
Episode 272, Reward: 0.0, Mean Loss: 7.501286803698931, Number of Steps: 122
Episode 273, Reward: 0.0, Mean Loss: 7.513577859909808, Number of Steps: 122
Episode 274, Reward: 0.0, Mean Loss: 7.480608346032315, Number of Steps: 122
Episode 275, Reward: 0.0, Mean Loss: 7.504958297385544, Number of Steps: 122
Episode 276, Reward: 0.0, Mean Loss: 7.516621351242065, Number of Steps: 122
Episode 277, Reward: 0.0, Mean Loss: 7.485005652318235, Number of Steps: 122
Episode 278, Reward: 0.0, Mean Loss: 7.471693488418079, Number of Steps: 122
Episode 279, Reward: 0.0, Mean Loss: 7.515417399953623, Number of Steps: 122
Episode 280, Reward: 0.0, Mean Loss: 7.5219178825128274, Number of Steps: 122
Episode 281, Reward: 0.0, Mean Loss: 7.500718714760953, Number of Steps: 122
Episode 282, Reward: 0.0, Mean Loss: 7.502648162060097, Number of Steps: 122
Episode 283, Reward: 0.0, Mean Loss: 7.487312629574635, Number of Steps: 122
Episode 284, Reward: 0.0, Mean Loss: 7.487831565200305, Number of Steps: 122
Episode 285, Reward: 0.0, Mean Loss: 7.489032338877193, Number of Steps: 122
Episode 286, Reward: 0.0, Mean Loss: 7.515007960991781, Number of Steps: 122
Episode 287, Reward: 0.0, Mean Loss: 7.500390381109519, Number of Steps: 122
Episode 288, Reward: 0.0, Mean Loss: 7.4978685027263205, Number of Steps: 122
Episode 289, Reward: 0.0, Mean Loss: 7.517207470096525, Number of Steps: 122
Episode 290, Reward: 0.0, Mean Loss: 7.515871497451282, Number of Steps: 122
Episode 291, Reward: 0.0, Mean Loss: 7.5030130558326595, Number of Steps: 122
Episode 292, Reward: 0.0, Mean Loss: 7.514968786083284, Number of Steps: 122
Episode 293, Reward: 0.0, Mean Loss: 7.5088483661901755, Number of Steps: 122
Episode 294, Reward: 0.0, Mean Loss: 7.502250210183566, Number of Steps: 122
Episode 295, Reward: 0.0, Mean Loss: 7.501718849432273, Number of Steps: 122
Episode 296, Reward: 0.0, Mean Loss: 7.513791017845029, Number of Steps: 122
Episode 297, Reward: 0.0, Mean Loss: 7.500306309246626, Number of Steps: 122
Episode 298, Reward: 0.0, Mean Loss: 7.512547043503308, Number of Steps: 122
Episode 299, Reward: 0.0, Mean Loss: 7.516914219152732, Number of Steps: 122
Episode 300, Reward: 0.0, Mean Loss: 7.49773648527802, Number of Steps: 122
Episode 301, Reward: 0.0, Mean Loss: 7.50147382548598, Number of Steps: 122
Episode 302, Reward: 0.0, Mean Loss: 7.504461929446361, Number of Steps: 122
Episode 303, Reward: 0.0, Mean Loss: 7.514977146367558, Number of Steps: 122
Episode 304, Reward: 0.0, Mean Loss: 7.504822426154965, Number of Steps: 122
Episode 305, Reward: 0.0, Mean Loss: 7.502420781088657, Number of Steps: 122
Episode 306, Reward: 0.0, Mean Loss: 7.49248975222228, Number of Steps: 122
Episode 307, Reward: 0.0, Mean Loss: 7.482610682972142, Number of Steps: 122
Episode 308, Reward: 0.0, Mean Loss: 7.519980583034578, Number of Steps: 122
Episode 309, Reward: 0.0, Mean Loss: 7.490215692363802, Number of Steps: 122
Episode 310, Reward: 0.0, Mean Loss: 7.483234366432566, Number of Steps: 122
Episode 311, Reward: 0.0, Mean Loss: 7.4902481798265805, Number of Steps: 122
Episode 312, Reward: 0.0, Mean Loss: 7.485436994521344, Number of Steps: 122
Episode 313, Reward: 0.0, Mean Loss: 7.514350746498733, Number of Steps: 122
Episode 314, Reward: 0.0, Mean Loss: 7.517928655030297, Number of Steps: 122
Episode 315, Reward: 0.0, Mean Loss: 7.515787191078311, Number of Steps: 122
Episode 316, Reward: 0.0, Mean Loss: 7.502003767451302, Number of Steps: 122
Episode 317, Reward: 0.0, Mean Loss: 7.520368587775309, Number of Steps: 122
Episode 318, Reward: 0.0, Mean Loss: 7.498737268760556, Number of Steps: 122
Episode 319, Reward: 0.0, Mean Loss: 7.48559745022508, Number of Steps: 122
Episode 320, Reward: 0.0, Mean Loss: 7.517821929493889, Number of Steps: 122
Episode 321, Reward: 0.0, Mean Loss: 7.504388590328029, Number of Steps: 122
Episode 322, Reward: 0.0, Mean Loss: 7.520592697331162, Number of Steps: 122
Episode 323, Reward: 0.0, Mean Loss: 7.517305335060495, Number of Steps: 122
Episode 324, Reward: 0.0, Mean Loss: 7.501159796949293, Number of Steps: 122
Episode 325, Reward: 0.0, Mean Loss: 7.491676955926613, Number of Steps: 122
Episode 326, Reward: 0.0, Mean Loss: 7.516040704289421, Number of Steps: 122
Episode 327, Reward: 0.0, Mean Loss: 7.50140613024352, Number of Steps: 122
Episode 328, Reward: 0.0, Mean Loss: 7.503173038607738, Number of Steps: 122
Episode 329, Reward: 0.0, Mean Loss: 7.516063834800095, Number of Steps: 122
Episode 330, Reward: 0.0, Mean Loss: 7.495363360545674, Number of Steps: 122
Episode 331, Reward: 0.0, Mean Loss: 7.500887184608273, Number of Steps: 123
Episode 332, Reward: 0.0, Mean Loss: 7.501050714586602, Number of Steps: 122
Episode 333, Reward: 0.0, Mean Loss: 7.514802006424451, Number of Steps: 122
Episode 334, Reward: 0.0, Mean Loss: 7.50013286168458, Number of Steps: 122
Episode 335, Reward: 0.0, Mean Loss: 7.515039944257892, Number of Steps: 122
Episode 336, Reward: 0.0, Mean Loss: 7.5043108580542395, Number of Steps: 122
Episode 337, Reward: 0.0, Mean Loss: 7.486623404455966, Number of Steps: 122
Episode 338, Reward: 0.0, Mean Loss: 7.461747544710754, Number of Steps: 122
Episode 339, Reward: 0.0, Mean Loss: 7.489525986499474, Number of Steps: 122
Episode 340, Reward: 0.0, Mean Loss: 7.519916776750908, Number of Steps: 122
Episode 341, Reward: 0.0, Mean Loss: 7.504836129360512, Number of Steps: 122
Episode 342, Reward: 0.0, Mean Loss: 7.513577523778697, Number of Steps: 122
Episode 343, Reward: 0.0, Mean Loss: 7.490513965731761, Number of Steps: 122
Episode 344, Reward: 0.0, Mean Loss: 7.486045251127149, Number of Steps: 122
Episode 345, Reward: 0.0, Mean Loss: 7.517098895839004, Number of Steps: 122
Episode 346, Reward: 0.0, Mean Loss: 7.497885516432465, Number of Steps: 122
Episode 347, Reward: 0.0, Mean Loss: 7.50050133173583, Number of Steps: 122
Episode 348, Reward: 0.0, Mean Loss: 7.519397313477563, Number of Steps: 122
Episode 349, Reward: 0.0, Mean Loss: 7.504090836790741, Number of Steps: 122
Episode 350, Reward: 0.0, Mean Loss: 7.5071814294721255, Number of Steps: 122
Episode 351, Reward: 0.0, Mean Loss: 7.501468240237627, Number of Steps: 122
Episode 352, Reward: 0.0, Mean Loss: 7.485038210134038, Number of Steps: 122
Episode 353, Reward: 0.0, Mean Loss: 7.484119567714754, Number of Steps: 122
Episode 354, Reward: 0.0, Mean Loss: 7.516519335449719, Number of Steps: 122
Episode 355, Reward: 0.0, Mean Loss: 7.51647216765607, Number of Steps: 122
Episode 356, Reward: 0.0, Mean Loss: 7.488653949049652, Number of Steps: 122
Episode 357, Reward: 0.0, Mean Loss: 7.457768663031156, Number of Steps: 122
Episode 358, Reward: 0.0, Mean Loss: 7.50190025861146, Number of Steps: 122
Episode 359, Reward: 0.0, Mean Loss: 7.499037168065056, Number of Steps: 122
Episode 360, Reward: 0.0, Mean Loss: 7.516060825254097, Number of Steps: 122
Episode 361, Reward: 0.0, Mean Loss: 7.484207766955016, Number of Steps: 122
Episode 362, Reward: 0.0, Mean Loss: 7.51852939949661, Number of Steps: 122
Episode 363, Reward: 0.0, Mean Loss: 7.5137547821295065, Number of Steps: 122
Episode 364, Reward: 0.0, Mean Loss: 7.519069968676958, Number of Steps: 122
Episode 365, Reward: 0.0, Mean Loss: 7.5134197063133366, Number of Steps: 122
Episode 366, Reward: 0.0, Mean Loss: 7.501191518345817, Number of Steps: 122
Episode 367, Reward: 0.0, Mean Loss: 7.512288914352167, Number of Steps: 122
Episode 368, Reward: 0.0, Mean Loss: 7.499648644672177, Number of Steps: 123
Episode 369, Reward: 0.0, Mean Loss: 7.518901989108226, Number of Steps: 122
Episode 370, Reward: 0.0, Mean Loss: 7.4863426099058055, Number of Steps: 122
Episode 371, Reward: 0.0, Mean Loss: 7.48442129619786, Number of Steps: 122
Episode 372, Reward: 0.0, Mean Loss: 7.498728032971992, Number of Steps: 122
Episode 373, Reward: 0.0, Mean Loss: 7.49877965645712, Number of Steps: 122
Episode 374, Reward: 0.0, Mean Loss: 7.505149165137869, Number of Steps: 122
Episode 375, Reward: 0.0, Mean Loss: 7.498722318743096, Number of Steps: 122
Episode 376, Reward: 0.0, Mean Loss: 7.515117223145531, Number of Steps: 122
Episode 377, Reward: 0.0, Mean Loss: 7.5113722574515425, Number of Steps: 122
Episode 378, Reward: 0.0, Mean Loss: 7.499843265189499, Number of Steps: 122
Episode 379, Reward: 0.0, Mean Loss: 7.494387704817975, Number of Steps: 122
Episode 380, Reward: 0.0, Mean Loss: 7.515191359598129, Number of Steps: 122
Episode 381, Reward: 0.0, Mean Loss: 7.513529652454814, Number of Steps: 122
Episode 382, Reward: 0.0, Mean Loss: 7.512791657056964, Number of Steps: 122
Episode 383, Reward: 0.0, Mean Loss: 7.504931696125718, Number of Steps: 122
Episode 384, Reward: 0.0, Mean Loss: 7.51667522602394, Number of Steps: 122
Episode 385, Reward: 0.0, Mean Loss: 7.499390633379827, Number of Steps: 122
Episode 386, Reward: 0.0, Mean Loss: 7.517556385915787, Number of Steps: 122
Episode 387, Reward: 0.0, Mean Loss: 7.487018252982468, Number of Steps: 122
Episode 388, Reward: 0.0, Mean Loss: 7.498030142705948, Number of Steps: 122
Episode 389, Reward: 0.0, Mean Loss: 7.500367434298406, Number of Steps: 122
Episode 390, Reward: 0.0, Mean Loss: 7.501858312575544, Number of Steps: 122
Episode 391, Reward: 0.0, Mean Loss: 7.497705103921109, Number of Steps: 122
Episode 392, Reward: 0.0, Mean Loss: 7.4888370662439065, Number of Steps: 122
Episode 393, Reward: 0.0, Mean Loss: 7.486274605891744, Number of Steps: 122
Episode 394, Reward: 0.0, Mean Loss: 7.4985073668057804, Number of Steps: 122
Episode 395, Reward: 0.0, Mean Loss: 7.517251659612187, Number of Steps: 122
Episode 396, Reward: 0.0, Mean Loss: 7.489339308660538, Number of Steps: 122
Episode 397, Reward: 0.0, Mean Loss: 7.516587112770706, Number of Steps: 122
Episode 398, Reward: 0.0, Mean Loss: 7.487223675993622, Number of Steps: 122
Episode 399, Reward: 0.0, Mean Loss: 7.503169020668405, Number of Steps: 122
Episode 400, Reward: 0.0, Mean Loss: 7.4967888535046185, Number of Steps: 122
Episode 401, Reward: 0.0, Mean Loss: 7.516282718689715, Number of Steps: 122
Episode 402, Reward: 0.0, Mean Loss: 7.473956459858378, Number of Steps: 122
Episode 403, Reward: 0.0, Mean Loss: 7.500658832612585, Number of Steps: 122
Episode 404, Reward: 0.0, Mean Loss: 7.5143901950023215, Number of Steps: 122
Episode 405, Reward: 0.0, Mean Loss: 7.498951470265623, Number of Steps: 122
Episode 406, Reward: 0.0, Mean Loss: 7.4841859379752735, Number of Steps: 122
Episode 407, Reward: 0.0, Mean Loss: 7.5033058533903025, Number of Steps: 122
Episode 408, Reward: 0.0, Mean Loss: 7.488060036643606, Number of Steps: 122
Episode 409, Reward: 0.0, Mean Loss: 7.515759284379052, Number of Steps: 122
Episode 410, Reward: 0.0, Mean Loss: 7.513695056321191, Number of Steps: 122
Episode 411, Reward: 0.0, Mean Loss: 7.504253145124092, Number of Steps: 122
Episode 412, Reward: 0.0, Mean Loss: 7.498908347770816, Number of Steps: 122
Episode 413, Reward: 0.0, Mean Loss: 7.4848387202278515, Number of Steps: 122
Episode 414, Reward: 0.0, Mean Loss: 7.488529686067925, Number of Steps: 122
Episode 415, Reward: 0.0, Mean Loss: 7.5183885371098755, Number of Steps: 122
Episode 416, Reward: 0.0, Mean Loss: 7.500587205417821, Number of Steps: 122
Episode 417, Reward: 0.0, Mean Loss: 7.511274908409744, Number of Steps: 122
Episode 418, Reward: 0.0, Mean Loss: 7.499096233336652, Number of Steps: 122
Episode 419, Reward: 0.0, Mean Loss: 7.4899610652298225, Number of Steps: 122
Episode 420, Reward: 0.0, Mean Loss: 7.501748171009001, Number of Steps: 122
Episode 421, Reward: 0.0, Mean Loss: 7.513970664290131, Number of Steps: 122
Episode 422, Reward: 0.0, Mean Loss: 7.515544496598791, Number of Steps: 122
Episode 423, Reward: 0.0, Mean Loss: 7.517019588439191, Number of Steps: 122
Episode 424, Reward: 0.0, Mean Loss: 7.486651260344709, Number of Steps: 122
Episode 425, Reward: 0.0, Mean Loss: 7.515355880143212, Number of Steps: 122
Episode 426, Reward: 0.0, Mean Loss: 7.501263356599652, Number of Steps: 122
Episode 427, Reward: 0.0, Mean Loss: 7.485387696594488, Number of Steps: 122
Episode 428, Reward: 0.0, Mean Loss: 7.512933500477525, Number of Steps: 122
Episode 429, Reward: 0.0, Mean Loss: 7.516013704362463, Number of Steps: 122
Episode 430, Reward: 0.0, Mean Loss: 7.486979316492549, Number of Steps: 122
Episode 431, Reward: 0.0, Mean Loss: 7.475006279398183, Number of Steps: 122
Episode 432, Reward: 0.0, Mean Loss: 7.485035681333698, Number of Steps: 122
Episode 433, Reward: 0.0, Mean Loss: 7.487044623640717, Number of Steps: 122
Episode 434, Reward: 0.0, Mean Loss: 7.475788464311694, Number of Steps: 122
Episode 435, Reward: 0.0, Mean Loss: 7.51277835251855, Number of Steps: 122
Episode 436, Reward: 0.0, Mean Loss: 7.51349190414929, Number of Steps: 122
Episode 437, Reward: 0.0, Mean Loss: 7.487901640720055, Number of Steps: 122
Episode 438, Reward: 0.0, Mean Loss: 7.499673534612187, Number of Steps: 122
Episode 439, Reward: 0.0, Mean Loss: 7.484257936477661, Number of Steps: 122
Episode 440, Reward: 0.0, Mean Loss: 7.499686823516596, Number of Steps: 122
Episode 441, Reward: 0.0, Mean Loss: 7.516103588166784, Number of Steps: 122
Episode 442, Reward: 0.0, Mean Loss: 7.50149082355812, Number of Steps: 122
Episode 443, Reward: 0.0, Mean Loss: 7.475816269389918, Number of Steps: 122
Episode 444, Reward: 0.0, Mean Loss: 7.499004582889745, Number of Steps: 122
Episode 445, Reward: 0.0, Mean Loss: 7.502883125524052, Number of Steps: 122
Episode 446, Reward: 0.0, Mean Loss: 7.501968817632706, Number of Steps: 122
Episode 447, Reward: 0.0, Mean Loss: 7.484354632799743, Number of Steps: 122
Episode 448, Reward: 0.0, Mean Loss: 7.517109960806175, Number of Steps: 122
Episode 449, Reward: 0.0, Mean Loss: 7.517489190961494, Number of Steps: 122
Episode 450, Reward: 0.0, Mean Loss: 7.500546619540355, Number of Steps: 122
Episode 451, Reward: 0.0, Mean Loss: 7.5190288629688204, Number of Steps: 122
Episode 452, Reward: 0.0, Mean Loss: 7.51111891621449, Number of Steps: 122
Episode 453, Reward: 0.0, Mean Loss: 7.517553274748756, Number of Steps: 122
Episode 454, Reward: 0.0, Mean Loss: 7.500731327494637, Number of Steps: 122
Episode 455, Reward: 0.0, Mean Loss: 7.497416156237243, Number of Steps: 122
Episode 456, Reward: 0.0, Mean Loss: 7.471000764428116, Number of Steps: 123
Episode 457, Reward: 0.0, Mean Loss: 7.50300389430562, Number of Steps: 122
Episode 458, Reward: 0.0, Mean Loss: 7.515679531410092, Number of Steps: 122
Episode 459, Reward: 0.0, Mean Loss: 7.517414143828095, Number of Steps: 122
Episode 460, Reward: 0.0, Mean Loss: 7.501377273778447, Number of Steps: 122
Episode 461, Reward: 0.0, Mean Loss: 7.51881537671949, Number of Steps: 122
Episode 462, Reward: 0.0, Mean Loss: 7.50239363263865, Number of Steps: 122
Episode 463, Reward: 0.0, Mean Loss: 7.470860664961768, Number of Steps: 122
Episode 464, Reward: 0.0, Mean Loss: 7.489210546993818, Number of Steps: 122
Episode 465, Reward: 0.0, Mean Loss: 7.487152510002011, Number of Steps: 122
Episode 466, Reward: 0.0, Mean Loss: 7.501650724254671, Number of Steps: 122
Episode 467, Reward: 0.0, Mean Loss: 7.500104169376561, Number of Steps: 122
Episode 468, Reward: 0.0, Mean Loss: 7.510713639806529, Number of Steps: 122
Episode 469, Reward: 0.0, Mean Loss: 7.517195490540051, Number of Steps: 122
Episode 470, Reward: 0.0, Mean Loss: 7.500952966877671, Number of Steps: 122
Episode 471, Reward: 0.0, Mean Loss: 7.515315614762853, Number of Steps: 122
Episode 472, Reward: 0.0, Mean Loss: 7.500993029015963, Number of Steps: 122
Episode 473, Reward: 0.0, Mean Loss: 7.501393310359267, Number of Steps: 122
Episode 474, Reward: 0.0, Mean Loss: 7.513129922210193, Number of Steps: 122
Episode 475, Reward: 0.0, Mean Loss: 7.456095226475449, Number of Steps: 122
Episode 476, Reward: 0.0, Mean Loss: 7.500720035834391, Number of Steps: 122
Episode 477, Reward: 0.0, Mean Loss: 7.48849603387176, Number of Steps: 122
Episode 478, Reward: 0.0, Mean Loss: 7.517421667693092, Number of Steps: 122
Episode 479, Reward: 0.0, Mean Loss: 7.4733661901755415, Number of Steps: 122
Episode 480, Reward: 0.0, Mean Loss: 7.501050691135594, Number of Steps: 122
Episode 481, Reward: 0.0, Mean Loss: 7.51434404732751, Number of Steps: 122
Episode 482, Reward: 0.0, Mean Loss: 7.505352563545352, Number of Steps: 122
Episode 483, Reward: 0.0, Mean Loss: 7.515171828817149, Number of Steps: 122
Episode 484, Reward: 0.0, Mean Loss: 7.511578407443937, Number of Steps: 122
Episode 485, Reward: 0.0, Mean Loss: 7.519038681124077, Number of Steps: 122
Episode 486, Reward: 0.0, Mean Loss: 7.515677471629909, Number of Steps: 122
Episode 487, Reward: 0.0, Mean Loss: 7.515143781411843, Number of Steps: 122
Episode 488, Reward: 0.0, Mean Loss: 7.488640288837621, Number of Steps: 122
Episode 489, Reward: 0.0, Mean Loss: 7.490085934029251, Number of Steps: 122
Episode 490, Reward: 0.0, Mean Loss: 7.516102919813062, Number of Steps: 122
Episode 491, Reward: 0.0, Mean Loss: 7.486323204196867, Number of Steps: 122
Episode 492, Reward: 0.0, Mean Loss: 7.504025557002083, Number of Steps: 122
Episode 493, Reward: 0.0, Mean Loss: 7.486565468741245, Number of Steps: 122
Episode 494, Reward: 0.0, Mean Loss: 7.512272060894575, Number of Steps: 122
Episode 495, Reward: 0.0, Mean Loss: 7.499000510231394, Number of Steps: 122
Episode 496, Reward: 0.0, Mean Loss: 7.488293190471461, Number of Steps: 122
Episode 497, Reward: 0.0, Mean Loss: 7.518964521220473, Number of Steps: 122
Episode 498, Reward: 0.0, Mean Loss: 7.459348944366956, Number of Steps: 122
Episode 499, Reward: 0.0, Mean Loss: 7.503880668859013, Number of Steps: 122
Episode 500, Reward: 0.0, Mean Loss: 7.484836523650123, Number of Steps: 122
Episode 501, Reward: 0.0, Mean Loss: 7.504532622509315, Number of Steps: 122
Episode 502, Reward: 0.0, Mean Loss: 7.512596697103782, Number of Steps: 122
Episode 503, Reward: 0.0, Mean Loss: 7.504288853191938, Number of Steps: 122
Episode 504, Reward: 0.0, Mean Loss: 7.500341411496772, Number of Steps: 122
Episode 505, Reward: 0.0, Mean Loss: 7.5046299324661, Number of Steps: 122
Episode 506, Reward: 0.0, Mean Loss: 7.516565698092101, Number of Steps: 122
Episode 507, Reward: 0.0, Mean Loss: 7.502125239763104, Number of Steps: 122
Episode 508, Reward: 0.0, Mean Loss: 7.499583588271845, Number of Steps: 122
Episode 509, Reward: 0.0, Mean Loss: 7.486859313777236, Number of Steps: 122
Episode 510, Reward: 0.0, Mean Loss: 7.485133870703275, Number of Steps: 122
Episode 511, Reward: 0.0, Mean Loss: 7.515735634037705, Number of Steps: 122
Episode 512, Reward: 0.0, Mean Loss: 7.501897444490527, Number of Steps: 122
Episode 513, Reward: 0.0, Mean Loss: 7.45827880843741, Number of Steps: 122
Episode 514, Reward: 0.0, Mean Loss: 7.516832582286147, Number of Steps: 122
Episode 515, Reward: 0.0, Mean Loss: 7.490968227386475, Number of Steps: 122
Episode 516, Reward: 0.0, Mean Loss: 7.512801486937726, Number of Steps: 122
Episode 517, Reward: 0.0, Mean Loss: 7.511868383063645, Number of Steps: 122
Episode 518, Reward: 0.0, Mean Loss: 7.4841472750804465, Number of Steps: 122
Episode 519, Reward: 0.0, Mean Loss: 7.489487671461261, Number of Steps: 122
Episode 520, Reward: 0.0, Mean Loss: 7.500731061716548, Number of Steps: 122
Episode 521, Reward: 0.0, Mean Loss: 7.4880530560602905, Number of Steps: 122
Episode 522, Reward: 0.0, Mean Loss: 7.507568468813036, Number of Steps: 122
Episode 523, Reward: 0.0, Mean Loss: 7.516077350397579, Number of Steps: 122
Episode 524, Reward: 0.0, Mean Loss: 7.489040398206867, Number of Steps: 122
Episode 525, Reward: 0.0, Mean Loss: 7.513428582519781, Number of Steps: 122
Episode 526, Reward: 0.0, Mean Loss: 7.472858362510556, Number of Steps: 122
Episode 527, Reward: 0.0, Mean Loss: 7.475106082978796, Number of Steps: 122
Episode 528, Reward: 0.0, Mean Loss: 7.505288006829434, Number of Steps: 122
Episode 529, Reward: 0.0, Mean Loss: 7.49677436078181, Number of Steps: 122
Episode 530, Reward: 0.0, Mean Loss: 7.474015103011835, Number of Steps: 122
Episode 531, Reward: 0.0, Mean Loss: 7.503729433309837, Number of Steps: 122
Episode 532, Reward: 0.0, Mean Loss: 7.487268764464582, Number of Steps: 122
Episode 533, Reward: 0.0, Mean Loss: 7.495938762289579, Number of Steps: 122
Episode 534, Reward: 0.0, Mean Loss: 7.501825625779198, Number of Steps: 122
Episode 535, Reward: 0.0, Mean Loss: 7.460138500713911, Number of Steps: 122
Episode 536, Reward: 0.0, Mean Loss: 7.472513597519671, Number of Steps: 122
Episode 537, Reward: 0.0, Mean Loss: 7.487037787671949, Number of Steps: 122
Episode 538, Reward: 0.0, Mean Loss: 7.517404532823407, Number of Steps: 122
Episode 539, Reward: 0.0, Mean Loss: 7.51465714954939, Number of Steps: 122
Episode 540, Reward: 0.0, Mean Loss: 7.51286033333325, Number of Steps: 122
Episode 541, Reward: 0.0, Mean Loss: 7.504437380149716, Number of Steps: 122
Episode 542, Reward: 0.0, Mean Loss: 7.523492637227793, Number of Steps: 122
Episode 543, Reward: 0.0, Mean Loss: 7.502684237527066, Number of Steps: 122
Episode 544, Reward: 0.0, Mean Loss: 7.481829056974317, Number of Steps: 122
Episode 545, Reward: 0.0, Mean Loss: 7.514486946043421, Number of Steps: 122
Episode 546, Reward: 0.0, Mean Loss: 7.504933595657349, Number of Steps: 122
Episode 547, Reward: 0.0, Mean Loss: 7.5126034119090095, Number of Steps: 122
Episode 548, Reward: 0.0, Mean Loss: 7.503975739244555, Number of Steps: 122
Episode 549, Reward: 0.0, Mean Loss: 7.51389482763947, Number of Steps: 122
Episode 550, Reward: 0.0, Mean Loss: 7.492533156129181, Number of Steps: 122
Episode 551, Reward: 0.0, Mean Loss: 7.51327076114592, Number of Steps: 122
Episode 552, Reward: 0.0, Mean Loss: 7.501313307246224, Number of Steps: 122
Episode 553, Reward: 0.0, Mean Loss: 7.501314225744029, Number of Steps: 122
Episode 554, Reward: 0.0, Mean Loss: 7.513233560030578, Number of Steps: 122
Episode 555, Reward: 0.0, Mean Loss: 7.501781494891057, Number of Steps: 122
Episode 556, Reward: 0.0, Mean Loss: 7.4824041577636216, Number of Steps: 122
Episode 557, Reward: 0.0, Mean Loss: 7.513374434142817, Number of Steps: 122
Episode 558, Reward: 0.0, Mean Loss: 7.5168418141662094, Number of Steps: 122
Episode 559, Reward: 0.0, Mean Loss: 7.502533513991559, Number of Steps: 122
Episode 560, Reward: 0.0, Mean Loss: 7.515164519919724, Number of Steps: 122
Episode 561, Reward: 0.0, Mean Loss: 7.489428414673101, Number of Steps: 122
Episode 562, Reward: 0.0, Mean Loss: 7.456645543458031, Number of Steps: 122
Episode 563, Reward: 0.0, Mean Loss: 7.5026029602426, Number of Steps: 122
Episode 564, Reward: 0.0, Mean Loss: 7.515633618245359, Number of Steps: 122
Episode 565, Reward: 0.0, Mean Loss: 7.500807707426978, Number of Steps: 122
Episode 566, Reward: 0.0, Mean Loss: 7.516229140953939, Number of Steps: 122
Episode 567, Reward: 0.0, Mean Loss: 7.483033254498341, Number of Steps: 122
Episode 568, Reward: 0.0, Mean Loss: 7.487229175254947, Number of Steps: 122
Episode 569, Reward: 0.0, Mean Loss: 7.517872407788136, Number of Steps: 122
Episode 570, Reward: 0.0, Mean Loss: 7.487912439909137, Number of Steps: 122
Episode 571, Reward: 0.0, Mean Loss: 7.484075741689713, Number of Steps: 122
Episode 572, Reward: 0.0, Mean Loss: 7.472349061340582, Number of Steps: 122
Episode 573, Reward: 0.0, Mean Loss: 7.488300518911393, Number of Steps: 122
Episode 574, Reward: 0.0, Mean Loss: 7.505337058520708, Number of Steps: 122
Episode 575, Reward: 0.0, Mean Loss: 7.475668168458783, Number of Steps: 122
Episode 576, Reward: 0.0, Mean Loss: 7.499070609202151, Number of Steps: 122
Episode 577, Reward: 0.0, Mean Loss: 7.50292803029545, Number of Steps: 122
Episode 578, Reward: 0.0, Mean Loss: 7.5152795822893985, Number of Steps: 122
Episode 579, Reward: 0.0, Mean Loss: 7.519257264059098, Number of Steps: 122
Episode 580, Reward: 0.0, Mean Loss: 7.4974655562300025, Number of Steps: 123
Episode 581, Reward: 0.0, Mean Loss: 7.498621960155299, Number of Steps: 122
Episode 582, Reward: 0.0, Mean Loss: 7.474621471811513, Number of Steps: 122
Episode 583, Reward: 0.0, Mean Loss: 7.501861060251955, Number of Steps: 122
Episode 584, Reward: 0.0, Mean Loss: 7.486644533813977, Number of Steps: 122
Episode 585, Reward: 0.0, Mean Loss: 7.458842156363315, Number of Steps: 122
Episode 586, Reward: 0.0, Mean Loss: 7.498812835724627, Number of Steps: 122
Episode 587, Reward: 0.0, Mean Loss: 7.486226011495122, Number of Steps: 122
Episode 588, Reward: 0.0, Mean Loss: 7.500217527639671, Number of Steps: 122
Episode 589, Reward: 0.0, Mean Loss: 7.473630912968369, Number of Steps: 122
Episode 590, Reward: 0.0, Mean Loss: 7.521246620866119, Number of Steps: 122
Episode 591, Reward: 0.0, Mean Loss: 7.512966152097358, Number of Steps: 122
Episode 592, Reward: 0.0, Mean Loss: 7.51468568942586, Number of Steps: 122
Episode 593, Reward: 0.0, Mean Loss: 7.512036769116511, Number of Steps: 122
Episode 594, Reward: 0.0, Mean Loss: 7.466053087203229, Number of Steps: 122
Episode 595, Reward: 0.0, Mean Loss: 7.498132303112843, Number of Steps: 122
Episode 596, Reward: 0.0, Mean Loss: 7.486301809060769, Number of Steps: 122
Episode 597, Reward: 0.0, Mean Loss: 7.5129874651549295, Number of Steps: 122
Episode 598, Reward: 0.0, Mean Loss: 7.500109907056465, Number of Steps: 122
Episode 599, Reward: 0.0, Mean Loss: 7.514517377634517, Number of Steps: 122
Episode 600, Reward: 0.0, Mean Loss: 7.515754379209925, Number of Steps: 122
Episode 601, Reward: 0.0, Mean Loss: 7.470923173623007, Number of Steps: 122
Episode 602, Reward: 0.0, Mean Loss: 7.497850468901337, Number of Steps: 122
Episode 603, Reward: 0.0, Mean Loss: 7.485511001993398, Number of Steps: 122
Episode 604, Reward: 0.0, Mean Loss: 7.475868666758303, Number of Steps: 122
Episode 605, Reward: 0.0, Mean Loss: 7.473210041640235, Number of Steps: 122
Episode 606, Reward: 0.0, Mean Loss: 7.5023234476808645, Number of Steps: 122
Episode 607, Reward: 0.0, Mean Loss: 7.503774478787282, Number of Steps: 122
Episode 608, Reward: 0.0, Mean Loss: 7.512161372137851, Number of Steps: 122
Episode 609, Reward: 0.0, Mean Loss: 7.497613617631256, Number of Steps: 122
Episode 610, Reward: 0.0, Mean Loss: 7.519234809719149, Number of Steps: 122
Episode 611, Reward: 0.0, Mean Loss: 7.498651484974095, Number of Steps: 122
Episode 612, Reward: 0.0, Mean Loss: 7.518096052232336, Number of Steps: 122
Episode 613, Reward: 0.0, Mean Loss: 7.516269500138329, Number of Steps: 122
Episode 614, Reward: 0.0, Mean Loss: 7.4995839400369615, Number of Steps: 122
Episode 615, Reward: 0.0, Mean Loss: 7.502287712253508, Number of Steps: 122
Episode 616, Reward: 0.0, Mean Loss: 7.510875647185279, Number of Steps: 122
Episode 617, Reward: 0.0, Mean Loss: 7.514225013920518, Number of Steps: 122
Episode 618, Reward: 0.0, Mean Loss: 7.517555385339455, Number of Steps: 122
Episode 619, Reward: 0.0, Mean Loss: 7.51408688357619, Number of Steps: 122
Episode 620, Reward: 0.0, Mean Loss: 7.515504250760938, Number of Steps: 122
Episode 621, Reward: 0.0, Mean Loss: 7.501553226689824, Number of Steps: 122
Episode 622, Reward: 0.0, Mean Loss: 7.47593475560673, Number of Steps: 122
Episode 623, Reward: 0.0, Mean Loss: 7.516219576851267, Number of Steps: 122
Episode 624, Reward: 0.0, Mean Loss: 7.5188558297079116, Number of Steps: 122
Episode 625, Reward: 0.0, Mean Loss: 7.49158962828214, Number of Steps: 122
Episode 626, Reward: 0.0, Mean Loss: 7.499579218567395, Number of Steps: 122
Episode 627, Reward: 0.0, Mean Loss: 7.505583618508011, Number of Steps: 122
Episode 628, Reward: 0.0, Mean Loss: 7.514669191641886, Number of Steps: 122
Episode 629, Reward: 0.0, Mean Loss: 7.521687570165415, Number of Steps: 122
Episode 630, Reward: 0.0, Mean Loss: 7.516152890002141, Number of Steps: 122
Episode 631, Reward: 0.0, Mean Loss: 7.5175696279181805, Number of Steps: 122
Episode 632, Reward: 0.0, Mean Loss: 7.489368712315794, Number of Steps: 122
Episode 633, Reward: 0.0, Mean Loss: 7.512501298404131, Number of Steps: 122
Episode 634, Reward: 0.0, Mean Loss: 7.512744809760422, Number of Steps: 122
Episode 635, Reward: 0.0, Mean Loss: 7.5007000243077515, Number of Steps: 122
Episode 636, Reward: 0.0, Mean Loss: 7.512749544004115, Number of Steps: 123
Episode 637, Reward: 0.0, Mean Loss: 7.500281552799413, Number of Steps: 122
Episode 638, Reward: 0.0, Mean Loss: 7.481420505242269, Number of Steps: 122
Episode 639, Reward: 0.0, Mean Loss: 7.500921479991225, Number of Steps: 122
Episode 640, Reward: 0.0, Mean Loss: 7.517907189541176, Number of Steps: 122
Episode 641, Reward: 0.0, Mean Loss: 7.498994436420378, Number of Steps: 122
Episode 642, Reward: 0.0, Mean Loss: 7.516533601479452, Number of Steps: 122
Episode 643, Reward: 0.0, Mean Loss: 7.487429657920462, Number of Steps: 122
Episode 644, Reward: 0.0, Mean Loss: 7.502539880940171, Number of Steps: 122
Episode 645, Reward: 0.0, Mean Loss: 7.516647358409694, Number of Steps: 122
Episode 646, Reward: 0.0, Mean Loss: 7.500952521308523, Number of Steps: 122
Episode 647, Reward: 0.0, Mean Loss: 7.497018536583322, Number of Steps: 122
Episode 648, Reward: 0.0, Mean Loss: 7.48389449666758, Number of Steps: 122
Episode 649, Reward: 0.0, Mean Loss: 7.486738126786029, Number of Steps: 122
Episode 650, Reward: 0.0, Mean Loss: 7.473606152612655, Number of Steps: 122
Episode 651, Reward: 0.0, Mean Loss: 7.484049058351361, Number of Steps: 122
Episode 652, Reward: 0.0, Mean Loss: 7.482225257842267, Number of Steps: 122
Episode 653, Reward: 0.0, Mean Loss: 7.519045966570495, Number of Steps: 122
Episode 654, Reward: 0.0, Mean Loss: 7.489299230888242, Number of Steps: 122
Episode 655, Reward: 0.0, Mean Loss: 7.499930608467977, Number of Steps: 122
Episode 656, Reward: 0.0, Mean Loss: 7.501369366880323, Number of Steps: 122
Episode 657, Reward: 0.0, Mean Loss: 7.485114351647799, Number of Steps: 122
Episode 658, Reward: 0.0, Mean Loss: 7.502953091288001, Number of Steps: 123
Episode 659, Reward: 0.0, Mean Loss: 7.50111325060735, Number of Steps: 122
Episode 660, Reward: 0.0, Mean Loss: 7.5147439847227, Number of Steps: 122
Episode 661, Reward: 0.0, Mean Loss: 7.500442868373433, Number of Steps: 122
Episode 662, Reward: 0.0, Mean Loss: 7.519348042910217, Number of Steps: 122
Episode 663, Reward: 0.0, Mean Loss: 7.51602077874981, Number of Steps: 122
Episode 664, Reward: 0.0, Mean Loss: 7.482132630270035, Number of Steps: 122
Episode 665, Reward: 0.0, Mean Loss: 7.499621336577369, Number of Steps: 122
Episode 666, Reward: 0.0, Mean Loss: 7.468784875557071, Number of Steps: 122
Episode 667, Reward: 0.0, Mean Loss: 7.498614717702397, Number of Steps: 122
Episode 668, Reward: 0.0, Mean Loss: 7.518538545389644, Number of Steps: 122
Episode 669, Reward: 0.0, Mean Loss: 7.513620943319602, Number of Steps: 122
Episode 670, Reward: 0.0, Mean Loss: 7.482053768439371, Number of Steps: 122
Episode 671, Reward: 0.0, Mean Loss: 7.502191758546673, Number of Steps: 122
Episode 672, Reward: 0.0, Mean Loss: 7.5001980593947115, Number of Steps: 122
Episode 673, Reward: 0.0, Mean Loss: 7.469756611057969, Number of Steps: 122
Episode 674, Reward: 0.0, Mean Loss: 7.49701141529396, Number of Steps: 122
Episode 675, Reward: 0.0, Mean Loss: 7.4988221535917186, Number of Steps: 122
Episode 676, Reward: 0.0, Mean Loss: 7.512712939840848, Number of Steps: 122
Episode 677, Reward: 0.0, Mean Loss: 7.505864686653262, Number of Steps: 122
Episode 678, Reward: 0.0, Mean Loss: 7.500826667566768, Number of Steps: 122
Episode 679, Reward: 0.0, Mean Loss: 7.486396285354114, Number of Steps: 122
Episode 680, Reward: 0.0, Mean Loss: 7.456517700289116, Number of Steps: 122
Episode 681, Reward: 0.0, Mean Loss: 7.503921477521052, Number of Steps: 122
Episode 682, Reward: 0.0, Mean Loss: 7.500475285483188, Number of Steps: 122
Episode 683, Reward: 0.0, Mean Loss: 7.485029333927592, Number of Steps: 122
Episode 684, Reward: 0.0, Mean Loss: 7.513974717405976, Number of Steps: 122
Episode 685, Reward: 0.0, Mean Loss: 7.51753921196109, Number of Steps: 122
Episode 686, Reward: 0.0, Mean Loss: 7.50948830119899, Number of Steps: 122
Episode 687, Reward: 0.0, Mean Loss: 7.505534160332601, Number of Steps: 122
Episode 688, Reward: 0.0, Mean Loss: 7.517010106415045, Number of Steps: 122
Episode 689, Reward: 0.0, Mean Loss: 7.514863072848711, Number of Steps: 122
Episode 690, Reward: 0.0, Mean Loss: 7.51946466868041, Number of Steps: 122
Episode 691, Reward: 0.0, Mean Loss: 7.500290772953972, Number of Steps: 122
Episode 692, Reward: 0.0, Mean Loss: 7.51604766533023, Number of Steps: 122
Episode 693, Reward: 0.0, Mean Loss: 7.500816376482854, Number of Steps: 122
Episode 694, Reward: 0.0, Mean Loss: 7.504499216548732, Number of Steps: 122
Episode 695, Reward: 0.0, Mean Loss: 7.501722292821915, Number of Steps: 122
Episode 696, Reward: 0.0, Mean Loss: 7.517836887328351, Number of Steps: 122
Episode 697, Reward: 0.0, Mean Loss: 7.516169481590146, Number of Steps: 122
Episode 698, Reward: 0.0, Mean Loss: 7.467015715896106, Number of Steps: 122
Episode 699, Reward: 0.0, Mean Loss: 7.517655747835754, Number of Steps: 122
Episode 700, Reward: 0.0, Mean Loss: 7.489888445275729, Number of Steps: 122
Episode 701, Reward: 0.0, Mean Loss: 7.499059864732086, Number of Steps: 122
Episode 702, Reward: 0.0, Mean Loss: 7.469066686317569, Number of Steps: 122
Episode 703, Reward: 0.0, Mean Loss: 7.4884503317660975, Number of Steps: 122
Episode 704, Reward: 0.0, Mean Loss: 7.502188276072017, Number of Steps: 122
Episode 705, Reward: 0.0, Mean Loss: 7.46952805362764, Number of Steps: 122
Episode 706, Reward: 0.0, Mean Loss: 7.5154656894871446, Number of Steps: 122
Episode 707, Reward: 0.0, Mean Loss: 7.513878368940509, Number of Steps: 122
Episode 708, Reward: 0.0, Mean Loss: 7.502530797583158, Number of Steps: 122
Episode 709, Reward: 0.0, Mean Loss: 7.500670991960119, Number of Steps: 122
Episode 710, Reward: 0.0, Mean Loss: 7.483267920916198, Number of Steps: 122
Episode 711, Reward: 0.0, Mean Loss: 7.484455190721105, Number of Steps: 122
Episode 712, Reward: 0.0, Mean Loss: 7.50159435975747, Number of Steps: 122
Episode 713, Reward: 0.0, Mean Loss: 7.516809377513948, Number of Steps: 122
Episode 714, Reward: 0.0, Mean Loss: 7.4548574940103, Number of Steps: 122
Episode 715, Reward: 0.0, Mean Loss: 7.498979142454804, Number of Steps: 122
Episode 716, Reward: 0.0, Mean Loss: 7.5047550904946245, Number of Steps: 122
Episode 717, Reward: 0.0, Mean Loss: 7.514605717580826, Number of Steps: 122
Episode 718, Reward: 0.0, Mean Loss: 7.4907279991712725, Number of Steps: 122
Episode 719, Reward: 0.0, Mean Loss: 7.503026121030978, Number of Steps: 123
Episode 720, Reward: 0.0, Mean Loss: 7.518872882499069, Number of Steps: 122
Episode 721, Reward: 0.0, Mean Loss: 7.515345620327309, Number of Steps: 122
Episode 722, Reward: 0.0, Mean Loss: 7.504670178303953, Number of Steps: 122
Episode 723, Reward: 0.0, Mean Loss: 7.518589735031128, Number of Steps: 122
Episode 724, Reward: 0.0, Mean Loss: 7.515941193846405, Number of Steps: 122
Episode 725, Reward: 0.0, Mean Loss: 7.512888427640571, Number of Steps: 122
Episode 726, Reward: 0.0, Mean Loss: 7.514159366732738, Number of Steps: 122
Episode 727, Reward: 0.0, Mean Loss: 7.499222814059649, Number of Steps: 122
Episode 728, Reward: 0.0, Mean Loss: 7.515664346882554, Number of Steps: 122
Episode 729, Reward: 0.0, Mean Loss: 7.50445966642411, Number of Steps: 122
Episode 730, Reward: 0.0, Mean Loss: 7.471190300144133, Number of Steps: 122
Episode 731, Reward: 0.0, Mean Loss: 7.499992515220017, Number of Steps: 122
Episode 732, Reward: 0.0, Mean Loss: 7.489540447954272, Number of Steps: 122
Episode 733, Reward: 0.0, Mean Loss: 7.516271184702388, Number of Steps: 122
Episode 734, Reward: 0.0, Mean Loss: 7.5189246232392355, Number of Steps: 122
Episode 735, Reward: 0.0, Mean Loss: 7.506366561670772, Number of Steps: 122
Episode 736, Reward: 0.0, Mean Loss: 7.486031379856047, Number of Steps: 122
Episode 737, Reward: 0.0, Mean Loss: 7.51821813427034, Number of Steps: 122
Episode 738, Reward: 0.0, Mean Loss: 7.514334928793986, Number of Steps: 122
Episode 739, Reward: 0.0, Mean Loss: 7.517993016321151, Number of Steps: 122
Episode 740, Reward: 0.0, Mean Loss: 7.490698165580874, Number of Steps: 122
Episode 741, Reward: 0.0, Mean Loss: 7.502765432733004, Number of Steps: 122
Episode 742, Reward: 0.0, Mean Loss: 7.4885677040600385, Number of Steps: 122
Episode 743, Reward: 0.0, Mean Loss: 7.49762433083331, Number of Steps: 122
Episode 744, Reward: 0.0, Mean Loss: 7.514076092204109, Number of Steps: 122
Episode 745, Reward: 0.0, Mean Loss: 7.498804018145702, Number of Steps: 122
Episode 746, Reward: 0.0, Mean Loss: 7.482789790044065, Number of Steps: 122
Episode 747, Reward: 0.0, Mean Loss: 7.502458087733535, Number of Steps: 122
Episode 748, Reward: 0.0, Mean Loss: 7.487787864247307, Number of Steps: 122
Episode 749, Reward: 0.0, Mean Loss: 7.516271032270838, Number of Steps: 122
Episode 750, Reward: 0.0, Mean Loss: 7.503556001381796, Number of Steps: 122
Episode 751, Reward: 0.0, Mean Loss: 7.482478321575727, Number of Steps: 122
Episode 752, Reward: 0.0, Mean Loss: 7.47053505944424, Number of Steps: 122
Episode 753, Reward: 0.0, Mean Loss: 7.500797236552004, Number of Steps: 122
Episode 754, Reward: 0.0, Mean Loss: 7.518441813891052, Number of Steps: 122
Episode 755, Reward: 0.0, Mean Loss: 7.517455562216337, Number of Steps: 122
Episode 756, Reward: 0.0, Mean Loss: 7.4860756436332325, Number of Steps: 122
Episode 757, Reward: 0.0, Mean Loss: 7.513328462350564, Number of Steps: 122
Episode 758, Reward: 0.0, Mean Loss: 7.500791963983755, Number of Steps: 122
Episode 759, Reward: 0.0, Mean Loss: 7.5003756304256255, Number of Steps: 122
Episode 760, Reward: 0.0, Mean Loss: 7.51301869408029, Number of Steps: 122
Episode 761, Reward: 0.0, Mean Loss: 7.503048822528026, Number of Steps: 122
Episode 762, Reward: 0.0, Mean Loss: 7.515386366453327, Number of Steps: 122
Episode 763, Reward: 0.0, Mean Loss: 7.499932488457102, Number of Steps: 122
Episode 764, Reward: 0.0, Mean Loss: 7.473006037415051, Number of Steps: 122
Episode 765, Reward: 0.0, Mean Loss: 7.520945201154615, Number of Steps: 122
Episode 766, Reward: 0.0, Mean Loss: 7.502410364932701, Number of Steps: 122
Episode 767, Reward: 0.0, Mean Loss: 7.48985245970429, Number of Steps: 122
Episode 768, Reward: 0.0, Mean Loss: 7.5139311180740105, Number of Steps: 122
Episode 769, Reward: 0.0, Mean Loss: 7.487673438963343, Number of Steps: 122
Episode 770, Reward: 0.0, Mean Loss: 7.5033463650062435, Number of Steps: 122
Episode 771, Reward: 0.0, Mean Loss: 7.516935481399786, Number of Steps: 122
Episode 772, Reward: 0.0, Mean Loss: 7.49972761654463, Number of Steps: 122
Episode 773, Reward: 0.0, Mean Loss: 7.490352235856603, Number of Steps: 122
Episode 774, Reward: 0.0, Mean Loss: 7.496836095559792, Number of Steps: 122
Episode 775, Reward: 0.0, Mean Loss: 7.514664309923766, Number of Steps: 122
Episode 776, Reward: 0.0, Mean Loss: 7.514503533722924, Number of Steps: 122
Episode 777, Reward: 0.0, Mean Loss: 7.489796853456341, Number of Steps: 122
Episode 778, Reward: 0.0, Mean Loss: 7.502087741601662, Number of Steps: 122
Episode 779, Reward: 0.0, Mean Loss: 7.47062472828099, Number of Steps: 122
Episode 780, Reward: 0.0, Mean Loss: 7.501699471082843, Number of Steps: 122
Episode 781, Reward: 0.0, Mean Loss: 7.487759508070399, Number of Steps: 122
Episode 782, Reward: 0.0, Mean Loss: 7.516673076348226, Number of Steps: 122
Episode 783, Reward: 0.0, Mean Loss: 7.489872651021988, Number of Steps: 122
Episode 784, Reward: 0.0, Mean Loss: 7.494946557967389, Number of Steps: 122
Episode 785, Reward: 0.0, Mean Loss: 7.51719539673602, Number of Steps: 122
Episode 786, Reward: 0.0, Mean Loss: 7.515577062231595, Number of Steps: 122
Episode 787, Reward: 0.0, Mean Loss: 7.516142403493162, Number of Steps: 122
Episode 788, Reward: 0.0, Mean Loss: 7.520195918005021, Number of Steps: 122
Episode 789, Reward: 0.0, Mean Loss: 7.516916544711004, Number of Steps: 122
Episode 790, Reward: 0.0, Mean Loss: 7.487337214047791, Number of Steps: 122
Episode 791, Reward: 0.0, Mean Loss: 7.499579308462924, Number of Steps: 122
Episode 792, Reward: 0.0, Mean Loss: 7.488544413300811, Number of Steps: 122
Episode 793, Reward: 0.0, Mean Loss: 7.499674363214462, Number of Steps: 122
Episode 794, Reward: 0.0, Mean Loss: 7.500200717175593, Number of Steps: 122
Episode 795, Reward: 0.0, Mean Loss: 7.51400369503459, Number of Steps: 122
Episode 796, Reward: 0.0, Mean Loss: 7.484679038407372, Number of Steps: 122
Episode 797, Reward: 0.0, Mean Loss: 7.516154820801781, Number of Steps: 122
Episode 798, Reward: 0.0, Mean Loss: 7.491266567198957, Number of Steps: 122
Episode 799, Reward: 0.0, Mean Loss: 7.5003413489607516, Number of Steps: 122
Episode 800, Reward: 0.0, Mean Loss: 7.503966304122424, Number of Steps: 122
Episode 801, Reward: 0.0, Mean Loss: 7.503398594309072, Number of Steps: 122
Episode 802, Reward: 0.0, Mean Loss: 7.500477079485283, Number of Steps: 122
Episode 803, Reward: 0.0, Mean Loss: 7.5016622856015065, Number of Steps: 122
Episode 804, Reward: 0.0, Mean Loss: 7.513236108373423, Number of Steps: 122
Episode 805, Reward: 0.0, Mean Loss: 7.509040902872554, Number of Steps: 122
Episode 806, Reward: 0.0, Mean Loss: 7.487015141815435, Number of Steps: 122
Episode 807, Reward: 0.0, Mean Loss: 7.504741316936055, Number of Steps: 122
Episode 808, Reward: 0.0, Mean Loss: 7.500305765964946, Number of Steps: 122
Episode 809, Reward: 0.0, Mean Loss: 7.516410460237597, Number of Steps: 122
Episode 810, Reward: 0.0, Mean Loss: 7.514280647527976, Number of Steps: 122
Episode 811, Reward: 0.0, Mean Loss: 7.517315301738802, Number of Steps: 122
Episode 812, Reward: 0.0, Mean Loss: 7.472632431593097, Number of Steps: 122
Episode 813, Reward: 0.0, Mean Loss: 7.502318167295612, Number of Steps: 122
Episode 814, Reward: 0.0, Mean Loss: 7.461387251244217, Number of Steps: 122
Episode 815, Reward: 0.0, Mean Loss: 7.486638209858879, Number of Steps: 122
Episode 816, Reward: 0.0, Mean Loss: 7.502745726069466, Number of Steps: 122
Episode 817, Reward: 0.0, Mean Loss: 7.483210673097704, Number of Steps: 122
Episode 818, Reward: 0.0, Mean Loss: 7.456750138861234, Number of Steps: 122
Episode 819, Reward: 0.0, Mean Loss: 7.5056904495739545, Number of Steps: 122
Episode 820, Reward: 0.0, Mean Loss: 7.484375476837158, Number of Steps: 122
Episode 821, Reward: 0.0, Mean Loss: 7.517772037474836, Number of Steps: 122
Episode 822, Reward: 0.0, Mean Loss: 7.501963548972959, Number of Steps: 122
Episode 823, Reward: 0.0, Mean Loss: 7.492011851951724, Number of Steps: 122
Episode 824, Reward: 0.0, Mean Loss: 7.471986856616911, Number of Steps: 122
Episode 825, Reward: 0.0, Mean Loss: 7.5184972989754595, Number of Steps: 122
Episode 826, Reward: 0.0, Mean Loss: 7.504356048146232, Number of Steps: 122
Episode 827, Reward: 0.0, Mean Loss: 7.501572913810855, Number of Steps: 122
Episode 828, Reward: 0.0, Mean Loss: 7.50583438795121, Number of Steps: 122
Episode 829, Reward: 0.0, Mean Loss: 7.506229087954662, Number of Steps: 122
Episode 830, Reward: 0.0, Mean Loss: 7.4724583547623435, Number of Steps: 122
Episode 831, Reward: 0.0, Mean Loss: 7.502437282781132, Number of Steps: 122
Episode 832, Reward: 0.0, Mean Loss: 7.500799640280301, Number of Steps: 122
Episode 833, Reward: 0.0, Mean Loss: 7.518989973380918, Number of Steps: 122
Episode 834, Reward: 0.0, Mean Loss: 7.462258667242332, Number of Steps: 122
Episode 835, Reward: 0.0, Mean Loss: 7.4996362865948285, Number of Steps: 122
Episode 836, Reward: 0.0, Mean Loss: 7.485929942521893, Number of Steps: 122
Episode 837, Reward: 0.0, Mean Loss: 7.5148329695717235, Number of Steps: 122
Episode 838, Reward: 0.0, Mean Loss: 7.499974852702657, Number of Steps: 122
Episode 839, Reward: 0.0, Mean Loss: 7.48697181217006, Number of Steps: 122
Episode 840, Reward: 0.0, Mean Loss: 7.484515197941514, Number of Steps: 122
Episode 841, Reward: 0.0, Mean Loss: 7.4998052471973855, Number of Steps: 122
Episode 842, Reward: 0.0, Mean Loss: 7.490233941156356, Number of Steps: 122
Episode 843, Reward: 0.0, Mean Loss: 7.499267202908875, Number of Steps: 122
Episode 844, Reward: 0.0, Mean Loss: 7.503203212237749, Number of Steps: 122
Episode 845, Reward: 0.0, Mean Loss: 7.514384859898051, Number of Steps: 122
Episode 846, Reward: 0.0, Mean Loss: 7.517934857821856, Number of Steps: 122
Episode 847, Reward: 0.0, Mean Loss: 7.500493088706595, Number of Steps: 122
Episode 848, Reward: 0.0, Mean Loss: 7.507327838022201, Number of Steps: 122
Episode 849, Reward: 0.0, Mean Loss: 7.518495802019463, Number of Steps: 122
Episode 850, Reward: 0.0, Mean Loss: 7.517000370338315, Number of Steps: 122
Episode 851, Reward: 0.0, Mean Loss: 7.498545838184044, Number of Steps: 122
Episode 852, Reward: 0.0, Mean Loss: 7.472675303943822, Number of Steps: 122
Episode 853, Reward: 0.0, Mean Loss: 7.498991430782881, Number of Steps: 122
Episode 854, Reward: 0.0, Mean Loss: 7.503732501483355, Number of Steps: 122
Episode 855, Reward: 0.0, Mean Loss: 7.51289927764017, Number of Steps: 122
Episode 856, Reward: 0.0, Mean Loss: 7.478127088703093, Number of Steps: 122
Episode 857, Reward: 0.0, Mean Loss: 7.503671427242091, Number of Steps: 122
Episode 858, Reward: 0.0, Mean Loss: 7.50211211892425, Number of Steps: 122
Episode 859, Reward: 0.0, Mean Loss: 7.513031635128084, Number of Steps: 122
Episode 860, Reward: 0.0, Mean Loss: 7.484989647005425, Number of Steps: 122
Episode 861, Reward: 0.0, Mean Loss: 7.503184842281654, Number of Steps: 122
Episode 862, Reward: 0.0, Mean Loss: 7.501062956012663, Number of Steps: 122
Episode 863, Reward: 0.0, Mean Loss: 7.505709190837672, Number of Steps: 122
Episode 864, Reward: 0.0, Mean Loss: 7.502477141677356, Number of Steps: 122
Episode 865, Reward: 0.0, Mean Loss: 7.513833507162626, Number of Steps: 122
Episode 866, Reward: 0.0, Mean Loss: 7.516413852816722, Number of Steps: 122
Episode 867, Reward: 0.0, Mean Loss: 7.516777288718302, Number of Steps: 122
Episode 868, Reward: 0.0, Mean Loss: 7.487358202699755, Number of Steps: 122
Episode 869, Reward: 0.0, Mean Loss: 7.504752835289377, Number of Steps: 122
Episode 870, Reward: 0.0, Mean Loss: 7.491921209898151, Number of Steps: 122
Episode 871, Reward: 0.0, Mean Loss: 7.511942437437714, Number of Steps: 122
Episode 872, Reward: 0.0, Mean Loss: 7.486345197333664, Number of Steps: 122
Episode 873, Reward: 0.0, Mean Loss: 7.515497371798656, Number of Steps: 122
Episode 874, Reward: 0.0, Mean Loss: 7.5125063247367985, Number of Steps: 122
Episode 875, Reward: 0.0, Mean Loss: 7.473846251847314, Number of Steps: 122
Episode 876, Reward: 0.0, Mean Loss: 7.515581490563565, Number of Steps: 122
Episode 877, Reward: 0.0, Mean Loss: 7.474680146232981, Number of Steps: 122
Episode 878, Reward: 0.0, Mean Loss: 7.497263869301218, Number of Steps: 122
Episode 879, Reward: 0.0, Mean Loss: 7.501038254284468, Number of Steps: 122
Episode 880, Reward: 0.0, Mean Loss: 7.501777754455317, Number of Steps: 122
Episode 881, Reward: 0.0, Mean Loss: 7.513513952005105, Number of Steps: 122
Episode 882, Reward: 0.0, Mean Loss: 7.486956635459524, Number of Steps: 122
Episode 883, Reward: 0.0, Mean Loss: 7.5157028260778205, Number of Steps: 122
Episode 884, Reward: 0.0, Mean Loss: 7.515974400473422, Number of Steps: 122
Episode 885, Reward: 0.0, Mean Loss: 7.516275331622264, Number of Steps: 122
Episode 886, Reward: 0.0, Mean Loss: 7.486701468952367, Number of Steps: 122
Episode 887, Reward: 0.0, Mean Loss: 7.497819247792979, Number of Steps: 122
Episode 888, Reward: 0.0, Mean Loss: 7.513277616657194, Number of Steps: 122
Episode 889, Reward: 0.0, Mean Loss: 7.486216033091311, Number of Steps: 122
Episode 890, Reward: 0.0, Mean Loss: 7.514117709925918, Number of Steps: 122
Episode 891, Reward: 0.0, Mean Loss: 7.515242103670464, Number of Steps: 122
Episode 892, Reward: 0.0, Mean Loss: 7.486884984813753, Number of Steps: 122
Episode 893, Reward: 0.0, Mean Loss: 7.497774155413518, Number of Steps: 122
Episode 894, Reward: 0.0, Mean Loss: 7.487688799373439, Number of Steps: 122
Episode 895, Reward: 0.0, Mean Loss: 7.514033243304393, Number of Steps: 122
Episode 896, Reward: 0.0, Mean Loss: 7.5002727782140015, Number of Steps: 122
Episode 897, Reward: 0.0, Mean Loss: 7.503988652932839, Number of Steps: 122
Episode 898, Reward: 0.0, Mean Loss: 7.498059757420274, Number of Steps: 122
Episode 899, Reward: 0.0, Mean Loss: 7.5016203122060805, Number of Steps: 122
Episode 900, Reward: 0.0, Mean Loss: 7.514643841102475, Number of Steps: 122
Episode 901, Reward: 0.0, Mean Loss: 7.506090265805604, Number of Steps: 122
Episode 902, Reward: 0.0, Mean Loss: 7.503049905182885, Number of Steps: 122
Episode 903, Reward: 0.0, Mean Loss: 7.48194375194487, Number of Steps: 122
Episode 904, Reward: 0.0, Mean Loss: 7.503135485727279, Number of Steps: 122
Episode 905, Reward: 0.0, Mean Loss: 7.498253447110535, Number of Steps: 122
Episode 906, Reward: 0.0, Mean Loss: 7.48435372211894, Number of Steps: 122
Episode 907, Reward: 0.0, Mean Loss: 7.513605199876379, Number of Steps: 122
Episode 908, Reward: 0.0, Mean Loss: 7.499363230877235, Number of Steps: 122
Episode 909, Reward: 0.0, Mean Loss: 7.503550760081557, Number of Steps: 122
Episode 910, Reward: 0.0, Mean Loss: 7.501955447158193, Number of Steps: 123
Episode 911, Reward: 0.0, Mean Loss: 7.505910545098977, Number of Steps: 122
Episode 912, Reward: 0.0, Mean Loss: 7.499500153494663, Number of Steps: 122
Episode 913, Reward: 0.0, Mean Loss: 7.4886904700857695, Number of Steps: 122
Episode 914, Reward: 0.0, Mean Loss: 7.502383736313367, Number of Steps: 122
Episode 915, Reward: 0.0, Mean Loss: 7.51700502536336, Number of Steps: 122
Episode 916, Reward: 0.0, Mean Loss: 7.502289306922037, Number of Steps: 122
Episode 917, Reward: 0.0, Mean Loss: 7.502799385883769, Number of Steps: 122
Episode 918, Reward: 0.0, Mean Loss: 7.5026342360699765, Number of Steps: 122
Episode 919, Reward: 0.0, Mean Loss: 7.500494175269956, Number of Steps: 122
Episode 920, Reward: 0.0, Mean Loss: 7.501646370184226, Number of Steps: 122
Episode 921, Reward: 0.0, Mean Loss: 7.4976564899819795, Number of Steps: 122
Episode 922, Reward: 0.0, Mean Loss: 7.513030224159116, Number of Steps: 122
Episode 923, Reward: 0.0, Mean Loss: 7.4685095841767355, Number of Steps: 122
Episode 924, Reward: 0.0, Mean Loss: 7.498274560834541, Number of Steps: 122
Episode 925, Reward: 0.0, Mean Loss: 7.516527562844948, Number of Steps: 122
Episode 926, Reward: 0.0, Mean Loss: 7.505175234841519, Number of Steps: 122
Episode 927, Reward: 0.0, Mean Loss: 7.50223301277786, Number of Steps: 122
Episode 928, Reward: 0.0, Mean Loss: 7.470751609958586, Number of Steps: 122
Episode 929, Reward: 0.0, Mean Loss: 7.515143402287217, Number of Steps: 122
Episode 930, Reward: 0.0, Mean Loss: 7.501320592692641, Number of Steps: 122
Episode 931, Reward: 0.0, Mean Loss: 7.515829903180482, Number of Steps: 122
Episode 932, Reward: 0.0, Mean Loss: 7.51677191843752, Number of Steps: 122
Episode 933, Reward: 0.0, Mean Loss: 7.502921209960688, Number of Steps: 122
Episode 934, Reward: 0.0, Mean Loss: 7.5156790819324435, Number of Steps: 122
Episode 935, Reward: 0.0, Mean Loss: 7.503387763851979, Number of Steps: 122
Episode 936, Reward: 0.0, Mean Loss: 7.485455966386639, Number of Steps: 122
Episode 937, Reward: 0.0, Mean Loss: 7.499533719703799, Number of Steps: 122
Episode 938, Reward: 0.0, Mean Loss: 7.488849983840693, Number of Steps: 122
Episode 939, Reward: 0.0, Mean Loss: 7.511532697521273, Number of Steps: 122
Episode 940, Reward: 0.0, Mean Loss: 7.502994775772095, Number of Steps: 122
Episode 941, Reward: 0.0, Mean Loss: 7.519357900150487, Number of Steps: 122
Episode 942, Reward: 0.0, Mean Loss: 7.490963310491844, Number of Steps: 122
Episode 943, Reward: 0.0, Mean Loss: 7.521064910732332, Number of Steps: 122
Episode 944, Reward: 0.0, Mean Loss: 7.491941561464404, Number of Steps: 122
Episode 945, Reward: 0.0, Mean Loss: 7.48792977802089, Number of Steps: 122
Episode 946, Reward: 0.0, Mean Loss: 7.501478836184642, Number of Steps: 122
Episode 947, Reward: 0.0, Mean Loss: 7.514855420003172, Number of Steps: 122
Episode 948, Reward: 0.0, Mean Loss: 7.520209191275424, Number of Steps: 122
Episode 949, Reward: 0.0, Mean Loss: 7.518742068869169, Number of Steps: 122
Episode 950, Reward: 0.0, Mean Loss: 7.50030607864505, Number of Steps: 122
Episode 951, Reward: 0.0, Mean Loss: 7.5156780070945866, Number of Steps: 122
Episode 952, Reward: 0.0, Mean Loss: 7.472023960019722, Number of Steps: 122
Episode 953, Reward: 0.0, Mean Loss: 7.502219759049963, Number of Steps: 122
Episode 954, Reward: 0.0, Mean Loss: 7.504289158055039, Number of Steps: 122
Episode 955, Reward: 0.0, Mean Loss: 7.499161876615931, Number of Steps: 122
Episode 956, Reward: 0.0, Mean Loss: 7.513102136674474, Number of Steps: 122
Episode 957, Reward: 0.0, Mean Loss: 7.476880823979612, Number of Steps: 122
Episode 958, Reward: 0.0, Mean Loss: 7.4737058780232415, Number of Steps: 122
Episode 959, Reward: 0.0, Mean Loss: 7.514636930872182, Number of Steps: 122
Episode 960, Reward: 0.0, Mean Loss: 7.49691620420237, Number of Steps: 122
Episode 961, Reward: 0.0, Mean Loss: 7.470713701404509, Number of Steps: 122
Episode 962, Reward: 0.0, Mean Loss: 7.519209267663174, Number of Steps: 122
Episode 963, Reward: 0.0, Mean Loss: 7.490745395910545, Number of Steps: 122
Episode 964, Reward: 0.0, Mean Loss: 7.487517786807701, Number of Steps: 122
Episode 965, Reward: 0.0, Mean Loss: 7.515909386462853, Number of Steps: 122
Episode 966, Reward: 0.0, Mean Loss: 7.5027416260516056, Number of Steps: 122
Episode 967, Reward: 0.0, Mean Loss: 7.485864549386696, Number of Steps: 122
Episode 968, Reward: 0.0, Mean Loss: 7.474604583177411, Number of Steps: 122
Episode 969, Reward: 0.0, Mean Loss: 7.514843972002874, Number of Steps: 122
Episode 970, Reward: 0.0, Mean Loss: 7.515326566383487, Number of Steps: 122
Episode 971, Reward: 0.0, Mean Loss: 7.474320872885282, Number of Steps: 122
Episode 972, Reward: 0.0, Mean Loss: 7.505073531729276, Number of Steps: 122
Episode 973, Reward: 0.0, Mean Loss: 7.513940103718491, Number of Steps: 122
Episode 974, Reward: 0.0, Mean Loss: 7.47598587489519, Number of Steps: 122
Episode 975, Reward: 0.0, Mean Loss: 7.5043292241018325, Number of Steps: 122
Episode 976, Reward: 0.0, Mean Loss: 7.500149898841733, Number of Steps: 122
Episode 977, Reward: 0.0, Mean Loss: 7.483892034311763, Number of Steps: 122
Episode 978, Reward: 0.0, Mean Loss: 7.512188352522303, Number of Steps: 122
Episode 979, Reward: 0.0, Mean Loss: 7.489842872150609, Number of Steps: 122
Episode 980, Reward: 0.0, Mean Loss: 7.5156747786725155, Number of Steps: 122
Episode 981, Reward: 0.0, Mean Loss: 7.503885581845143, Number of Steps: 122
Episode 982, Reward: 0.0, Mean Loss: 7.496411373944786, Number of Steps: 123
Episode 983, Reward: 0.0, Mean Loss: 7.503664200423194, Number of Steps: 122
Episode 984, Reward: 0.0, Mean Loss: 7.471720441443021, Number of Steps: 122
Episode 985, Reward: 0.0, Mean Loss: 7.500650104929189, Number of Steps: 122
Episode 986, Reward: 0.0, Mean Loss: 7.498317315930226, Number of Steps: 122
Episode 987, Reward: 0.0, Mean Loss: 7.484152336589625, Number of Steps: 122
Episode 988, Reward: 0.0, Mean Loss: 7.486719831091459, Number of Steps: 122
Episode 989, Reward: 0.0, Mean Loss: 7.487001720021983, Number of Steps: 122
Episode 990, Reward: 0.0, Mean Loss: 7.4973569229000905, Number of Steps: 122
Episode 991, Reward: 0.0, Mean Loss: 7.517027174840208, Number of Steps: 122
Episode 992, Reward: 0.0, Mean Loss: 7.490519148404481, Number of Steps: 122
Episode 993, Reward: 0.0, Mean Loss: 7.480522812389936, Number of Steps: 122
Episode 994, Reward: 0.0, Mean Loss: 7.51571910107722, Number of Steps: 122
Episode 995, Reward: 0.0, Mean Loss: 7.500546412389786, Number of Steps: 122
Episode 996, Reward: 0.0, Mean Loss: 7.500355583722474, Number of Steps: 122
Episode 997, Reward: 0.0, Mean Loss: 7.501142056261907, Number of Steps: 122
Episode 998, Reward: 0.0, Mean Loss: 7.488842628041252, Number of Steps: 122
Episode 999, Reward: 0.0, Mean Loss: 7.500664621103005, Number of Steps: 122
Episode 1000, Reward: 0.0, Mean Loss: 7.473256998374814, Number of Steps: 122
training process done!
Elapsed time: 1717.9634158611298 seconds
