A.L.E: Arcade Learning Environment (version 0.8.1+53f58b7)
[Powered by Stella]
gpu count: 1
Total number of parameters:  1639684
Episode 1, Reward: 0.0, Mean Loss: 0.023228534115631073, Number of Steps: 122
each episode takes approx. 2.5171592235565186 seconds
Episode 2, Reward: 0.0, Mean Loss: 0.02329505444122631, Number of Steps: 122
Episode 3, Reward: 0.0, Mean Loss: 0.023447749708763888, Number of Steps: 122
Episode 4, Reward: 0.0, Mean Loss: 0.02297953139827396, Number of Steps: 122
Episode 5, Reward: 0.0, Mean Loss: 0.022268244571202304, Number of Steps: 122
Episode 6, Reward: 0.0, Mean Loss: 0.023320056375910024, Number of Steps: 122
Episode 7, Reward: 0.0, Mean Loss: 0.023195506730040567, Number of Steps: 122
Episode 8, Reward: 0.0, Mean Loss: 0.023282441539598294, Number of Steps: 122
Episode 9, Reward: 0.0, Mean Loss: 0.023319280205974853, Number of Steps: 122
Episode 10, Reward: 0.0, Mean Loss: 0.02288297720558342, Number of Steps: 122
Episode 11, Reward: 0.0, Mean Loss: 0.023144094704399383, Number of Steps: 122
Episode 12, Reward: 0.0, Mean Loss: 0.02323765680193901, Number of Steps: 122
Episode 13, Reward: 0.0, Mean Loss: 0.023085915945020893, Number of Steps: 122
Episode 14, Reward: 0.0, Mean Loss: 0.023348621642369716, Number of Steps: 122
Episode 15, Reward: 0.0, Mean Loss: 0.023402355916675974, Number of Steps: 122
Episode 16, Reward: 0.0, Mean Loss: 0.02324421141968399, Number of Steps: 122
Episode 17, Reward: 0.0, Mean Loss: 0.023257381072459688, Number of Steps: 122
Episode 18, Reward: 0.0, Mean Loss: 0.023405719383979468, Number of Steps: 122
Episode 19, Reward: 0.0, Mean Loss: 0.023550390937655676, Number of Steps: 122
Episode 20, Reward: 0.0, Mean Loss: 0.02350527402318892, Number of Steps: 122
Episode 21, Reward: 0.0, Mean Loss: 0.02311464834571377, Number of Steps: 122
Episode 22, Reward: 0.0, Mean Loss: 0.02298761306442206, Number of Steps: 122
Episode 23, Reward: 0.0, Mean Loss: 0.02325323482089844, Number of Steps: 122
Episode 24, Reward: 0.0, Mean Loss: 0.022900553274428335, Number of Steps: 122
Episode 25, Reward: 0.0, Mean Loss: 0.023156137651879318, Number of Steps: 122
Episode 26, Reward: 0.0, Mean Loss: 0.02329359229531933, Number of Steps: 122
Episode 27, Reward: 0.0, Mean Loss: 0.023104184985849777, Number of Steps: 122
Episode 28, Reward: 0.0, Mean Loss: 0.02321100041087045, Number of Steps: 122
Episode 29, Reward: 0.0, Mean Loss: 0.02322973195259692, Number of Steps: 122
Episode 30, Reward: 0.0, Mean Loss: 0.023341114419039157, Number of Steps: 122
Episode 31, Reward: 0.0, Mean Loss: 0.022577566669974285, Number of Steps: 122
Episode 32, Reward: 0.0, Mean Loss: 0.023291553477527666, Number of Steps: 122
Episode 33, Reward: 0.0, Mean Loss: 0.023041891410863827, Number of Steps: 122
Episode 34, Reward: 0.0, Mean Loss: 0.023227236829087384, Number of Steps: 122
Episode 35, Reward: 0.0, Mean Loss: 0.023338204417683063, Number of Steps: 122
Episode 36, Reward: 0.0, Mean Loss: 0.0232440407162954, Number of Steps: 122
Episode 37, Reward: 0.0, Mean Loss: 0.023255720509041566, Number of Steps: 122
Episode 38, Reward: 0.0, Mean Loss: 0.023121186489736486, Number of Steps: 122
Episode 39, Reward: 0.0, Mean Loss: 0.023124545999276873, Number of Steps: 122
Episode 40, Reward: 0.0, Mean Loss: 0.023097658533336726, Number of Steps: 122
Episode 41, Reward: 0.0, Mean Loss: 0.023297507392212015, Number of Steps: 122
Episode 42, Reward: 0.0, Mean Loss: 0.0229568664725492, Number of Steps: 122
Episode 43, Reward: 0.0, Mean Loss: 0.02294036780305581, Number of Steps: 122
Episode 44, Reward: 0.0, Mean Loss: 0.02334112663656477, Number of Steps: 122
Episode 45, Reward: 0.0, Mean Loss: 0.022675037260461203, Number of Steps: 122
Episode 46, Reward: 0.0, Mean Loss: 0.023189123082151215, Number of Steps: 122
Episode 47, Reward: 0.0, Mean Loss: 0.02281304757939995, Number of Steps: 122
Episode 48, Reward: 0.0, Mean Loss: 0.023216594193802505, Number of Steps: 122
Episode 49, Reward: 0.0, Mean Loss: 0.023187061069441624, Number of Steps: 122
Episode 50, Reward: 0.0, Mean Loss: 0.02335620544789756, Number of Steps: 122
Episode 51, Reward: 0.0, Mean Loss: 0.023167423373035758, Number of Steps: 122
Episode 52, Reward: 0.0, Mean Loss: 0.023149325775357582, Number of Steps: 122
Episode 53, Reward: 0.0, Mean Loss: 0.023169674043811775, Number of Steps: 122
Episode 54, Reward: 0.0, Mean Loss: 0.022901299233275434, Number of Steps: 122
Episode 55, Reward: 0.0, Mean Loss: 0.02331066246444577, Number of Steps: 122
Episode 56, Reward: 0.0, Mean Loss: 0.023005999704526135, Number of Steps: 122
Episode 57, Reward: 0.0, Mean Loss: 0.023467921407618483, Number of Steps: 122
Episode 58, Reward: 0.0, Mean Loss: 0.02304474728863751, Number of Steps: 122
Episode 59, Reward: 0.0, Mean Loss: 0.023419383501053832, Number of Steps: 122
Episode 60, Reward: 0.0, Mean Loss: 0.023128058963295905, Number of Steps: 122
Episode 61, Reward: 0.0, Mean Loss: 0.022984019972667382, Number of Steps: 122
Episode 62, Reward: 0.0, Mean Loss: 0.023378804860422847, Number of Steps: 122
Episode 63, Reward: 0.0, Mean Loss: 0.022869733886718827, Number of Steps: 122
Episode 64, Reward: 0.0, Mean Loss: 0.023162473668368176, Number of Steps: 122
Episode 65, Reward: 0.0, Mean Loss: 0.0230290565067677, Number of Steps: 122
Episode 66, Reward: 0.0, Mean Loss: 0.02298821541638167, Number of Steps: 122
Episode 67, Reward: 0.0, Mean Loss: 0.02313869857559931, Number of Steps: 122
Episode 68, Reward: 0.0, Mean Loss: 0.02289879162434191, Number of Steps: 122
Episode 69, Reward: 0.0, Mean Loss: 0.02318422840185345, Number of Steps: 122
Episode 70, Reward: 0.0, Mean Loss: 0.022870261897356824, Number of Steps: 122
Episode 71, Reward: 0.0, Mean Loss: 0.023005954973966448, Number of Steps: 122
Episode 72, Reward: 0.0, Mean Loss: 0.02315559533205681, Number of Steps: 122
Episode 73, Reward: 0.0, Mean Loss: 0.02329182463326419, Number of Steps: 122
Episode 74, Reward: 0.0, Mean Loss: 0.023348340673036264, Number of Steps: 122
Episode 75, Reward: 0.0, Mean Loss: 0.02295328530823606, Number of Steps: 122
Episode 76, Reward: 0.0, Mean Loss: 0.023403337469599286, Number of Steps: 122
Episode 77, Reward: 0.0, Mean Loss: 0.022827237897188036, Number of Steps: 122
Episode 78, Reward: 0.0, Mean Loss: 0.02317555271984616, Number of Steps: 122
Episode 79, Reward: 0.0, Mean Loss: 0.02319320274832311, Number of Steps: 122
Episode 80, Reward: 0.0, Mean Loss: 0.023081606505181044, Number of Steps: 122
Episode 81, Reward: 0.0, Mean Loss: 0.02317629614081539, Number of Steps: 122
Episode 82, Reward: 0.0, Mean Loss: 0.022994107482086516, Number of Steps: 122
Episode 83, Reward: 0.0, Mean Loss: 0.02319686610984509, Number of Steps: 122
Episode 84, Reward: 0.0, Mean Loss: 0.02327375889557307, Number of Steps: 122
Episode 85, Reward: 0.0, Mean Loss: 0.02299908853110239, Number of Steps: 122
Episode 86, Reward: 0.0, Mean Loss: 0.023221735021535527, Number of Steps: 122
Episode 87, Reward: 0.0, Mean Loss: 0.022841381560700952, Number of Steps: 122
Episode 88, Reward: 0.0, Mean Loss: 0.023526092395797126, Number of Steps: 122
Episode 89, Reward: 0.0, Mean Loss: 0.023363234627930843, Number of Steps: 122
Episode 90, Reward: 0.0, Mean Loss: 0.023445490533944038, Number of Steps: 122
Episode 91, Reward: 0.0, Mean Loss: 0.022699052722600754, Number of Steps: 122
Episode 92, Reward: 0.0, Mean Loss: 0.023343540102121283, Number of Steps: 122
Episode 93, Reward: 0.0, Mean Loss: 0.02340719039689322, Number of Steps: 122
Episode 94, Reward: 0.0, Mean Loss: 0.023263616628251153, Number of Steps: 122
Episode 95, Reward: 0.0, Mean Loss: 0.023423306124865033, Number of Steps: 122
Episode 96, Reward: 0.0, Mean Loss: 0.023368658497929573, Number of Steps: 122
Episode 97, Reward: 0.0, Mean Loss: 0.023174897084021217, Number of Steps: 122
Episode 98, Reward: 0.0, Mean Loss: 0.023142336608200777, Number of Steps: 122
Episode 99, Reward: 0.0, Mean Loss: 0.023181843651161858, Number of Steps: 122
Episode 100, Reward: 0.0, Mean Loss: 0.023009681394066065, Number of Steps: 122
Episode 101, Reward: 0.0, Mean Loss: 0.022789342259486266, Number of Steps: 122
Episode 102, Reward: 0.0, Mean Loss: 0.022985418547817018, Number of Steps: 122
Episode 103, Reward: 0.0, Mean Loss: 0.023211123574464046, Number of Steps: 122
Episode 104, Reward: 0.0, Mean Loss: 0.02333415046212126, Number of Steps: 122
Episode 105, Reward: 0.0, Mean Loss: 0.02315165106227171, Number of Steps: 122
Episode 106, Reward: 0.0, Mean Loss: 0.023453880513667084, Number of Steps: 122
Episode 107, Reward: 0.0, Mean Loss: 0.02294616030885067, Number of Steps: 122
Episode 108, Reward: 0.0, Mean Loss: 0.023020124466771062, Number of Steps: 122
Episode 109, Reward: 0.0, Mean Loss: 0.022930898771623194, Number of Steps: 122
Episode 110, Reward: 0.0, Mean Loss: 0.023132124403539327, Number of Steps: 122
Episode 111, Reward: 0.0, Mean Loss: 0.023307968053172846, Number of Steps: 122
Episode 112, Reward: 0.0, Mean Loss: 0.0233060156533611, Number of Steps: 122
Episode 113, Reward: 0.0, Mean Loss: 0.023145783616260428, Number of Steps: 122
Episode 114, Reward: 0.0, Mean Loss: 0.023418051663969385, Number of Steps: 122
Episode 115, Reward: 0.0, Mean Loss: 0.023051959267444334, Number of Steps: 122
Episode 116, Reward: 0.0, Mean Loss: 0.023037735016736942, Number of Steps: 122
Episode 117, Reward: 0.0, Mean Loss: 0.023196992941117715, Number of Steps: 122
Episode 118, Reward: 0.0, Mean Loss: 0.023393537727047185, Number of Steps: 122
Episode 119, Reward: 0.0, Mean Loss: 0.023043388672212145, Number of Steps: 122
Episode 120, Reward: 0.0, Mean Loss: 0.023446850661860138, Number of Steps: 122
Episode 121, Reward: 0.0, Mean Loss: 0.023096165180489705, Number of Steps: 122
Episode 122, Reward: 0.0, Mean Loss: 0.023442836142465718, Number of Steps: 122
Episode 123, Reward: 0.0, Mean Loss: 0.02327607907965535, Number of Steps: 122
Episode 124, Reward: 0.0, Mean Loss: 0.022730025503718578, Number of Steps: 122
Episode 125, Reward: 0.0, Mean Loss: 0.023176733056702613, Number of Steps: 122
Episode 126, Reward: 0.0, Mean Loss: 0.023204503275576185, Number of Steps: 122
Episode 127, Reward: 0.0, Mean Loss: 0.022842717012743558, Number of Steps: 122
Episode 128, Reward: 0.0, Mean Loss: 0.023124849289816948, Number of Steps: 122
Episode 129, Reward: 0.0, Mean Loss: 0.02330963968558878, Number of Steps: 122
Episode 130, Reward: 0.0, Mean Loss: 0.02281227892111571, Number of Steps: 122
Episode 131, Reward: 0.0, Mean Loss: 0.023247308543998726, Number of Steps: 122
Episode 132, Reward: 0.0, Mean Loss: 0.023372261189535014, Number of Steps: 122
Episode 133, Reward: 0.0, Mean Loss: 0.02305482007664739, Number of Steps: 122
Episode 134, Reward: 0.0, Mean Loss: 0.0233186096197269, Number of Steps: 122
Episode 135, Reward: 0.0, Mean Loss: 0.023062808610538027, Number of Steps: 122
Episode 136, Reward: 0.0, Mean Loss: 0.023443038560083656, Number of Steps: 122
Episode 137, Reward: 0.0, Mean Loss: 0.022874478425603497, Number of Steps: 122
Episode 138, Reward: 0.0, Mean Loss: 0.023280754456388168, Number of Steps: 122
Episode 139, Reward: 0.0, Mean Loss: 0.02273360379772608, Number of Steps: 122
Episode 140, Reward: 0.0, Mean Loss: 0.023039586036337243, Number of Steps: 122
Episode 141, Reward: 0.0, Mean Loss: 0.02318826162057822, Number of Steps: 122
Episode 142, Reward: 0.0, Mean Loss: 0.02348308782780268, Number of Steps: 122
Episode 143, Reward: 0.0, Mean Loss: 0.022763611789726936, Number of Steps: 122
Episode 144, Reward: 0.0, Mean Loss: 0.023203079744846155, Number of Steps: 122
Episode 145, Reward: 0.0, Mean Loss: 0.022781512859615223, Number of Steps: 122
Episode 146, Reward: 0.0, Mean Loss: 0.023357744026785053, Number of Steps: 122
Episode 147, Reward: 0.0, Mean Loss: 0.023151784268475986, Number of Steps: 122
Episode 148, Reward: 0.0, Mean Loss: 0.022974474835791625, Number of Steps: 122
Episode 149, Reward: 0.0, Mean Loss: 0.023228236126401423, Number of Steps: 122
Episode 150, Reward: 0.0, Mean Loss: 0.022826471162619277, Number of Steps: 122
Episode 151, Reward: 0.0, Mean Loss: 0.0224901961881217, Number of Steps: 122
Episode 152, Reward: 0.0, Mean Loss: 0.02320386339589709, Number of Steps: 122
Episode 153, Reward: 0.0, Mean Loss: 0.022910035466517657, Number of Steps: 122
Episode 154, Reward: 0.0, Mean Loss: 0.023346699560519126, Number of Steps: 122
Episode 155, Reward: 0.0, Mean Loss: 0.023245601044570813, Number of Steps: 122
Episode 156, Reward: 0.0, Mean Loss: 0.023287929441840924, Number of Steps: 122
Episode 157, Reward: 0.0, Mean Loss: 0.023306120568733723, Number of Steps: 122
Episode 158, Reward: 0.0, Mean Loss: 0.02309132415393833, Number of Steps: 122
Episode 159, Reward: 0.0, Mean Loss: 0.02314396372380319, Number of Steps: 122
Episode 160, Reward: 0.0, Mean Loss: 0.02331693887283079, Number of Steps: 122
Episode 161, Reward: 0.0, Mean Loss: 0.023284059598064812, Number of Steps: 122
Episode 162, Reward: 0.0, Mean Loss: 0.023297435313951773, Number of Steps: 122
Episode 163, Reward: 0.0, Mean Loss: 0.02254694474137724, Number of Steps: 122
Episode 164, Reward: 0.0, Mean Loss: 0.023279795041460483, Number of Steps: 122
Episode 165, Reward: 0.0, Mean Loss: 0.023216728029436754, Number of Steps: 122
Episode 166, Reward: 0.0, Mean Loss: 0.023465737730997506, Number of Steps: 122
Episode 167, Reward: 0.0, Mean Loss: 0.023203892037883155, Number of Steps: 122
Episode 168, Reward: 0.0, Mean Loss: 0.022759810695877934, Number of Steps: 122
Episode 169, Reward: 0.0, Mean Loss: 0.02316960454577309, Number of Steps: 122
Episode 170, Reward: 0.0, Mean Loss: 0.023176055157282313, Number of Steps: 122
Episode 171, Reward: 0.0, Mean Loss: 0.023299136935360155, Number of Steps: 122
Episode 172, Reward: 0.0, Mean Loss: 0.023214480171355106, Number of Steps: 122
Episode 173, Reward: 0.0, Mean Loss: 0.023100577176144905, Number of Steps: 122
Episode 174, Reward: 0.0, Mean Loss: 0.022881849251804896, Number of Steps: 122
Episode 175, Reward: 0.0, Mean Loss: 0.02325606340369244, Number of Steps: 122
Episode 176, Reward: 0.0, Mean Loss: 0.02283981881322927, Number of Steps: 122
Episode 177, Reward: 0.0, Mean Loss: 0.023319061769203085, Number of Steps: 122
Episode 178, Reward: 0.0, Mean Loss: 0.022769554360596973, Number of Steps: 122
Episode 179, Reward: 0.0, Mean Loss: 0.0231291528856315, Number of Steps: 122
Episode 180, Reward: 0.0, Mean Loss: 0.023121563018873127, Number of Steps: 122
Episode 181, Reward: 0.0, Mean Loss: 0.02328643693429668, Number of Steps: 123
Episode 182, Reward: 0.0, Mean Loss: 0.023034263817907394, Number of Steps: 122
Episode 183, Reward: 0.0, Mean Loss: 0.023280608101335705, Number of Steps: 122
Episode 184, Reward: 0.0, Mean Loss: 0.023217142089751938, Number of Steps: 122
Episode 185, Reward: 0.0, Mean Loss: 0.02288370367607625, Number of Steps: 122
Episode 186, Reward: 0.0, Mean Loss: 0.023126851694422704, Number of Steps: 122
Episode 187, Reward: 0.0, Mean Loss: 0.022794688359875286, Number of Steps: 122
Episode 188, Reward: 0.0, Mean Loss: 0.022794138681077682, Number of Steps: 122
Episode 189, Reward: 0.0, Mean Loss: 0.023053709439767266, Number of Steps: 122
Episode 190, Reward: 0.0, Mean Loss: 0.023175623469826667, Number of Steps: 122
Episode 191, Reward: 0.0, Mean Loss: 0.02336605061150965, Number of Steps: 122
Episode 192, Reward: 0.0, Mean Loss: 0.023055375496056275, Number of Steps: 122
Episode 193, Reward: 0.0, Mean Loss: 0.02315297366246833, Number of Steps: 122
Episode 194, Reward: 0.0, Mean Loss: 0.023258005375744868, Number of Steps: 122
Episode 195, Reward: 0.0, Mean Loss: 0.02316955601012613, Number of Steps: 122
Episode 196, Reward: 0.0, Mean Loss: 0.02319942248689839, Number of Steps: 122
Episode 197, Reward: 0.0, Mean Loss: 0.02335022881504942, Number of Steps: 122
Episode 198, Reward: 0.0, Mean Loss: 0.023522506880222775, Number of Steps: 122
Episode 199, Reward: 0.0, Mean Loss: 0.02339317338144193, Number of Steps: 122
Episode 200, Reward: 0.0, Mean Loss: 0.023084548042445887, Number of Steps: 122
Episode 201, Reward: 0.0, Mean Loss: 0.023155928577595106, Number of Steps: 122
Episode 202, Reward: 0.0, Mean Loss: 0.023088287702999193, Number of Steps: 122
Episode 203, Reward: 0.0, Mean Loss: 0.023076967767188823, Number of Steps: 122
Episode 204, Reward: 0.0, Mean Loss: 0.023030007032502908, Number of Steps: 122
Episode 205, Reward: 0.0, Mean Loss: 0.023265742834229938, Number of Steps: 122
Episode 206, Reward: 0.0, Mean Loss: 0.023145602103422938, Number of Steps: 122
Episode 207, Reward: 0.0, Mean Loss: 0.023161912676291425, Number of Steps: 122
Episode 208, Reward: 0.0, Mean Loss: 0.022952852304309195, Number of Steps: 122
Episode 209, Reward: 0.0, Mean Loss: 0.022962888266908416, Number of Steps: 122
Episode 210, Reward: 0.0, Mean Loss: 0.023041216980643976, Number of Steps: 122
Episode 211, Reward: 0.0, Mean Loss: 0.0231006575599704, Number of Steps: 122
Episode 212, Reward: 0.0, Mean Loss: 0.023051747658741316, Number of Steps: 122
Episode 213, Reward: 0.0, Mean Loss: 0.023337380609429272, Number of Steps: 122
Episode 214, Reward: 0.0, Mean Loss: 0.02316462035163508, Number of Steps: 122
Episode 215, Reward: 0.0, Mean Loss: 0.023061451157908048, Number of Steps: 122
Episode 216, Reward: 0.0, Mean Loss: 0.023274792907912224, Number of Steps: 122
Episode 217, Reward: 0.0, Mean Loss: 0.02267565640330326, Number of Steps: 122
Episode 218, Reward: 0.0, Mean Loss: 0.02301335582458586, Number of Steps: 122
Episode 219, Reward: 0.0, Mean Loss: 0.02271363842499072, Number of Steps: 122
Episode 220, Reward: 0.0, Mean Loss: 0.02305228135237932, Number of Steps: 122
Episode 221, Reward: 0.0, Mean Loss: 0.023095375632692594, Number of Steps: 122
Episode 222, Reward: 0.0, Mean Loss: 0.02316348960388883, Number of Steps: 122
Episode 223, Reward: 0.0, Mean Loss: 0.023391826230971538, Number of Steps: 122
Episode 224, Reward: 0.0, Mean Loss: 0.023033812798232366, Number of Steps: 122
Episode 225, Reward: 0.0, Mean Loss: 0.0228689562205605, Number of Steps: 122
Episode 226, Reward: 0.0, Mean Loss: 0.02330048821988653, Number of Steps: 122
Episode 227, Reward: 0.0, Mean Loss: 0.023310916360895165, Number of Steps: 122
Episode 228, Reward: 0.0, Mean Loss: 0.02348162601778253, Number of Steps: 122
Episode 229, Reward: 0.0, Mean Loss: 0.02345706998813348, Number of Steps: 122
Episode 230, Reward: 0.0, Mean Loss: 0.023398372222532014, Number of Steps: 122
Episode 231, Reward: 0.0, Mean Loss: 0.02310969391155446, Number of Steps: 122
Episode 232, Reward: 0.0, Mean Loss: 0.023378385368307105, Number of Steps: 122
Episode 233, Reward: 0.0, Mean Loss: 0.02328522995338092, Number of Steps: 122
Episode 234, Reward: 0.0, Mean Loss: 0.02299016994184654, Number of Steps: 122
Episode 235, Reward: 0.0, Mean Loss: 0.023009251073774783, Number of Steps: 122
Episode 236, Reward: 0.0, Mean Loss: 0.023428502904831387, Number of Steps: 122
Episode 237, Reward: 0.0, Mean Loss: 0.023408404307165107, Number of Steps: 122
Episode 238, Reward: 0.0, Mean Loss: 0.023342644902648497, Number of Steps: 122
Episode 239, Reward: 0.0, Mean Loss: 0.022890423480721886, Number of Steps: 122
Episode 240, Reward: 0.0, Mean Loss: 0.02337658544238962, Number of Steps: 122
Episode 241, Reward: 0.0, Mean Loss: 0.02310786430199619, Number of Steps: 122
Episode 242, Reward: 0.0, Mean Loss: 0.023270578325566737, Number of Steps: 122
Episode 243, Reward: 0.0, Mean Loss: 0.023046324246770084, Number of Steps: 122
Episode 244, Reward: 0.0, Mean Loss: 0.023018340999308256, Number of Steps: 122
Episode 245, Reward: 0.0, Mean Loss: 0.02284542940922948, Number of Steps: 122
Episode 246, Reward: 0.0, Mean Loss: 0.02331008624712952, Number of Steps: 122
Episode 247, Reward: 0.0, Mean Loss: 0.023091934120962894, Number of Steps: 122
Episode 248, Reward: 0.0, Mean Loss: 0.022647545427240463, Number of Steps: 122
Episode 249, Reward: 0.0, Mean Loss: 0.0230320317159716, Number of Steps: 122
Episode 250, Reward: 0.0, Mean Loss: 0.02310777845237591, Number of Steps: 122
Episode 251, Reward: 0.0, Mean Loss: 0.023153086669660043, Number of Steps: 122
Episode 252, Reward: 0.0, Mean Loss: 0.02328574463887785, Number of Steps: 122
Episode 253, Reward: 0.0, Mean Loss: 0.022926564594839518, Number of Steps: 122
Episode 254, Reward: 0.0, Mean Loss: 0.022961337355272768, Number of Steps: 122
Episode 255, Reward: 0.0, Mean Loss: 0.0224977427594732, Number of Steps: 122
Episode 256, Reward: 0.0, Mean Loss: 0.022943044134051172, Number of Steps: 122
Episode 257, Reward: 0.0, Mean Loss: 0.02315038426163259, Number of Steps: 122
Episode 258, Reward: 0.0, Mean Loss: 0.023146912596426088, Number of Steps: 122
Episode 259, Reward: 0.0, Mean Loss: 0.023089144321289258, Number of Steps: 122
Episode 260, Reward: 0.0, Mean Loss: 0.023332093002610518, Number of Steps: 122
Episode 261, Reward: 0.0, Mean Loss: 0.02320557393357406, Number of Steps: 122
Episode 262, Reward: 0.0, Mean Loss: 0.023151487943412905, Number of Steps: 122
Episode 263, Reward: 0.0, Mean Loss: 0.023381956120128514, Number of Steps: 122
Episode 264, Reward: 0.0, Mean Loss: 0.023218258027942494, Number of Steps: 122
Episode 265, Reward: 0.0, Mean Loss: 0.023146007076067062, Number of Steps: 122
Episode 266, Reward: 0.0, Mean Loss: 0.022757832364791807, Number of Steps: 122
Episode 267, Reward: 0.0, Mean Loss: 0.02285921850673984, Number of Steps: 122
Episode 268, Reward: 0.0, Mean Loss: 0.02325851064114297, Number of Steps: 122
Episode 269, Reward: 0.0, Mean Loss: 0.023388960017044037, Number of Steps: 122
Episode 270, Reward: 0.0, Mean Loss: 0.023226273200306735, Number of Steps: 122
Episode 271, Reward: 0.0, Mean Loss: 0.02335435965816017, Number of Steps: 122
Episode 272, Reward: 0.0, Mean Loss: 0.023350495081700263, Number of Steps: 122
Episode 273, Reward: 0.0, Mean Loss: 0.023331484925307212, Number of Steps: 122
Episode 274, Reward: 0.0, Mean Loss: 0.023305096556661558, Number of Steps: 122
Episode 275, Reward: 0.0, Mean Loss: 0.023178892015106402, Number of Steps: 122
Episode 276, Reward: 0.0, Mean Loss: 0.02300617598404165, Number of Steps: 122
Episode 277, Reward: 0.0, Mean Loss: 0.023564401097962113, Number of Steps: 122
Episode 278, Reward: 0.0, Mean Loss: 0.023106871927815457, Number of Steps: 122
Episode 279, Reward: 0.0, Mean Loss: 0.023143986136615315, Number of Steps: 122
Episode 280, Reward: 0.0, Mean Loss: 0.023305227094497838, Number of Steps: 122
Episode 281, Reward: 0.0, Mean Loss: 0.023269136527889086, Number of Steps: 122
Episode 282, Reward: 0.0, Mean Loss: 0.022466238177897693, Number of Steps: 122
Episode 283, Reward: 0.0, Mean Loss: 0.022998152750393484, Number of Steps: 122
Episode 284, Reward: 0.0, Mean Loss: 0.02313862071092504, Number of Steps: 122
Episode 285, Reward: 0.0, Mean Loss: 0.023121983824001022, Number of Steps: 122
Episode 286, Reward: 0.0, Mean Loss: 0.0233605028756085, Number of Steps: 122
Episode 287, Reward: 0.0, Mean Loss: 0.022886944941643884, Number of Steps: 122
Episode 288, Reward: 0.0, Mean Loss: 0.02267391594116324, Number of Steps: 122
Episode 289, Reward: 0.0, Mean Loss: 0.02338870562857292, Number of Steps: 122
Episode 290, Reward: 0.0, Mean Loss: 0.022940580694235817, Number of Steps: 122
Episode 291, Reward: 0.0, Mean Loss: 0.023446427322313435, Number of Steps: 122
Episode 292, Reward: 0.0, Mean Loss: 0.023155445255173112, Number of Steps: 122
Episode 293, Reward: 0.0, Mean Loss: 0.022963789325674087, Number of Steps: 122
Episode 294, Reward: 0.0, Mean Loss: 0.02276779167231489, Number of Steps: 122
Episode 295, Reward: 0.0, Mean Loss: 0.02318514599887078, Number of Steps: 122
Episode 296, Reward: 0.0, Mean Loss: 0.023076905673927985, Number of Steps: 122
Episode 297, Reward: 0.0, Mean Loss: 0.02303398948997263, Number of Steps: 122
Episode 298, Reward: 0.0, Mean Loss: 0.023003367084621446, Number of Steps: 122
Episode 299, Reward: 0.0, Mean Loss: 0.023018826611867733, Number of Steps: 122
Episode 300, Reward: 0.0, Mean Loss: 0.02305328347073719, Number of Steps: 122
Episode 301, Reward: 0.0, Mean Loss: 0.022977636660664862, Number of Steps: 122
Episode 302, Reward: 0.0, Mean Loss: 0.02302852627541202, Number of Steps: 122
Episode 303, Reward: 0.0, Mean Loss: 0.02324051887835147, Number of Steps: 122
Episode 304, Reward: 0.0, Mean Loss: 0.023121495814430987, Number of Steps: 122
Episode 305, Reward: 0.0, Mean Loss: 0.022859022791590924, Number of Steps: 122
Episode 306, Reward: 0.0, Mean Loss: 0.023293158436407807, Number of Steps: 122
Episode 307, Reward: 0.0, Mean Loss: 0.02305193520919229, Number of Steps: 122
Episode 308, Reward: 0.0, Mean Loss: 0.023437302483276266, Number of Steps: 122
Episode 309, Reward: 0.0, Mean Loss: 0.0232985525498869, Number of Steps: 122
Episode 310, Reward: 0.0, Mean Loss: 0.023205297697191395, Number of Steps: 122
Episode 311, Reward: 0.0, Mean Loss: 0.023092824407732953, Number of Steps: 122
Episode 312, Reward: 0.0, Mean Loss: 0.023350180401543123, Number of Steps: 122
Episode 313, Reward: 0.0, Mean Loss: 0.023246564871830043, Number of Steps: 122
Episode 314, Reward: 0.0, Mean Loss: 0.023416487072579196, Number of Steps: 122
Episode 315, Reward: 0.0, Mean Loss: 0.023002463881476004, Number of Steps: 122
Episode 316, Reward: 0.0, Mean Loss: 0.02320083175770572, Number of Steps: 122
Episode 317, Reward: 0.0, Mean Loss: 0.023290392790050782, Number of Steps: 122
Episode 318, Reward: 0.0, Mean Loss: 0.023048297050991096, Number of Steps: 122
Episode 319, Reward: 0.0, Mean Loss: 0.022939999060386594, Number of Steps: 122
Episode 320, Reward: 0.0, Mean Loss: 0.023340033443614107, Number of Steps: 122
Episode 321, Reward: 0.0, Mean Loss: 0.023417257138940155, Number of Steps: 122
Episode 322, Reward: 0.0, Mean Loss: 0.023152305259484775, Number of Steps: 122
Episode 323, Reward: 0.0, Mean Loss: 0.023056122141944618, Number of Steps: 122
Episode 324, Reward: 0.0, Mean Loss: 0.023325040726182928, Number of Steps: 122
Episode 325, Reward: 0.0, Mean Loss: 0.023240865211667624, Number of Steps: 122
Episode 326, Reward: 0.0, Mean Loss: 0.022939397773698744, Number of Steps: 122
Episode 327, Reward: 0.0, Mean Loss: 0.023377424289212852, Number of Steps: 122
Episode 328, Reward: 0.0, Mean Loss: 0.023231275047229976, Number of Steps: 122
Episode 329, Reward: 0.0, Mean Loss: 0.023302920987127256, Number of Steps: 122
Episode 330, Reward: 0.0, Mean Loss: 0.022838851398087993, Number of Steps: 122
Episode 331, Reward: 0.0, Mean Loss: 0.023107507437506697, Number of Steps: 122
Episode 332, Reward: 0.0, Mean Loss: 0.022890815518263986, Number of Steps: 122
Episode 333, Reward: 0.0, Mean Loss: 0.022846276512356153, Number of Steps: 122
Episode 334, Reward: 0.0, Mean Loss: 0.0233118827225732, Number of Steps: 122
Episode 335, Reward: 0.0, Mean Loss: 0.023128697468892512, Number of Steps: 122
Episode 336, Reward: 0.0, Mean Loss: 0.023049942373902132, Number of Steps: 122
Episode 337, Reward: 0.0, Mean Loss: 0.023322318161486603, Number of Steps: 122
Episode 338, Reward: 0.0, Mean Loss: 0.02323292911846618, Number of Steps: 122
Episode 339, Reward: 0.0, Mean Loss: 0.023148583312787033, Number of Steps: 122
Episode 340, Reward: 0.0, Mean Loss: 0.023148810292487262, Number of Steps: 122
Episode 341, Reward: 0.0, Mean Loss: 0.023065297211330483, Number of Steps: 122
Episode 342, Reward: 0.0, Mean Loss: 0.02342958778875773, Number of Steps: 122
Episode 343, Reward: 0.0, Mean Loss: 0.022922380147244185, Number of Steps: 122
Episode 344, Reward: 0.0, Mean Loss: 0.023069258034634825, Number of Steps: 122
Episode 345, Reward: 0.0, Mean Loss: 0.023303345059517953, Number of Steps: 122
Episode 346, Reward: 0.0, Mean Loss: 0.023193020465188337, Number of Steps: 122
Episode 347, Reward: 0.0, Mean Loss: 0.023315130565010132, Number of Steps: 122
Episode 348, Reward: 0.0, Mean Loss: 0.02311738351451569, Number of Steps: 122
Episode 349, Reward: 0.0, Mean Loss: 0.02299161365978061, Number of Steps: 122
Episode 350, Reward: 0.0, Mean Loss: 0.023441397920861595, Number of Steps: 122
Episode 351, Reward: 0.0, Mean Loss: 0.023217263283827304, Number of Steps: 122
Episode 352, Reward: 0.0, Mean Loss: 0.02301121946220519, Number of Steps: 122
Episode 353, Reward: 0.0, Mean Loss: 0.023128060825941054, Number of Steps: 122
Episode 354, Reward: 0.0, Mean Loss: 0.023078460982627592, Number of Steps: 122
Episode 355, Reward: 0.0, Mean Loss: 0.022977876331185785, Number of Steps: 122
Episode 356, Reward: 0.0, Mean Loss: 0.02315292777646272, Number of Steps: 122
Episode 357, Reward: 0.0, Mean Loss: 0.023100556366429017, Number of Steps: 122
Episode 358, Reward: 0.0, Mean Loss: 0.0231700859174035, Number of Steps: 122
Episode 359, Reward: 0.0, Mean Loss: 0.023142201066056273, Number of Steps: 122
Episode 360, Reward: 0.0, Mean Loss: 0.023202651397532165, Number of Steps: 122
Episode 361, Reward: 0.0, Mean Loss: 0.0228188996474959, Number of Steps: 122
Episode 362, Reward: 0.0, Mean Loss: 0.02281779790469865, Number of Steps: 122
Episode 363, Reward: 0.0, Mean Loss: 0.02315466777711618, Number of Steps: 122
Episode 364, Reward: 0.0, Mean Loss: 0.022917532002539983, Number of Steps: 122
Episode 365, Reward: 0.0, Mean Loss: 0.023205799649523944, Number of Steps: 122
Episode 366, Reward: 0.0, Mean Loss: 0.022854144417072005, Number of Steps: 122
Episode 367, Reward: 0.0, Mean Loss: 0.023238832756999086, Number of Steps: 122
Episode 368, Reward: 0.0, Mean Loss: 0.02334739380806196, Number of Steps: 122
Episode 369, Reward: 0.0, Mean Loss: 0.022957917932276882, Number of Steps: 122
Episode 370, Reward: 0.0, Mean Loss: 0.023058868581681994, Number of Steps: 122
Episode 371, Reward: 0.0, Mean Loss: 0.023358792585671924, Number of Steps: 122
Episode 372, Reward: 0.0, Mean Loss: 0.023073056868881513, Number of Steps: 122
Episode 373, Reward: 0.0, Mean Loss: 0.02328614234415238, Number of Steps: 122
Episode 374, Reward: 0.0, Mean Loss: 0.023370525647015847, Number of Steps: 122
Episode 375, Reward: 0.0, Mean Loss: 0.02284238367559976, Number of Steps: 122
Episode 376, Reward: 0.0, Mean Loss: 0.023258980687685716, Number of Steps: 122
Episode 377, Reward: 0.0, Mean Loss: 0.023069038685267128, Number of Steps: 122
Episode 378, Reward: 0.0, Mean Loss: 0.022941072768442042, Number of Steps: 122
Episode 379, Reward: 0.0, Mean Loss: 0.023265825508192915, Number of Steps: 122
Episode 380, Reward: 0.0, Mean Loss: 0.02284487507035994, Number of Steps: 122
Episode 381, Reward: 0.0, Mean Loss: 0.023377371341234347, Number of Steps: 122
Episode 382, Reward: 0.0, Mean Loss: 0.023355140583231838, Number of Steps: 122
Episode 383, Reward: 0.0, Mean Loss: 0.023196794993442592, Number of Steps: 122
Episode 384, Reward: 0.0, Mean Loss: 0.022833360991961718, Number of Steps: 122
Episode 385, Reward: 0.0, Mean Loss: 0.02337521502412245, Number of Steps: 122
Episode 386, Reward: 0.0, Mean Loss: 0.023346462134332932, Number of Steps: 122
Episode 387, Reward: 0.0, Mean Loss: 0.023070096011205812, Number of Steps: 122
Episode 388, Reward: 0.0, Mean Loss: 0.023308084437959505, Number of Steps: 122
Episode 389, Reward: 0.0, Mean Loss: 0.023000080771333933, Number of Steps: 122
Episode 390, Reward: 0.0, Mean Loss: 0.02316154148734984, Number of Steps: 122
Episode 391, Reward: 0.0, Mean Loss: 0.023099055963417624, Number of Steps: 122
Episode 392, Reward: 0.0, Mean Loss: 0.023036043365060384, Number of Steps: 122
Episode 393, Reward: 0.0, Mean Loss: 0.022955924126779523, Number of Steps: 122
Episode 394, Reward: 0.0, Mean Loss: 0.02339717736620395, Number of Steps: 122
Episode 395, Reward: 0.0, Mean Loss: 0.022661900249778363, Number of Steps: 122
Episode 396, Reward: 0.0, Mean Loss: 0.022942225272494336, Number of Steps: 122
Episode 397, Reward: 0.0, Mean Loss: 0.02337214965983981, Number of Steps: 122
Episode 398, Reward: 0.0, Mean Loss: 0.02323421950752133, Number of Steps: 122
Episode 399, Reward: 0.0, Mean Loss: 0.023202694387587368, Number of Steps: 122
Episode 400, Reward: 0.0, Mean Loss: 0.023125148721117542, Number of Steps: 122
Episode 401, Reward: 0.0, Mean Loss: 0.023298458291287343, Number of Steps: 122
Episode 402, Reward: 0.0, Mean Loss: 0.022861014359671677, Number of Steps: 122
Episode 403, Reward: 0.0, Mean Loss: 0.02343488029647069, Number of Steps: 122
Episode 404, Reward: 0.0, Mean Loss: 0.023143973464521267, Number of Steps: 122
Episode 405, Reward: 0.0, Mean Loss: 0.02305104886145869, Number of Steps: 122
Episode 406, Reward: 0.0, Mean Loss: 0.023219040949608496, Number of Steps: 122
Episode 407, Reward: 0.0, Mean Loss: 0.02329606801027157, Number of Steps: 122
Episode 408, Reward: 0.0, Mean Loss: 0.023310144523494555, Number of Steps: 122
Episode 409, Reward: 0.0, Mean Loss: 0.023100470058781238, Number of Steps: 122
Episode 410, Reward: 0.0, Mean Loss: 0.023032449895075188, Number of Steps: 122
Episode 411, Reward: 0.0, Mean Loss: 0.0231800781231093, Number of Steps: 122
Episode 412, Reward: 0.0, Mean Loss: 0.023366483142141434, Number of Steps: 122
Episode 413, Reward: 0.0, Mean Loss: 0.023291711958500244, Number of Steps: 122
Episode 414, Reward: 0.0, Mean Loss: 0.023259377778797854, Number of Steps: 122
Episode 415, Reward: 0.0, Mean Loss: 0.023473193166685887, Number of Steps: 122
Episode 416, Reward: 0.0, Mean Loss: 0.022889645273280024, Number of Steps: 122
Episode 417, Reward: 0.0, Mean Loss: 0.023283730642717392, Number of Steps: 122
Episode 418, Reward: 0.0, Mean Loss: 0.023374437949940808, Number of Steps: 122
Episode 419, Reward: 0.0, Mean Loss: 0.022733520928743586, Number of Steps: 122
Episode 420, Reward: 0.0, Mean Loss: 0.023346684583020014, Number of Steps: 122
Episode 421, Reward: 0.0, Mean Loss: 0.023246122802417824, Number of Steps: 122
Episode 422, Reward: 0.0, Mean Loss: 0.023482110229183416, Number of Steps: 122
Episode 423, Reward: 0.0, Mean Loss: 0.022760123387790192, Number of Steps: 122
Episode 424, Reward: 0.0, Mean Loss: 0.023182413067485464, Number of Steps: 122
Episode 425, Reward: 0.0, Mean Loss: 0.023063984034691756, Number of Steps: 122
Episode 426, Reward: 0.0, Mean Loss: 0.022928647932903765, Number of Steps: 122
Episode 427, Reward: 0.0, Mean Loss: 0.023150192760336634, Number of Steps: 122
Episode 428, Reward: 0.0, Mean Loss: 0.023217380520139563, Number of Steps: 122
Episode 429, Reward: 0.0, Mean Loss: 0.023386429170848894, Number of Steps: 122
Episode 430, Reward: 0.0, Mean Loss: 0.022934443831561156, Number of Steps: 122
Episode 431, Reward: 0.0, Mean Loss: 0.022987101279765932, Number of Steps: 122
Episode 432, Reward: 0.0, Mean Loss: 0.022444000450959123, Number of Steps: 122
Episode 433, Reward: 0.0, Mean Loss: 0.02340315297612401, Number of Steps: 122
Episode 434, Reward: 0.0, Mean Loss: 0.023287675389256635, Number of Steps: 122
Episode 435, Reward: 0.0, Mean Loss: 0.023010250966524568, Number of Steps: 122
Episode 436, Reward: 0.0, Mean Loss: 0.023408321282047718, Number of Steps: 122
Episode 437, Reward: 0.0, Mean Loss: 0.023399453396435645, Number of Steps: 122
Episode 438, Reward: 0.0, Mean Loss: 0.0229998461085803, Number of Steps: 122
Episode 439, Reward: 0.0, Mean Loss: 0.02306795771330114, Number of Steps: 122
Episode 440, Reward: 0.0, Mean Loss: 0.023110060067083993, Number of Steps: 122
Episode 441, Reward: 0.0, Mean Loss: 0.02319787635401628, Number of Steps: 122
Episode 442, Reward: 0.0, Mean Loss: 0.02321896353950266, Number of Steps: 122
Episode 443, Reward: 0.0, Mean Loss: 0.02256501368180177, Number of Steps: 122
Episode 444, Reward: 0.0, Mean Loss: 0.023363872873978536, Number of Steps: 122
Episode 445, Reward: 0.0, Mean Loss: 0.023235085389775333, Number of Steps: 122
Episode 446, Reward: 0.0, Mean Loss: 0.022941041161085775, Number of Steps: 122
Episode 447, Reward: 0.0, Mean Loss: 0.023411049309079765, Number of Steps: 122
Episode 448, Reward: 0.0, Mean Loss: 0.023317695278163856, Number of Steps: 122
Episode 449, Reward: 0.0, Mean Loss: 0.02299394962708485, Number of Steps: 122
Episode 450, Reward: 0.0, Mean Loss: 0.023232212034077958, Number of Steps: 122
Episode 451, Reward: 0.0, Mean Loss: 0.023371433793399177, Number of Steps: 122
Episode 452, Reward: 0.0, Mean Loss: 0.023009522214243724, Number of Steps: 122
Episode 453, Reward: 0.0, Mean Loss: 0.0231775540827972, Number of Steps: 122
Episode 454, Reward: 0.0, Mean Loss: 0.023297776578430306, Number of Steps: 122
Episode 455, Reward: 0.0, Mean Loss: 0.022833188147652422, Number of Steps: 122
Episode 456, Reward: 0.0, Mean Loss: 0.023311125923742036, Number of Steps: 122
Episode 457, Reward: 0.0, Mean Loss: 0.023011772484603513, Number of Steps: 122
Episode 458, Reward: 0.0, Mean Loss: 0.02271959888946826, Number of Steps: 122
Episode 459, Reward: 0.0, Mean Loss: 0.022949948013029214, Number of Steps: 122
Episode 460, Reward: 0.0, Mean Loss: 0.02345028620396481, Number of Steps: 122
Episode 461, Reward: 0.0, Mean Loss: 0.022953300041453836, Number of Steps: 122
Episode 462, Reward: 0.0, Mean Loss: 0.022997979829746266, Number of Steps: 122
Episode 463, Reward: 0.0, Mean Loss: 0.022977920805655618, Number of Steps: 122
Episode 464, Reward: 0.0, Mean Loss: 0.023317751642621933, Number of Steps: 122
Episode 465, Reward: 0.0, Mean Loss: 0.02316181804435175, Number of Steps: 122
Episode 466, Reward: 0.0, Mean Loss: 0.02326790686493041, Number of Steps: 122
Episode 467, Reward: 0.0, Mean Loss: 0.02329812760724396, Number of Steps: 122
Episode 468, Reward: 0.0, Mean Loss: 0.02311549416982252, Number of Steps: 122
Episode 469, Reward: 0.0, Mean Loss: 0.023134068497785817, Number of Steps: 122
Episode 470, Reward: 0.0, Mean Loss: 0.023351628821892817, Number of Steps: 122
Episode 471, Reward: 0.0, Mean Loss: 0.022682070376071888, Number of Steps: 122
Episode 472, Reward: 0.0, Mean Loss: 0.02317203190828937, Number of Steps: 122
Episode 473, Reward: 0.0, Mean Loss: 0.02288571558057781, Number of Steps: 122
Episode 474, Reward: 0.0, Mean Loss: 0.023061781880836057, Number of Steps: 122
Episode 475, Reward: 0.0, Mean Loss: 0.02280119904932436, Number of Steps: 122
Episode 476, Reward: 0.0, Mean Loss: 0.022703063562507626, Number of Steps: 122
Episode 477, Reward: 0.0, Mean Loss: 0.023285051105452367, Number of Steps: 122
Episode 478, Reward: 0.0, Mean Loss: 0.023387573949504095, Number of Steps: 122
Episode 479, Reward: 0.0, Mean Loss: 0.023325667686027583, Number of Steps: 122
Episode 480, Reward: 0.0, Mean Loss: 0.02286642767631136, Number of Steps: 122
Episode 481, Reward: 0.0, Mean Loss: 0.02318512092949918, Number of Steps: 122
Episode 482, Reward: 0.0, Mean Loss: 0.023022264783455777, Number of Steps: 122
Episode 483, Reward: 0.0, Mean Loss: 0.023395438754900556, Number of Steps: 122
Episode 484, Reward: 0.0, Mean Loss: 0.02326119131159102, Number of Steps: 122
Episode 485, Reward: 0.0, Mean Loss: 0.023469153471046784, Number of Steps: 122
Episode 486, Reward: 0.0, Mean Loss: 0.02311604598608177, Number of Steps: 122
Episode 487, Reward: 0.0, Mean Loss: 0.023264197162834385, Number of Steps: 122
Episode 488, Reward: 0.0, Mean Loss: 0.023360621626870554, Number of Steps: 122
Episode 489, Reward: 0.0, Mean Loss: 0.022459028775853363, Number of Steps: 122
Episode 490, Reward: 0.0, Mean Loss: 0.022990331393079717, Number of Steps: 122
Episode 491, Reward: 0.0, Mean Loss: 0.023451583261494754, Number of Steps: 122
Episode 492, Reward: 0.0, Mean Loss: 0.02304234714822206, Number of Steps: 122
Episode 493, Reward: 0.0, Mean Loss: 0.023262656965583075, Number of Steps: 122
Episode 494, Reward: 0.0, Mean Loss: 0.02318995385242294, Number of Steps: 122
Episode 495, Reward: 0.0, Mean Loss: 0.022842980378553594, Number of Steps: 122
Episode 496, Reward: 0.0, Mean Loss: 0.02318924948247245, Number of Steps: 122
Episode 497, Reward: 0.0, Mean Loss: 0.023348756443320767, Number of Steps: 122
Episode 498, Reward: 0.0, Mean Loss: 0.023533332711238353, Number of Steps: 122
Episode 499, Reward: 0.0, Mean Loss: 0.023410248081581514, Number of Steps: 122
Episode 500, Reward: 0.0, Mean Loss: 0.022855494621059035, Number of Steps: 122
Episode 501, Reward: 0.0, Mean Loss: 0.022798250836666603, Number of Steps: 122
Episode 502, Reward: 0.0, Mean Loss: 0.023109376525576035, Number of Steps: 122
Episode 503, Reward: 0.0, Mean Loss: 0.023122988553115616, Number of Steps: 122
Episode 504, Reward: 0.0, Mean Loss: 0.02315250273040576, Number of Steps: 122
Episode 505, Reward: 0.0, Mean Loss: 0.02265108713665958, Number of Steps: 122
Episode 506, Reward: 0.0, Mean Loss: 0.022913288347257043, Number of Steps: 122
Episode 507, Reward: 0.0, Mean Loss: 0.02319021126387553, Number of Steps: 122
Episode 508, Reward: 0.0, Mean Loss: 0.023134120499174165, Number of Steps: 122
Episode 509, Reward: 0.0, Mean Loss: 0.022990289410685007, Number of Steps: 122
Episode 510, Reward: 0.0, Mean Loss: 0.023272092148783754, Number of Steps: 122
Episode 511, Reward: 0.0, Mean Loss: 0.023149991793139098, Number of Steps: 122
Episode 512, Reward: 0.0, Mean Loss: 0.022673247850449472, Number of Steps: 122
Episode 513, Reward: 0.0, Mean Loss: 0.02300296298222956, Number of Steps: 122
Episode 514, Reward: 0.0, Mean Loss: 0.023207247550775807, Number of Steps: 122
Episode 515, Reward: 0.0, Mean Loss: 0.022864734516603123, Number of Steps: 122
Episode 516, Reward: 0.0, Mean Loss: 0.02322011755850475, Number of Steps: 122
Episode 517, Reward: 0.0, Mean Loss: 0.02343822887442151, Number of Steps: 122
Episode 518, Reward: 0.0, Mean Loss: 0.02279971449060526, Number of Steps: 122
Episode 519, Reward: 0.0, Mean Loss: 0.02336080106677579, Number of Steps: 122
Episode 520, Reward: 0.0, Mean Loss: 0.02307768230880878, Number of Steps: 122
Episode 521, Reward: 0.0, Mean Loss: 0.023212238779810608, Number of Steps: 122
Episode 522, Reward: 0.0, Mean Loss: 0.02311735083007914, Number of Steps: 122
Episode 523, Reward: 0.0, Mean Loss: 0.023236042987860618, Number of Steps: 122
Episode 524, Reward: 0.0, Mean Loss: 0.023085975809214582, Number of Steps: 122
Episode 525, Reward: 0.0, Mean Loss: 0.023202450750953875, Number of Steps: 122
Episode 526, Reward: 0.0, Mean Loss: 0.023503496494815975, Number of Steps: 122
Episode 527, Reward: 0.0, Mean Loss: 0.02323126299764778, Number of Steps: 122
Episode 528, Reward: 0.0, Mean Loss: 0.023355791711660683, Number of Steps: 122
Episode 529, Reward: 0.0, Mean Loss: 0.02306030142909683, Number of Steps: 122
Episode 530, Reward: 0.0, Mean Loss: 0.023346405842753708, Number of Steps: 122
Episode 531, Reward: 0.0, Mean Loss: 0.023212374618957317, Number of Steps: 122
Episode 532, Reward: 0.0, Mean Loss: 0.023264181281088807, Number of Steps: 122
Episode 533, Reward: 0.0, Mean Loss: 0.022673434252372646, Number of Steps: 122
Episode 534, Reward: 0.0, Mean Loss: 0.02305656044372285, Number of Steps: 122
Episode 535, Reward: 0.0, Mean Loss: 0.023308473303303368, Number of Steps: 122
Episode 536, Reward: 0.0, Mean Loss: 0.023318184909556772, Number of Steps: 122
Episode 537, Reward: 0.0, Mean Loss: 0.023289742757428865, Number of Steps: 122
Episode 538, Reward: 0.0, Mean Loss: 0.023367750091997326, Number of Steps: 122
Episode 539, Reward: 0.0, Mean Loss: 0.02337291864220236, Number of Steps: 122
Episode 540, Reward: 0.0, Mean Loss: 0.02309243666873119, Number of Steps: 122
Episode 541, Reward: 0.0, Mean Loss: 0.023301843263697428, Number of Steps: 122
Episode 542, Reward: 0.0, Mean Loss: 0.023043680820875555, Number of Steps: 122
Episode 543, Reward: 0.0, Mean Loss: 0.023007570406408658, Number of Steps: 122
Episode 544, Reward: 0.0, Mean Loss: 0.022746100814938622, Number of Steps: 122
Episode 545, Reward: 0.0, Mean Loss: 0.0232493076015447, Number of Steps: 122
Episode 546, Reward: 0.0, Mean Loss: 0.023019757171063186, Number of Steps: 122
Episode 547, Reward: 0.0, Mean Loss: 0.023267598795636793, Number of Steps: 122
Episode 548, Reward: 0.0, Mean Loss: 0.023215151242706657, Number of Steps: 122
Episode 549, Reward: 0.0, Mean Loss: 0.02290902487465112, Number of Steps: 122
Episode 550, Reward: 0.0, Mean Loss: 0.02291884438872345, Number of Steps: 122
Episode 551, Reward: 0.0, Mean Loss: 0.022929805643201927, Number of Steps: 122
Episode 552, Reward: 0.0, Mean Loss: 0.02264894338476865, Number of Steps: 122
Episode 553, Reward: 0.0, Mean Loss: 0.023065676458096932, Number of Steps: 122
Episode 554, Reward: 0.0, Mean Loss: 0.022589399978269434, Number of Steps: 122
Episode 555, Reward: 0.0, Mean Loss: 0.02302411020677117, Number of Steps: 122
Episode 556, Reward: 0.0, Mean Loss: 0.02323160589229865, Number of Steps: 122
Episode 557, Reward: 0.0, Mean Loss: 0.022750781141827457, Number of Steps: 122
Episode 558, Reward: 0.0, Mean Loss: 0.023107615822079767, Number of Steps: 122
Episode 559, Reward: 0.0, Mean Loss: 0.02322712493297018, Number of Steps: 122
Episode 560, Reward: 0.0, Mean Loss: 0.023149994419163406, Number of Steps: 122
Episode 561, Reward: 0.0, Mean Loss: 0.02307741543145461, Number of Steps: 122
Episode 562, Reward: 0.0, Mean Loss: 0.023027476998948738, Number of Steps: 122
Episode 563, Reward: 0.0, Mean Loss: 0.023196485168376905, Number of Steps: 122
Episode 564, Reward: 0.0, Mean Loss: 0.02332984646934955, Number of Steps: 122
Episode 565, Reward: 0.0, Mean Loss: 0.023020619942189277, Number of Steps: 122
Episode 566, Reward: 0.0, Mean Loss: 0.02311759636335201, Number of Steps: 122
Episode 567, Reward: 0.0, Mean Loss: 0.02327088848306019, Number of Steps: 122
Episode 568, Reward: 0.0, Mean Loss: 0.02304582817245706, Number of Steps: 122
Episode 569, Reward: 0.0, Mean Loss: 0.022654981408568794, Number of Steps: 122
Episode 570, Reward: 0.0, Mean Loss: 0.022738706342709924, Number of Steps: 122
Episode 571, Reward: 0.0, Mean Loss: 0.02290631762679979, Number of Steps: 122
Episode 572, Reward: 0.0, Mean Loss: 0.023359959502322752, Number of Steps: 122
Episode 573, Reward: 0.0, Mean Loss: 0.022661232686511882, Number of Steps: 122
Episode 574, Reward: 0.0, Mean Loss: 0.022810148219549343, Number of Steps: 122
Episode 575, Reward: 0.0, Mean Loss: 0.023313329753572823, Number of Steps: 122
Episode 576, Reward: 0.0, Mean Loss: 0.022760784367269256, Number of Steps: 122
Episode 577, Reward: 0.0, Mean Loss: 0.02314905553913511, Number of Steps: 122
Episode 578, Reward: 0.0, Mean Loss: 0.023250735074770254, Number of Steps: 122
Episode 579, Reward: 0.0, Mean Loss: 0.023137765146098214, Number of Steps: 122
Episode 580, Reward: 0.0, Mean Loss: 0.02319148729794342, Number of Steps: 122
Episode 581, Reward: 0.0, Mean Loss: 0.022736288296878453, Number of Steps: 122
Episode 582, Reward: 0.0, Mean Loss: 0.02310088321830902, Number of Steps: 122
Episode 583, Reward: 0.0, Mean Loss: 0.023101108213223434, Number of Steps: 122
Episode 584, Reward: 0.0, Mean Loss: 0.023253914808518576, Number of Steps: 122
Episode 585, Reward: 0.0, Mean Loss: 0.023234907449552308, Number of Steps: 122
Episode 586, Reward: 0.0, Mean Loss: 0.02289693580380236, Number of Steps: 122
Episode 587, Reward: 0.0, Mean Loss: 0.022386347995708374, Number of Steps: 122
Episode 588, Reward: 0.0, Mean Loss: 0.0232127288574225, Number of Steps: 122
Episode 589, Reward: 0.0, Mean Loss: 0.02299323306179445, Number of Steps: 122
Episode 590, Reward: 0.0, Mean Loss: 0.023142746805817415, Number of Steps: 122
Episode 591, Reward: 0.0, Mean Loss: 0.022925705594806473, Number of Steps: 122
Episode 592, Reward: 0.0, Mean Loss: 0.023174883935173026, Number of Steps: 122
Episode 593, Reward: 0.0, Mean Loss: 0.023372979514056542, Number of Steps: 122
Episode 594, Reward: 0.0, Mean Loss: 0.02323472838787759, Number of Steps: 122
Episode 595, Reward: 0.0, Mean Loss: 0.022977965215596058, Number of Steps: 122
Episode 596, Reward: 0.0, Mean Loss: 0.023220257837059107, Number of Steps: 122
Episode 597, Reward: 0.0, Mean Loss: 0.02315445940859986, Number of Steps: 122
Episode 598, Reward: 0.0, Mean Loss: 0.022944967315167753, Number of Steps: 122
Episode 599, Reward: 0.0, Mean Loss: 0.02312898550711698, Number of Steps: 122
Episode 600, Reward: 0.0, Mean Loss: 0.023076744570390162, Number of Steps: 122
Episode 601, Reward: 0.0, Mean Loss: 0.023245761277856398, Number of Steps: 122
Episode 602, Reward: 0.0, Mean Loss: 0.022688746722257642, Number of Steps: 122
Episode 603, Reward: 0.0, Mean Loss: 0.022856636880563008, Number of Steps: 122
Episode 604, Reward: 0.0, Mean Loss: 0.02310208648361636, Number of Steps: 122
Episode 605, Reward: 0.0, Mean Loss: 0.023200803592473795, Number of Steps: 122
Episode 606, Reward: 0.0, Mean Loss: 0.023307897413524487, Number of Steps: 122
Episode 607, Reward: 0.0, Mean Loss: 0.02320872139165151, Number of Steps: 122
Episode 608, Reward: 0.0, Mean Loss: 0.022808546527932003, Number of Steps: 122
Episode 609, Reward: 0.0, Mean Loss: 0.0226322855729062, Number of Steps: 122
Episode 610, Reward: 0.0, Mean Loss: 0.023189582480270355, Number of Steps: 122
Episode 611, Reward: 0.0, Mean Loss: 0.02299050974898655, Number of Steps: 122
Episode 612, Reward: 0.0, Mean Loss: 0.023231970100495658, Number of Steps: 122
Episode 613, Reward: 0.0, Mean Loss: 0.023208567448610204, Number of Steps: 122
Episode 614, Reward: 0.0, Mean Loss: 0.023379268765938085, Number of Steps: 122
Episode 615, Reward: 0.0, Mean Loss: 0.02282280338184763, Number of Steps: 122
Episode 616, Reward: 0.0, Mean Loss: 0.023266591895066323, Number of Steps: 122
Episode 617, Reward: 0.0, Mean Loss: 0.023220502668023148, Number of Steps: 122
Episode 618, Reward: 0.0, Mean Loss: 0.022873605669478, Number of Steps: 122
Episode 619, Reward: 0.0, Mean Loss: 0.02331200335174799, Number of Steps: 122
Episode 620, Reward: 0.0, Mean Loss: 0.023205990631722073, Number of Steps: 122
Episode 621, Reward: 0.0, Mean Loss: 0.023215490610545814, Number of Steps: 122
Episode 622, Reward: 0.0, Mean Loss: 0.02337612666678233, Number of Steps: 122
Episode 623, Reward: 0.0, Mean Loss: 0.023253624052664297, Number of Steps: 122
Episode 624, Reward: 0.0, Mean Loss: 0.023041788400480042, Number of Steps: 122
Episode 625, Reward: 0.0, Mean Loss: 0.023181184305314195, Number of Steps: 122
Episode 626, Reward: 0.0, Mean Loss: 0.023415164014355082, Number of Steps: 122
Episode 627, Reward: 0.0, Mean Loss: 0.023091396595161507, Number of Steps: 122
Episode 628, Reward: 0.0, Mean Loss: 0.022984612419424563, Number of Steps: 122
Episode 629, Reward: 0.0, Mean Loss: 0.023153959288377293, Number of Steps: 122
Episode 630, Reward: 0.0, Mean Loss: 0.02349119714354394, Number of Steps: 122
Episode 631, Reward: 0.0, Mean Loss: 0.023238437497996933, Number of Steps: 122
Episode 632, Reward: 0.0, Mean Loss: 0.023188753194413263, Number of Steps: 122
Episode 633, Reward: 0.0, Mean Loss: 0.02344757020778832, Number of Steps: 122
Episode 634, Reward: 0.0, Mean Loss: 0.02316071600312096, Number of Steps: 122
Episode 635, Reward: 0.0, Mean Loss: 0.023422187698058417, Number of Steps: 122
Episode 636, Reward: 0.0, Mean Loss: 0.023297574557769533, Number of Steps: 122
Episode 637, Reward: 0.0, Mean Loss: 0.023121453214414823, Number of Steps: 122
Episode 638, Reward: 0.0, Mean Loss: 0.02335271686620888, Number of Steps: 122
Episode 639, Reward: 0.0, Mean Loss: 0.02315851879942128, Number of Steps: 122
Episode 640, Reward: 0.0, Mean Loss: 0.023346760401838137, Number of Steps: 122
Episode 641, Reward: 0.0, Mean Loss: 0.022688373231370056, Number of Steps: 122
Episode 642, Reward: 0.0, Mean Loss: 0.02282506344564637, Number of Steps: 122
Episode 643, Reward: 0.0, Mean Loss: 0.022997020564035353, Number of Steps: 122
Episode 644, Reward: 0.0, Mean Loss: 0.023238519072693916, Number of Steps: 122
Episode 645, Reward: 0.0, Mean Loss: 0.02325930043322141, Number of Steps: 122
Episode 646, Reward: 0.0, Mean Loss: 0.023026966466234432, Number of Steps: 122
Episode 647, Reward: 0.0, Mean Loss: 0.022836246458311626, Number of Steps: 122
Episode 648, Reward: 0.0, Mean Loss: 0.022988183595279238, Number of Steps: 122
Episode 649, Reward: 0.0, Mean Loss: 0.02352779631915151, Number of Steps: 122
Episode 650, Reward: 0.0, Mean Loss: 0.023367422755013724, Number of Steps: 122
Episode 651, Reward: 0.0, Mean Loss: 0.02332052614417721, Number of Steps: 122
Episode 652, Reward: 0.0, Mean Loss: 0.023404267189077666, Number of Steps: 122
Episode 653, Reward: 0.0, Mean Loss: 0.022668043971056935, Number of Steps: 122
Episode 654, Reward: 0.0, Mean Loss: 0.023287024058890146, Number of Steps: 122
Episode 655, Reward: 0.0, Mean Loss: 0.023202324564378807, Number of Steps: 122
Episode 656, Reward: 0.0, Mean Loss: 0.023146821051997276, Number of Steps: 122
Episode 657, Reward: 0.0, Mean Loss: 0.022998890968575905, Number of Steps: 122
Episode 658, Reward: 0.0, Mean Loss: 0.0232731216266507, Number of Steps: 122
Episode 659, Reward: 0.0, Mean Loss: 0.023399882369720546, Number of Steps: 122
Episode 660, Reward: 0.0, Mean Loss: 0.023197190870066196, Number of Steps: 122
Episode 661, Reward: 0.0, Mean Loss: 0.023088929906809993, Number of Steps: 122
Episode 662, Reward: 0.0, Mean Loss: 0.02308756250806523, Number of Steps: 122
Episode 663, Reward: 0.0, Mean Loss: 0.023279550290293417, Number of Steps: 122
Episode 664, Reward: 0.0, Mean Loss: 0.023187723713087253, Number of Steps: 122
Episode 665, Reward: 0.0, Mean Loss: 0.02334837291817196, Number of Steps: 122
Episode 666, Reward: 0.0, Mean Loss: 0.023146946044241796, Number of Steps: 122
Episode 667, Reward: 0.0, Mean Loss: 0.022735664188612795, Number of Steps: 122
Episode 668, Reward: 0.0, Mean Loss: 0.023107317493504226, Number of Steps: 122
Episode 669, Reward: 0.0, Mean Loss: 0.02277289754909093, Number of Steps: 122
Episode 670, Reward: 0.0, Mean Loss: 0.022832689817196147, Number of Steps: 122
Episode 671, Reward: 0.0, Mean Loss: 0.02301005309864642, Number of Steps: 122
Episode 672, Reward: 0.0, Mean Loss: 0.022950820021043136, Number of Steps: 122
Episode 673, Reward: 0.0, Mean Loss: 0.022939027611144292, Number of Steps: 122
Episode 674, Reward: 0.0, Mean Loss: 0.023570222642700204, Number of Steps: 122
Episode 675, Reward: 0.0, Mean Loss: 0.02338519115306315, Number of Steps: 122
Episode 676, Reward: 0.0, Mean Loss: 0.022851762796234965, Number of Steps: 122
Episode 677, Reward: 0.0, Mean Loss: 0.023037474468511673, Number of Steps: 122
Episode 678, Reward: 0.0, Mean Loss: 0.023111621963030078, Number of Steps: 122
Episode 679, Reward: 0.0, Mean Loss: 0.02316428054103601, Number of Steps: 122
Episode 680, Reward: 0.0, Mean Loss: 0.022929914119380494, Number of Steps: 122
Episode 681, Reward: 0.0, Mean Loss: 0.023072029589546548, Number of Steps: 122
Episode 682, Reward: 0.0, Mean Loss: 0.023298629666449595, Number of Steps: 122
Episode 683, Reward: 0.0, Mean Loss: 0.023128142629651786, Number of Steps: 122
Episode 684, Reward: 0.0, Mean Loss: 0.023304462356523413, Number of Steps: 122
Episode 685, Reward: 0.0, Mean Loss: 0.023309514952893177, Number of Steps: 122
Episode 686, Reward: 0.0, Mean Loss: 0.022869065777278413, Number of Steps: 122
Episode 687, Reward: 0.0, Mean Loss: 0.023523521243182362, Number of Steps: 122
Episode 688, Reward: 0.0, Mean Loss: 0.02328702613874052, Number of Steps: 122
Episode 689, Reward: 0.0, Mean Loss: 0.02306865481242297, Number of Steps: 122
Episode 690, Reward: 0.0, Mean Loss: 0.02332340291146376, Number of Steps: 122
Episode 691, Reward: 0.0, Mean Loss: 0.02300342046355134, Number of Steps: 122
Episode 692, Reward: 0.0, Mean Loss: 0.023033303059432388, Number of Steps: 122
Episode 693, Reward: 0.0, Mean Loss: 0.02295707191314861, Number of Steps: 122
Episode 694, Reward: 0.0, Mean Loss: 0.023240697356398967, Number of Steps: 122
Episode 695, Reward: 0.0, Mean Loss: 0.023047564050863063, Number of Steps: 122
Episode 696, Reward: 0.0, Mean Loss: 0.02322122561862238, Number of Steps: 122
Episode 697, Reward: 0.0, Mean Loss: 0.02255482715029712, Number of Steps: 122
Episode 698, Reward: 0.0, Mean Loss: 0.022955790993454104, Number of Steps: 122
Episode 699, Reward: 0.0, Mean Loss: 0.023228237848179262, Number of Steps: 122
Episode 700, Reward: 0.0, Mean Loss: 0.022989345275149033, Number of Steps: 122
Episode 701, Reward: 0.0, Mean Loss: 0.023210501637654264, Number of Steps: 122
Episode 702, Reward: 0.0, Mean Loss: 0.023242957722090306, Number of Steps: 122
Episode 703, Reward: 0.0, Mean Loss: 0.023314260144824864, Number of Steps: 122
Episode 704, Reward: 0.0, Mean Loss: 0.022482339230262997, Number of Steps: 122
Episode 705, Reward: 0.0, Mean Loss: 0.022918186588360753, Number of Steps: 122
Episode 706, Reward: 0.0, Mean Loss: 0.023228736029418766, Number of Steps: 122
Episode 707, Reward: 0.0, Mean Loss: 0.022822820115118807, Number of Steps: 122
Episode 708, Reward: 0.0, Mean Loss: 0.02318433645053969, Number of Steps: 122
Episode 709, Reward: 0.0, Mean Loss: 0.02276218833187576, Number of Steps: 122
Episode 710, Reward: 0.0, Mean Loss: 0.02316238184912287, Number of Steps: 122
Episode 711, Reward: 0.0, Mean Loss: 0.022560175812181053, Number of Steps: 122
Episode 712, Reward: 0.0, Mean Loss: 0.023032749658803548, Number of Steps: 122
Episode 713, Reward: 0.0, Mean Loss: 0.023242674890111704, Number of Steps: 122
Episode 714, Reward: 0.0, Mean Loss: 0.02321466472590071, Number of Steps: 122
Episode 715, Reward: 0.0, Mean Loss: 0.023369944440658954, Number of Steps: 122
Episode 716, Reward: 0.0, Mean Loss: 0.023541886374720784, Number of Steps: 122
Episode 717, Reward: 0.0, Mean Loss: 0.02306857800121194, Number of Steps: 122
Episode 718, Reward: 0.0, Mean Loss: 0.023421207961977504, Number of Steps: 122
Episode 719, Reward: 0.0, Mean Loss: 0.023338718782560747, Number of Steps: 122
Episode 720, Reward: 0.0, Mean Loss: 0.023363818307636213, Number of Steps: 122
Episode 721, Reward: 0.0, Mean Loss: 0.02294323700942962, Number of Steps: 122
Episode 722, Reward: 0.0, Mean Loss: 0.02331000045857957, Number of Steps: 122
Episode 723, Reward: 0.0, Mean Loss: 0.02335566976947374, Number of Steps: 122
Episode 724, Reward: 0.0, Mean Loss: 0.02295305355813175, Number of Steps: 122
Episode 725, Reward: 0.0, Mean Loss: 0.022935671158579606, Number of Steps: 122
Episode 726, Reward: 0.0, Mean Loss: 0.023326367124548702, Number of Steps: 122
Episode 727, Reward: 0.0, Mean Loss: 0.02294002173274763, Number of Steps: 122
Episode 728, Reward: 0.0, Mean Loss: 0.02311786038566812, Number of Steps: 122
Episode 729, Reward: 0.0, Mean Loss: 0.022791713700304382, Number of Steps: 122
Episode 730, Reward: 0.0, Mean Loss: 0.02347091386919139, Number of Steps: 122
Episode 731, Reward: 0.0, Mean Loss: 0.02267144285569437, Number of Steps: 122
Episode 732, Reward: 0.0, Mean Loss: 0.023317394579653858, Number of Steps: 122
Episode 733, Reward: 0.0, Mean Loss: 0.02302973469281302, Number of Steps: 122
Episode 734, Reward: 0.0, Mean Loss: 0.023154074631509234, Number of Steps: 122
Episode 735, Reward: 0.0, Mean Loss: 0.023275442497774225, Number of Steps: 122
Episode 736, Reward: 0.0, Mean Loss: 0.02316730633174302, Number of Steps: 122
Episode 737, Reward: 0.0, Mean Loss: 0.023316303576885716, Number of Steps: 122
Episode 738, Reward: 0.0, Mean Loss: 0.02329713624072372, Number of Steps: 122
Episode 739, Reward: 0.0, Mean Loss: 0.022851254999877113, Number of Steps: 122
Episode 740, Reward: 0.0, Mean Loss: 0.023154725156152873, Number of Steps: 122
Episode 741, Reward: 0.0, Mean Loss: 0.023158381971340725, Number of Steps: 122
Episode 742, Reward: 0.0, Mean Loss: 0.023210070420034635, Number of Steps: 122
Episode 743, Reward: 0.0, Mean Loss: 0.02304543782615763, Number of Steps: 122
Episode 744, Reward: 0.0, Mean Loss: 0.023087752955897947, Number of Steps: 122
Episode 745, Reward: 0.0, Mean Loss: 0.023328460676626105, Number of Steps: 122
Episode 746, Reward: 0.0, Mean Loss: 0.023325061948123563, Number of Steps: 122
Episode 747, Reward: 0.0, Mean Loss: 0.023244695939895598, Number of Steps: 122
Episode 748, Reward: 0.0, Mean Loss: 0.022721570652034555, Number of Steps: 122
Episode 749, Reward: 0.0, Mean Loss: 0.023404695475321324, Number of Steps: 122
Episode 750, Reward: 0.0, Mean Loss: 0.02330803080293976, Number of Steps: 122
Episode 751, Reward: 0.0, Mean Loss: 0.023001817306246012, Number of Steps: 122
Episode 752, Reward: 0.0, Mean Loss: 0.02294379716178929, Number of Steps: 122
Episode 753, Reward: 0.0, Mean Loss: 0.023227869151312797, Number of Steps: 122
Episode 754, Reward: 0.0, Mean Loss: 0.022923851560574162, Number of Steps: 122
Episode 755, Reward: 0.0, Mean Loss: 0.023104452455180627, Number of Steps: 122
Episode 756, Reward: 0.0, Mean Loss: 0.023181301068331373, Number of Steps: 122
Episode 757, Reward: 0.0, Mean Loss: 0.023341179000916052, Number of Steps: 122
Episode 758, Reward: 0.0, Mean Loss: 0.023409657577266457, Number of Steps: 122
Episode 759, Reward: 0.0, Mean Loss: 0.023141980525817087, Number of Steps: 122
Episode 760, Reward: 0.0, Mean Loss: 0.023038963760181566, Number of Steps: 122
Episode 761, Reward: 0.0, Mean Loss: 0.02336648120315837, Number of Steps: 122
Episode 762, Reward: 0.0, Mean Loss: 0.022888827358313348, Number of Steps: 122
Episode 763, Reward: 0.0, Mean Loss: 0.02326546409396363, Number of Steps: 122
Episode 764, Reward: 0.0, Mean Loss: 0.02331810230847265, Number of Steps: 122
Episode 765, Reward: 0.0, Mean Loss: 0.023275594532367636, Number of Steps: 122
Episode 766, Reward: 0.0, Mean Loss: 0.02308742119131522, Number of Steps: 122
Episode 767, Reward: 0.0, Mean Loss: 0.02308729734068038, Number of Steps: 122
Episode 768, Reward: 0.0, Mean Loss: 0.02313298336957814, Number of Steps: 122
Episode 769, Reward: 0.0, Mean Loss: 0.023407520680520377, Number of Steps: 122
Episode 770, Reward: 0.0, Mean Loss: 0.02327030073036917, Number of Steps: 122
Episode 771, Reward: 0.0, Mean Loss: 0.02303788217405319, Number of Steps: 122
Episode 772, Reward: 0.0, Mean Loss: 0.023082628620613832, Number of Steps: 122
Episode 773, Reward: 0.0, Mean Loss: 0.022790541818229954, Number of Steps: 122
Episode 774, Reward: 0.0, Mean Loss: 0.02341826884534027, Number of Steps: 122
Episode 775, Reward: 0.0, Mean Loss: 0.022477304317213627, Number of Steps: 122
Episode 776, Reward: 0.0, Mean Loss: 0.02329041978313786, Number of Steps: 122
Episode 777, Reward: 0.0, Mean Loss: 0.023244541107875404, Number of Steps: 122
Episode 778, Reward: 0.0, Mean Loss: 0.022878098610400216, Number of Steps: 122
Episode 779, Reward: 0.0, Mean Loss: 0.0230381137409465, Number of Steps: 122
Episode 780, Reward: 0.0, Mean Loss: 0.023380818517237414, Number of Steps: 122
Episode 781, Reward: 0.0, Mean Loss: 0.023046367759382177, Number of Steps: 122
Episode 782, Reward: 0.0, Mean Loss: 0.022918697117615995, Number of Steps: 122
Episode 783, Reward: 0.0, Mean Loss: 0.023046969989201124, Number of Steps: 122
Episode 784, Reward: 0.0, Mean Loss: 0.023135313969611222, Number of Steps: 122
Episode 785, Reward: 0.0, Mean Loss: 0.023218764938780518, Number of Steps: 122
Episode 786, Reward: 0.0, Mean Loss: 0.02311996315936577, Number of Steps: 122
Episode 787, Reward: 0.0, Mean Loss: 0.022948930795031568, Number of Steps: 122
Episode 788, Reward: 0.0, Mean Loss: 0.023168364711144945, Number of Steps: 122
Episode 789, Reward: 0.0, Mean Loss: 0.02267353222445398, Number of Steps: 122
Episode 790, Reward: 0.0, Mean Loss: 0.023196907652938952, Number of Steps: 122
Episode 791, Reward: 0.0, Mean Loss: 0.022900567473280703, Number of Steps: 122
Episode 792, Reward: 0.0, Mean Loss: 0.022749103616124408, Number of Steps: 122
Episode 793, Reward: 0.0, Mean Loss: 0.02331738555651219, Number of Steps: 122
Episode 794, Reward: 0.0, Mean Loss: 0.022783573971537407, Number of Steps: 122
Episode 795, Reward: 0.0, Mean Loss: 0.022661472772716615, Number of Steps: 122
Episode 796, Reward: 0.0, Mean Loss: 0.02329118334550838, Number of Steps: 122
Episode 797, Reward: 0.0, Mean Loss: 0.023376538265557564, Number of Steps: 122
Episode 798, Reward: 0.0, Mean Loss: 0.02326255798930031, Number of Steps: 122
Episode 799, Reward: 0.0, Mean Loss: 0.023182515363751904, Number of Steps: 122
Episode 800, Reward: 0.0, Mean Loss: 0.023114286534527323, Number of Steps: 122
Episode 801, Reward: 0.0, Mean Loss: 0.023087109015041726, Number of Steps: 122
Episode 802, Reward: 0.0, Mean Loss: 0.023334404392564883, Number of Steps: 122
Episode 803, Reward: 0.0, Mean Loss: 0.023212961077362825, Number of Steps: 122
Episode 804, Reward: 0.0, Mean Loss: 0.023419217496621805, Number of Steps: 122
Episode 805, Reward: 0.0, Mean Loss: 0.023044645942420294, Number of Steps: 122
Episode 806, Reward: 0.0, Mean Loss: 0.02290951084182407, Number of Steps: 122
Episode 807, Reward: 0.0, Mean Loss: 0.022976484248218066, Number of Steps: 122
Episode 808, Reward: 0.0, Mean Loss: 0.022773080378399636, Number of Steps: 122
Episode 809, Reward: 0.0, Mean Loss: 0.023297671445852458, Number of Steps: 122
Episode 810, Reward: 0.0, Mean Loss: 0.022990894144387593, Number of Steps: 122
Episode 811, Reward: 0.0, Mean Loss: 0.022858144695270373, Number of Steps: 122
Episode 812, Reward: 0.0, Mean Loss: 0.023191992074778862, Number of Steps: 122
Episode 813, Reward: 0.0, Mean Loss: 0.023166138941797115, Number of Steps: 122
Episode 814, Reward: 0.0, Mean Loss: 0.02316475171392085, Number of Steps: 122
Episode 815, Reward: 0.0, Mean Loss: 0.023484798743710168, Number of Steps: 122
Episode 816, Reward: 0.0, Mean Loss: 0.02316670695696213, Number of Steps: 122
Episode 817, Reward: 0.0, Mean Loss: 0.023048236984859763, Number of Steps: 122
Episode 818, Reward: 0.0, Mean Loss: 0.022964014174830794, Number of Steps: 122
Episode 819, Reward: 0.0, Mean Loss: 0.022804992478846604, Number of Steps: 122
Episode 820, Reward: 0.0, Mean Loss: 0.02317187069787846, Number of Steps: 122
Episode 821, Reward: 0.0, Mean Loss: 0.023212959348666865, Number of Steps: 122
Episode 822, Reward: 0.0, Mean Loss: 0.023083718714245107, Number of Steps: 122
Episode 823, Reward: 0.0, Mean Loss: 0.023125082273136435, Number of Steps: 122
Episode 824, Reward: 0.0, Mean Loss: 0.023233419879660256, Number of Steps: 122
Episode 825, Reward: 0.0, Mean Loss: 0.023392728407729844, Number of Steps: 122
Episode 826, Reward: 0.0, Mean Loss: 0.02326180727877578, Number of Steps: 122
Episode 827, Reward: 0.0, Mean Loss: 0.02300870533401364, Number of Steps: 122
Episode 828, Reward: 0.0, Mean Loss: 0.023111638509631195, Number of Steps: 122
Episode 829, Reward: 0.0, Mean Loss: 0.023091006432073076, Number of Steps: 122
Episode 830, Reward: 0.0, Mean Loss: 0.02330119023862921, Number of Steps: 122
Episode 831, Reward: 0.0, Mean Loss: 0.02300536781325211, Number of Steps: 122
Episode 832, Reward: 0.0, Mean Loss: 0.023320935437547378, Number of Steps: 122
Episode 833, Reward: 0.0, Mean Loss: 0.02272996867777394, Number of Steps: 122
Episode 834, Reward: 0.0, Mean Loss: 0.023381409143693136, Number of Steps: 122
Episode 835, Reward: 0.0, Mean Loss: 0.022907765207432408, Number of Steps: 122
Episode 836, Reward: 0.0, Mean Loss: 0.022933969540630286, Number of Steps: 122
Episode 837, Reward: 0.0, Mean Loss: 0.023089318176718106, Number of Steps: 122
Episode 838, Reward: 0.0, Mean Loss: 0.022767237489580247, Number of Steps: 122
Episode 839, Reward: 0.0, Mean Loss: 0.023438868189200025, Number of Steps: 122
Episode 840, Reward: 0.0, Mean Loss: 0.023244740777328365, Number of Steps: 122
Episode 841, Reward: 0.0, Mean Loss: 0.02329155506881538, Number of Steps: 122
Episode 842, Reward: 0.0, Mean Loss: 0.023158489241380222, Number of Steps: 122
Episode 843, Reward: 0.0, Mean Loss: 0.022864079995311752, Number of Steps: 122
Episode 844, Reward: 0.0, Mean Loss: 0.023317892821963695, Number of Steps: 122
Episode 845, Reward: 0.0, Mean Loss: 0.023396602801245746, Number of Steps: 122
Episode 846, Reward: 0.0, Mean Loss: 0.023337491425007132, Number of Steps: 122
Episode 847, Reward: 0.0, Mean Loss: 0.02332477960124856, Number of Steps: 122
Episode 848, Reward: 0.0, Mean Loss: 0.023105213360991673, Number of Steps: 122
Episode 849, Reward: 0.0, Mean Loss: 0.02312682004126369, Number of Steps: 122
Episode 850, Reward: 0.0, Mean Loss: 0.02337509587590323, Number of Steps: 122
Episode 851, Reward: 0.0, Mean Loss: 0.02282520491507221, Number of Steps: 122
Episode 852, Reward: 0.0, Mean Loss: 0.023417811398012717, Number of Steps: 122
Episode 853, Reward: 0.0, Mean Loss: 0.023058359667331507, Number of Steps: 122
Episode 854, Reward: 0.0, Mean Loss: 0.02332890849010866, Number of Steps: 122
Episode 855, Reward: 0.0, Mean Loss: 0.023019095401128863, Number of Steps: 122
Episode 856, Reward: 0.0, Mean Loss: 0.02312915873311586, Number of Steps: 122
Episode 857, Reward: 0.0, Mean Loss: 0.023399212870930063, Number of Steps: 122
Episode 858, Reward: 0.0, Mean Loss: 0.023036260882318096, Number of Steps: 122
Episode 859, Reward: 0.0, Mean Loss: 0.023191368256597282, Number of Steps: 122
Episode 860, Reward: 0.0, Mean Loss: 0.022693001064848818, Number of Steps: 122
Episode 861, Reward: 0.0, Mean Loss: 0.02335614529361979, Number of Steps: 122
Episode 862, Reward: 0.0, Mean Loss: 0.02311877660860296, Number of Steps: 122
Episode 863, Reward: 0.0, Mean Loss: 0.023289797067681334, Number of Steps: 122
Episode 864, Reward: 0.0, Mean Loss: 0.022676845793836543, Number of Steps: 122
Episode 865, Reward: 0.0, Mean Loss: 0.023185213985418725, Number of Steps: 122
Episode 866, Reward: 0.0, Mean Loss: 0.02313713363305471, Number of Steps: 122
Episode 867, Reward: 0.0, Mean Loss: 0.02290069431636185, Number of Steps: 122
Episode 868, Reward: 0.0, Mean Loss: 0.02323068736395875, Number of Steps: 122
Episode 869, Reward: 0.0, Mean Loss: 0.023247555142543355, Number of Steps: 122
Episode 870, Reward: 0.0, Mean Loss: 0.023163637974262276, Number of Steps: 122
Episode 871, Reward: 0.0, Mean Loss: 0.023434912724817385, Number of Steps: 122
Episode 872, Reward: 0.0, Mean Loss: 0.02343438271066693, Number of Steps: 122
Episode 873, Reward: 0.0, Mean Loss: 0.02315729503809917, Number of Steps: 122
Episode 874, Reward: 0.0, Mean Loss: 0.022879846721599414, Number of Steps: 122
Episode 875, Reward: 0.0, Mean Loss: 0.022609156582072246, Number of Steps: 122
Episode 876, Reward: 0.0, Mean Loss: 0.02314699281230817, Number of Steps: 122
Episode 877, Reward: 0.0, Mean Loss: 0.023361951967731852, Number of Steps: 122
Episode 878, Reward: 0.0, Mean Loss: 0.023364355757099685, Number of Steps: 122
Episode 879, Reward: 0.0, Mean Loss: 0.023285673519016288, Number of Steps: 122
Episode 880, Reward: 0.0, Mean Loss: 0.02290509249485426, Number of Steps: 122
Episode 881, Reward: 0.0, Mean Loss: 0.022706530754312254, Number of Steps: 122
Episode 882, Reward: 0.0, Mean Loss: 0.022946142201497006, Number of Steps: 122
Episode 883, Reward: 0.0, Mean Loss: 0.0231410409129448, Number of Steps: 122
Episode 884, Reward: 0.0, Mean Loss: 0.022869215903423924, Number of Steps: 122
Episode 885, Reward: 0.0, Mean Loss: 0.022486289870089347, Number of Steps: 122
Episode 886, Reward: 0.0, Mean Loss: 0.02299854269973575, Number of Steps: 122
Episode 887, Reward: 0.0, Mean Loss: 0.023260683004484802, Number of Steps: 122
Episode 888, Reward: 0.0, Mean Loss: 0.02325189782682993, Number of Steps: 122
Episode 889, Reward: 0.0, Mean Loss: 0.023371424541243763, Number of Steps: 122
Episode 890, Reward: 0.0, Mean Loss: 0.022828058499249355, Number of Steps: 122
Episode 891, Reward: 0.0, Mean Loss: 0.02327742511559217, Number of Steps: 122
Episode 892, Reward: 0.0, Mean Loss: 0.023387162411799195, Number of Steps: 122
Episode 893, Reward: 0.0, Mean Loss: 0.02282063298802403, Number of Steps: 122
Episode 894, Reward: 0.0, Mean Loss: 0.023091563546183694, Number of Steps: 122
Episode 895, Reward: 0.0, Mean Loss: 0.0232846753244273, Number of Steps: 122
Episode 896, Reward: 0.0, Mean Loss: 0.02327498363056144, Number of Steps: 122
Episode 897, Reward: 0.0, Mean Loss: 0.023123278687315296, Number of Steps: 123
Episode 898, Reward: 0.0, Mean Loss: 0.02299841235691899, Number of Steps: 122
Episode 899, Reward: 0.0, Mean Loss: 0.022940379638891843, Number of Steps: 122
Episode 900, Reward: 0.0, Mean Loss: 0.023136411445834636, Number of Steps: 122
Episode 901, Reward: 0.0, Mean Loss: 0.02305531765064263, Number of Steps: 122
Episode 902, Reward: 0.0, Mean Loss: 0.023138106727736932, Number of Steps: 122
Episode 903, Reward: 0.0, Mean Loss: 0.022493158523293907, Number of Steps: 122
Episode 904, Reward: 0.0, Mean Loss: 0.023334395155677052, Number of Steps: 122
Episode 905, Reward: 0.0, Mean Loss: 0.023423893117635954, Number of Steps: 122
Episode 906, Reward: 0.0, Mean Loss: 0.023208027373122424, Number of Steps: 122
Episode 907, Reward: 0.0, Mean Loss: 0.023404876121365634, Number of Steps: 122
Episode 908, Reward: 0.0, Mean Loss: 0.0234013987613506, Number of Steps: 122
Episode 909, Reward: 0.0, Mean Loss: 0.023386459141114695, Number of Steps: 122
Episode 910, Reward: 0.0, Mean Loss: 0.023494235774288413, Number of Steps: 122
Episode 911, Reward: 0.0, Mean Loss: 0.022817212701694026, Number of Steps: 122
Episode 912, Reward: 0.0, Mean Loss: 0.023259646568058984, Number of Steps: 122
Episode 913, Reward: 0.0, Mean Loss: 0.023310507739298655, Number of Steps: 122
Episode 914, Reward: 0.0, Mean Loss: 0.023088277717999785, Number of Steps: 122
Episode 915, Reward: 0.0, Mean Loss: 0.023407625614619645, Number of Steps: 122
Episode 916, Reward: 0.0, Mean Loss: 0.023320065093700024, Number of Steps: 122
Episode 917, Reward: 0.0, Mean Loss: 0.02303422551154117, Number of Steps: 122
Episode 918, Reward: 0.0, Mean Loss: 0.02326404437667034, Number of Steps: 122
Episode 919, Reward: 0.0, Mean Loss: 0.023238331266153094, Number of Steps: 122
Episode 920, Reward: 0.0, Mean Loss: 0.023139636066277534, Number of Steps: 122
Episode 921, Reward: 0.0, Mean Loss: 0.023415045079882027, Number of Steps: 122
Episode 922, Reward: 0.0, Mean Loss: 0.023008779748214112, Number of Steps: 122
Episode 923, Reward: 0.0, Mean Loss: 0.023285303054569235, Number of Steps: 122
Episode 924, Reward: 0.0, Mean Loss: 0.022932515975105056, Number of Steps: 122
Episode 925, Reward: 0.0, Mean Loss: 0.023178537120135144, Number of Steps: 122
Episode 926, Reward: 0.0, Mean Loss: 0.023288300367774534, Number of Steps: 122
Episode 927, Reward: 0.0, Mean Loss: 0.02268548729172507, Number of Steps: 122
Episode 928, Reward: 0.0, Mean Loss: 0.02299560620912282, Number of Steps: 122
Episode 929, Reward: 0.0, Mean Loss: 0.02303064178227405, Number of Steps: 122
Episode 930, Reward: 0.0, Mean Loss: 0.022367907323627388, Number of Steps: 122
Episode 931, Reward: 0.0, Mean Loss: 0.023154373345233417, Number of Steps: 122
Episode 932, Reward: 0.0, Mean Loss: 0.023083337245350968, Number of Steps: 123
Episode 933, Reward: 0.0, Mean Loss: 0.02314695262457015, Number of Steps: 122
Episode 934, Reward: 0.0, Mean Loss: 0.023077301375690053, Number of Steps: 122
Episode 935, Reward: 0.0, Mean Loss: 0.023186612251757638, Number of Steps: 122
Episode 936, Reward: 0.0, Mean Loss: 0.023039694714453454, Number of Steps: 122
Episode 937, Reward: 0.0, Mean Loss: 0.023243079591398395, Number of Steps: 122
Episode 938, Reward: 0.0, Mean Loss: 0.02334275766901794, Number of Steps: 122
Episode 939, Reward: 0.0, Mean Loss: 0.023414322892661956, Number of Steps: 122
Episode 940, Reward: 0.0, Mean Loss: 0.022768166705228382, Number of Steps: 122
Episode 941, Reward: 0.0, Mean Loss: 0.022763676337609604, Number of Steps: 122
Episode 942, Reward: 0.0, Mean Loss: 0.023211937523318158, Number of Steps: 122
Episode 943, Reward: 0.0, Mean Loss: 0.023240110260214022, Number of Steps: 122
Episode 944, Reward: 0.0, Mean Loss: 0.02335897100264909, Number of Steps: 122
Episode 945, Reward: 0.0, Mean Loss: 0.02327736133108866, Number of Steps: 122
Episode 946, Reward: 0.0, Mean Loss: 0.023439063278378032, Number of Steps: 122
Episode 947, Reward: 0.0, Mean Loss: 0.02334850623470838, Number of Steps: 122
Episode 948, Reward: 0.0, Mean Loss: 0.023308910643223855, Number of Steps: 122
Episode 949, Reward: 0.0, Mean Loss: 0.023243381859010398, Number of Steps: 122
Episode 950, Reward: 0.0, Mean Loss: 0.023311033463258236, Number of Steps: 122
Episode 951, Reward: 0.0, Mean Loss: 0.022959360722347437, Number of Steps: 122
Episode 952, Reward: 0.0, Mean Loss: 0.023174303739935686, Number of Steps: 122
Episode 953, Reward: 0.0, Mean Loss: 0.02319836790912468, Number of Steps: 122
Episode 954, Reward: 0.0, Mean Loss: 0.023318238373174042, Number of Steps: 122
Episode 955, Reward: 0.0, Mean Loss: 0.022854615394937324, Number of Steps: 122
Episode 956, Reward: 0.0, Mean Loss: 0.023350948975139993, Number of Steps: 122
Episode 957, Reward: 0.0, Mean Loss: 0.02335989598917668, Number of Steps: 122
Episode 958, Reward: 0.0, Mean Loss: 0.023271768811906946, Number of Steps: 122
Episode 959, Reward: 0.0, Mean Loss: 0.02311682208313809, Number of Steps: 122
Episode 960, Reward: 0.0, Mean Loss: 0.023405697883763274, Number of Steps: 122
Episode 961, Reward: 0.0, Mean Loss: 0.023358174492834043, Number of Steps: 122
Episode 962, Reward: 0.0, Mean Loss: 0.023307653220339876, Number of Steps: 122
Episode 963, Reward: 0.0, Mean Loss: 0.02323932515182456, Number of Steps: 122
Episode 964, Reward: 0.0, Mean Loss: 0.022867743268687294, Number of Steps: 122
Episode 965, Reward: 0.0, Mean Loss: 0.02318200130422588, Number of Steps: 122
Episode 966, Reward: 0.0, Mean Loss: 0.023116186612331478, Number of Steps: 122
Episode 967, Reward: 0.0, Mean Loss: 0.023377069760663588, Number of Steps: 122
Episode 968, Reward: 0.0, Mean Loss: 0.02330537703743235, Number of Steps: 122
Episode 969, Reward: 0.0, Mean Loss: 0.023419192137166124, Number of Steps: 122
Episode 970, Reward: 0.0, Mean Loss: 0.023127418274434902, Number of Steps: 122
Episode 971, Reward: 0.0, Mean Loss: 0.02324286800977148, Number of Steps: 122
Episode 972, Reward: 0.0, Mean Loss: 0.023317566523175747, Number of Steps: 122
Episode 973, Reward: 0.0, Mean Loss: 0.022978056641343263, Number of Steps: 122
Episode 974, Reward: 0.0, Mean Loss: 0.02338740180750362, Number of Steps: 122
Episode 975, Reward: 0.0, Mean Loss: 0.022657045417872723, Number of Steps: 122
Episode 976, Reward: 0.0, Mean Loss: 0.023234611346584853, Number of Steps: 122
Episode 977, Reward: 0.0, Mean Loss: 0.023332773188709237, Number of Steps: 122
Episode 978, Reward: 0.0, Mean Loss: 0.02331675668476058, Number of Steps: 122
Episode 979, Reward: 0.0, Mean Loss: 0.023258789350874113, Number of Steps: 122
Episode 980, Reward: 0.0, Mean Loss: 0.023340330504980245, Number of Steps: 122
Episode 981, Reward: 0.0, Mean Loss: 0.02302499034894787, Number of Steps: 122
Episode 982, Reward: 0.0, Mean Loss: 0.023340720622265925, Number of Steps: 122
Episode 983, Reward: 0.0, Mean Loss: 0.023154269583278993, Number of Steps: 122
Episode 984, Reward: 0.0, Mean Loss: 0.02318449388985755, Number of Steps: 122
Episode 985, Reward: 0.0, Mean Loss: 0.02290705370752057, Number of Steps: 122
Episode 986, Reward: 0.0, Mean Loss: 0.023333547117768742, Number of Steps: 122
Episode 987, Reward: 0.0, Mean Loss: 0.02279667256552188, Number of Steps: 122
Episode 988, Reward: 0.0, Mean Loss: 0.022955593721011698, Number of Steps: 122
Episode 989, Reward: 0.0, Mean Loss: 0.023221987940859598, Number of Steps: 122
Episode 990, Reward: 0.0, Mean Loss: 0.0229128677066135, Number of Steps: 122
Episode 991, Reward: 0.0, Mean Loss: 0.023289928960873455, Number of Steps: 122
Episode 992, Reward: 0.0, Mean Loss: 0.023036914239814084, Number of Steps: 122
Episode 993, Reward: 0.0, Mean Loss: 0.023075065288915047, Number of Steps: 122
Episode 994, Reward: 0.0, Mean Loss: 0.02302065798900659, Number of Steps: 122
Episode 995, Reward: 0.0, Mean Loss: 0.023162848075310754, Number of Steps: 122
Episode 996, Reward: 0.0, Mean Loss: 0.023231862754118246, Number of Steps: 122
Episode 997, Reward: 0.0, Mean Loss: 0.02326326182488539, Number of Steps: 122
Episode 998, Reward: 0.0, Mean Loss: 0.02335358890821703, Number of Steps: 122
Episode 999, Reward: 0.0, Mean Loss: 0.02318325289489308, Number of Steps: 122
Episode 1000, Reward: 0.0, Mean Loss: 0.023146373131641636, Number of Steps: 122
training process done!
Elapsed time: 1735.699865579605 seconds
