A.L.E: Arcade Learning Environment (version 0.8.1+53f58b7)
[Powered by Stella]
gpu count: 1
Total number of parameters:  1640198
Episode 1, Reward: -21.0, Mean Loss: 5.376073228127045, Number of Steps: 764
each episode takes approx. 3.1439008712768555 seconds
Episode 2, Reward: -21.0, Mean Loss: 5.42499509781443, Number of Steps: 764
Episode 3, Reward: -21.0, Mean Loss: 5.3907307829532325, Number of Steps: 764
Episode 4, Reward: -21.0, Mean Loss: 5.4689677622929915, Number of Steps: 764
Episode 5, Reward: -21.0, Mean Loss: 5.478676111910356, Number of Steps: 764
Episode 6, Reward: -21.0, Mean Loss: 5.439652652640618, Number of Steps: 764
Episode 7, Reward: -21.0, Mean Loss: 5.478676111910356, Number of Steps: 764
Episode 8, Reward: -21.0, Mean Loss: 5.4689677622929915, Number of Steps: 764
Episode 9, Reward: -21.0, Mean Loss: 5.412717115192513, Number of Steps: 764
Episode 10, Reward: -21.0, Mean Loss: 5.488574522328002, Number of Steps: 764
Episode 11, Reward: -21.0, Mean Loss: 5.471347334497262, Number of Steps: 764
Episode 12, Reward: -21.0, Mean Loss: 5.439652652640618, Number of Steps: 764
Episode 13, Reward: -21.0, Mean Loss: 5.532547186806564, Number of Steps: 764
Episode 14, Reward: -21.0, Mean Loss: 5.42499509781443, Number of Steps: 764
Episode 15, Reward: -21.0, Mean Loss: 5.434703447431794, Number of Steps: 764
Episode 16, Reward: -21.0, Mean Loss: 5.578899423489396, Number of Steps: 764
Episode 17, Reward: -21.0, Mean Loss: 5.407957970783973, Number of Steps: 764
Episode 18, Reward: -21.0, Mean Loss: 5.512940426771554, Number of Steps: 764
Episode 19, Reward: -21.0, Mean Loss: 5.476296539706086, Number of Steps: 764
Episode 20, Reward: -21.0, Mean Loss: 5.461638984879898, Number of Steps: 764
Episode 21, Reward: -21.0, Mean Loss: 5.417666320401336, Number of Steps: 764
Episode 22, Reward: -21.0, Mean Loss: 5.432323875227524, Number of Steps: 764
Episode 23, Reward: -21.0, Mean Loss: 5.420045892605607, Number of Steps: 764
Episode 24, Reward: -21.0, Mean Loss: 5.420045892605607, Number of Steps: 764
Episode 25, Reward: -21.0, Mean Loss: 5.471347334497262, Number of Steps: 764
Episode 26, Reward: -21.0, Mean Loss: 5.454310207466804, Number of Steps: 764
Episode 27, Reward: -21.0, Mean Loss: 5.471537395297545, Number of Steps: 764
Episode 28, Reward: -21.0, Mean Loss: 5.385971638544691, Number of Steps: 764
Episode 29, Reward: -21.0, Mean Loss: 5.434893508232077, Number of Steps: 764
Episode 30, Reward: -21.0, Mean Loss: 5.52521840939347, Number of Steps: 764
Episode 31, Reward: -21.0, Mean Loss: 5.403008765575149, Number of Steps: 764
Episode 32, Reward: -21.0, Mean Loss: 5.388351210748962, Number of Steps: 764
Episode 33, Reward: -21.0, Mean Loss: 5.434703447431794, Number of Steps: 764
Episode 34, Reward: -21.0, Mean Loss: 5.439652652640618, Number of Steps: 764
Episode 35, Reward: -21.0, Mean Loss: 5.461638984879898, Number of Steps: 764
Episode 36, Reward: -21.0, Mean Loss: 5.412717115192513, Number of Steps: 764
Episode 37, Reward: -21.0, Mean Loss: 5.466588190088721, Number of Steps: 764
Episode 38, Reward: -21.0, Mean Loss: 5.449361002257981, Number of Steps: 764
Episode 39, Reward: -21.0, Mean Loss: 5.434703447431794, Number of Steps: 764
Episode 40, Reward: -21.0, Mean Loss: 5.461638984879898, Number of Steps: 764
Episode 41, Reward: -21.0, Mean Loss: 5.527788042398023, Number of Steps: 764
Episode 42, Reward: -21.0, Mean Loss: 5.446981430053711, Number of Steps: 764
Episode 43, Reward: -21.0, Mean Loss: 5.442032224844888, Number of Steps: 764
Episode 44, Reward: -21.0, Mean Loss: 5.464018557084168, Number of Steps: 764
Episode 45, Reward: -21.0, Mean Loss: 5.376073228127045, Number of Steps: 764
Episode 46, Reward: -21.0, Mean Loss: 5.4689677622929915, Number of Steps: 764
Episode 47, Reward: -21.0, Mean Loss: 5.5056116493584595, Number of Steps: 764
Episode 48, Reward: -21.0, Mean Loss: 5.398059560366326, Number of Steps: 764
Episode 49, Reward: -21.0, Mean Loss: 5.444601857849441, Number of Steps: 764
Episode 50, Reward: -21.0, Mean Loss: 5.439652652640618, Number of Steps: 764
Episode 51, Reward: -21.0, Mean Loss: 5.395679988162056, Number of Steps: 764
Episode 52, Reward: -21.0, Mean Loss: 5.466588190088721, Number of Steps: 764
Episode 53, Reward: -21.0, Mean Loss: 5.405578398579702, Number of Steps: 764
Episode 54, Reward: -21.0, Mean Loss: 5.495903299741096, Number of Steps: 764
Episode 55, Reward: -21.0, Mean Loss: 5.442032224844888, Number of Steps: 764
Episode 56, Reward: -21.0, Mean Loss: 5.483625317119179, Number of Steps: 764
Episode 57, Reward: -21.0, Mean Loss: 5.454310207466804, Number of Steps: 764
Episode 58, Reward: -21.0, Mean Loss: 5.478676111910356, Number of Steps: 764
Episode 59, Reward: -21.0, Mean Loss: 5.476296539706086, Number of Steps: 764
Episode 60, Reward: -21.0, Mean Loss: 5.417666320401336, Number of Steps: 764
Episode 61, Reward: -21.0, Mean Loss: 5.432323875227524, Number of Steps: 764
Episode 62, Reward: -21.0, Mean Loss: 5.449361002257981, Number of Steps: 764
Episode 63, Reward: -21.0, Mean Loss: 5.456689779671075, Number of Steps: 764
Episode 64, Reward: -21.0, Mean Loss: 5.412717115192513, Number of Steps: 764
Episode 65, Reward: -21.0, Mean Loss: 5.446981430053711, Number of Steps: 764
Episode 66, Reward: -21.0, Mean Loss: 5.476296539706086, Number of Steps: 764
Episode 67, Reward: -21.0, Mean Loss: 5.444601857849441, Number of Steps: 764
Episode 68, Reward: -21.0, Mean Loss: 5.512940426771554, Number of Steps: 764
Episode 69, Reward: -21.0, Mean Loss: 5.464018557084168, Number of Steps: 764
Episode 70, Reward: -21.0, Mean Loss: 5.434703447431794, Number of Steps: 764
Episode 71, Reward: -21.0, Mean Loss: 5.420045892605607, Number of Steps: 764
Episode 72, Reward: -21.0, Mean Loss: 5.4689677622929915, Number of Steps: 764
Episode 73, Reward: -21.0, Mean Loss: 5.464018557084168, Number of Steps: 764
Episode 74, Reward: -21.0, Mean Loss: 5.412717115192513, Number of Steps: 764
Episode 75, Reward: -21.0, Mean Loss: 5.444601857849441, Number of Steps: 764
Episode 76, Reward: -21.0, Mean Loss: 5.456689779671075, Number of Steps: 764
Episode 77, Reward: -21.0, Mean Loss: 5.4689677622929915, Number of Steps: 764
Episode 78, Reward: -21.0, Mean Loss: 5.471347334497262, Number of Steps: 764
Episode 79, Reward: -21.0, Mean Loss: 5.410337542988243, Number of Steps: 764
Episode 80, Reward: -21.0, Mean Loss: 5.454310207466804, Number of Steps: 764
Episode 81, Reward: -21.0, Mean Loss: 5.437273080436347, Number of Steps: 764
Episode 82, Reward: -21.0, Mean Loss: 5.4689677622929915, Number of Steps: 764
Episode 83, Reward: -21.0, Mean Loss: 5.488764583128285, Number of Steps: 764
Episode 84, Reward: -21.0, Mean Loss: 5.486004889323449, Number of Steps: 764
Episode 85, Reward: -21.0, Mean Loss: 5.461638984879898, Number of Steps: 764
Episode 86, Reward: -21.0, Mean Loss: 5.527597981597741, Number of Steps: 764
Episode 87, Reward: -21.0, Mean Loss: 5.432323875227524, Number of Steps: 764
Episode 88, Reward: -21.0, Mean Loss: 5.451930635262534, Number of Steps: 764
Episode 89, Reward: -21.0, Mean Loss: 5.476296539706086, Number of Steps: 764
Episode 90, Reward: -21.0, Mean Loss: 5.442032224844888, Number of Steps: 764
Episode 91, Reward: -21.0, Mean Loss: 5.420045892605607, Number of Steps: 764
Episode 92, Reward: -21.0, Mean Loss: 5.432323875227524, Number of Steps: 764
Episode 93, Reward: -21.0, Mean Loss: 5.412717115192513, Number of Steps: 764
Episode 94, Reward: -21.0, Mean Loss: 5.395679988162056, Number of Steps: 764
Episode 95, Reward: -21.0, Mean Loss: 5.454310207466804, Number of Steps: 764
Episode 96, Reward: -21.0, Mean Loss: 5.471347334497262, Number of Steps: 764
Episode 97, Reward: -21.0, Mean Loss: 5.488574522328002, Number of Steps: 764
Episode 98, Reward: -21.0, Mean Loss: 5.488574522328002, Number of Steps: 764
Episode 99, Reward: -21.0, Mean Loss: 5.420045892605607, Number of Steps: 764
Episode 100, Reward: -21.0, Mean Loss: 5.471537395297545, Number of Steps: 764
Episode 101, Reward: -21.0, Mean Loss: 5.495903299741096, Number of Steps: 764
Episode 102, Reward: -21.0, Mean Loss: 5.420045892605607, Number of Steps: 764
Episode 103, Reward: -21.0, Mean Loss: 5.417666320401336, Number of Steps: 764
Episode 104, Reward: -21.0, Mean Loss: 5.473916967501815, Number of Steps: 764
Episode 105, Reward: -21.0, Mean Loss: 5.434703447431794, Number of Steps: 764
Episode 106, Reward: -21.0, Mean Loss: 5.398059560366326, Number of Steps: 764
Episode 107, Reward: -21.0, Mean Loss: 5.476296539706086, Number of Steps: 764
Episode 108, Reward: -21.0, Mean Loss: 5.417666320401336, Number of Steps: 764
Episode 109, Reward: -21.0, Mean Loss: 5.439652652640618, Number of Steps: 764
Episode 110, Reward: -21.0, Mean Loss: 5.412907175992796, Number of Steps: 764
Episode 111, Reward: -21.0, Mean Loss: 5.442032224844888, Number of Steps: 764
Episode 112, Reward: -21.0, Mean Loss: 5.432323875227524, Number of Steps: 764
Episode 113, Reward: -21.0, Mean Loss: 5.456689779671075, Number of Steps: 764
Episode 114, Reward: -21.0, Mean Loss: 5.442032224844888, Number of Steps: 764
Episode 115, Reward: -21.0, Mean Loss: 5.40538833777942, Number of Steps: 764
Episode 116, Reward: -21.0, Mean Loss: 5.4691578230932745, Number of Steps: 764
Episode 117, Reward: -21.0, Mean Loss: 5.410337542988243, Number of Steps: 764
Episode 118, Reward: -21.0, Mean Loss: 5.432323875227524, Number of Steps: 764
Episode 119, Reward: -21.0, Mean Loss: 5.425185158614713, Number of Steps: 764
Episode 120, Reward: -21.0, Mean Loss: 5.446981430053711, Number of Steps: 764
Episode 121, Reward: -21.0, Mean Loss: 5.420045892605607, Number of Steps: 764
Episode 122, Reward: -21.0, Mean Loss: 5.466588190088721, Number of Steps: 764
Episode 123, Reward: -21.0, Mean Loss: 5.432323875227524, Number of Steps: 764
Episode 124, Reward: -21.0, Mean Loss: 5.432323875227524, Number of Steps: 764
Episode 125, Reward: -21.0, Mean Loss: 5.52521840939347, Number of Steps: 764
Episode 126, Reward: -21.0, Mean Loss: 5.434703447431794, Number of Steps: 764
Episode 127, Reward: -21.0, Mean Loss: 5.405578398579702, Number of Steps: 764
Episode 128, Reward: -21.0, Mean Loss: 5.464018557084168, Number of Steps: 764
Episode 129, Reward: -21.0, Mean Loss: 5.451930635262534, Number of Steps: 764
Episode 130, Reward: -21.0, Mean Loss: 5.483625317119179, Number of Steps: 764
Episode 131, Reward: -21.0, Mean Loss: 5.473916967501815, Number of Steps: 764
Episode 132, Reward: -21.0, Mean Loss: 5.4273746700187, Number of Steps: 764
Episode 133, Reward: -21.0, Mean Loss: 5.412717115192513, Number of Steps: 764
Episode 134, Reward: -21.0, Mean Loss: 5.42499509781443, Number of Steps: 764
Episode 135, Reward: -21.0, Mean Loss: 5.412717115192513, Number of Steps: 764
Episode 136, Reward: -21.0, Mean Loss: 5.42499509781443, Number of Steps: 764
Episode 137, Reward: -21.0, Mean Loss: 5.490954094532273, Number of Steps: 764
Episode 138, Reward: -21.0, Mean Loss: 5.449361002257981, Number of Steps: 764
Episode 139, Reward: -21.0, Mean Loss: 5.4273746700187, Number of Steps: 764
Episode 140, Reward: -21.0, Mean Loss: 5.417666320401336, Number of Steps: 764
Episode 141, Reward: -21.0, Mean Loss: 5.417666320401336, Number of Steps: 764
Episode 142, Reward: -21.0, Mean Loss: 5.454310207466804, Number of Steps: 764
Episode 143, Reward: -21.0, Mean Loss: 5.381022433335868, Number of Steps: 764
Episode 144, Reward: -21.0, Mean Loss: 5.476296539706086, Number of Steps: 764
Episode 145, Reward: -21.0, Mean Loss: 5.5056116493584595, Number of Steps: 764
Episode 146, Reward: -21.0, Mean Loss: 5.442222285645171, Number of Steps: 764
Episode 147, Reward: -21.0, Mean Loss: 5.398059560366326, Number of Steps: 764
Episode 148, Reward: -21.0, Mean Loss: 5.42499509781443, Number of Steps: 764
Episode 149, Reward: -21.0, Mean Loss: 5.395679988162056, Number of Steps: 764
Episode 150, Reward: -21.0, Mean Loss: 5.451930635262534, Number of Steps: 764
Episode 151, Reward: -21.0, Mean Loss: 5.512940426771554, Number of Steps: 764
Episode 152, Reward: -21.0, Mean Loss: 5.400629193370879, Number of Steps: 764
Episode 153, Reward: -21.0, Mean Loss: 5.5228388371892, Number of Steps: 764
Episode 154, Reward: -21.0, Mean Loss: 5.395679988162056, Number of Steps: 764
Episode 155, Reward: -21.0, Mean Loss: 5.3907307829532325, Number of Steps: 764
Episode 156, Reward: -21.0, Mean Loss: 5.464018557084168, Number of Steps: 764
Episode 157, Reward: -21.0, Mean Loss: 5.471347334497262, Number of Steps: 764
Episode 158, Reward: -21.0, Mean Loss: 5.4689677622929915, Number of Steps: 764
Episode 159, Reward: -21.0, Mean Loss: 5.4689677622929915, Number of Steps: 764
Episode 160, Reward: -21.0, Mean Loss: 5.444601857849441, Number of Steps: 764
Episode 161, Reward: -21.0, Mean Loss: 5.488574522328002, Number of Steps: 764
Episode 162, Reward: -21.0, Mean Loss: 5.410337542988243, Number of Steps: 764
Episode 163, Reward: -21.0, Mean Loss: 5.495903299741096, Number of Steps: 764
Episode 164, Reward: -21.0, Mean Loss: 5.444601857849441, Number of Steps: 764
Episode 165, Reward: -21.0, Mean Loss: 5.442032224844888, Number of Steps: 764
Episode 166, Reward: -21.0, Mean Loss: 5.471537395297545, Number of Steps: 764
Episode 167, Reward: -21.0, Mean Loss: 5.410337542988243, Number of Steps: 764
Episode 168, Reward: -21.0, Mean Loss: 5.4273746700187, Number of Steps: 764
Episode 169, Reward: -21.0, Mean Loss: 5.40538833777942, Number of Steps: 764
Episode 170, Reward: -21.0, Mean Loss: 5.512940426771554, Number of Steps: 764
Episode 171, Reward: -21.0, Mean Loss: 5.483625317119179, Number of Steps: 764
Episode 172, Reward: -21.0, Mean Loss: 5.395679988162056, Number of Steps: 764
Episode 173, Reward: -21.0, Mean Loss: 5.483625317119179, Number of Steps: 764
Episode 174, Reward: -21.0, Mean Loss: 5.42499509781443, Number of Steps: 764
Episode 175, Reward: -21.0, Mean Loss: 5.4689677622929915, Number of Steps: 764
Episode 176, Reward: -21.0, Mean Loss: 5.478676111910356, Number of Steps: 764
Episode 177, Reward: -21.0, Mean Loss: 5.42261552561016, Number of Steps: 764
Episode 178, Reward: -21.0, Mean Loss: 5.464018557084168, Number of Steps: 764
Episode 179, Reward: -21.0, Mean Loss: 5.466588190088721, Number of Steps: 764
Episode 180, Reward: -21.0, Mean Loss: 5.490954094532273, Number of Steps: 764
Episode 181, Reward: -21.0, Mean Loss: 5.3907307829532325, Number of Steps: 764
Episode 182, Reward: -21.0, Mean Loss: 5.361415673300858, Number of Steps: 764
Episode 183, Reward: -21.0, Mean Loss: 5.493333666736543, Number of Steps: 764
Episode 184, Reward: -21.0, Mean Loss: 5.42499509781443, Number of Steps: 764
Episode 185, Reward: -21.0, Mean Loss: 5.449361002257981, Number of Steps: 764
Episode 186, Reward: -21.0, Mean Loss: 5.388351210748962, Number of Steps: 764
Episode 187, Reward: -21.0, Mean Loss: 5.454310207466804, Number of Steps: 764
Episode 188, Reward: -21.0, Mean Loss: 5.446981430053711, Number of Steps: 764
Episode 189, Reward: -21.0, Mean Loss: 5.444601857849441, Number of Steps: 764
Episode 190, Reward: -21.0, Mean Loss: 5.486194950123732, Number of Steps: 764
Episode 191, Reward: -21.0, Mean Loss: 5.444601857849441, Number of Steps: 764
Episode 192, Reward: -21.0, Mean Loss: 5.417856381201619, Number of Steps: 764
Episode 193, Reward: -21.0, Mean Loss: 5.471347334497262, Number of Steps: 764
Episode 194, Reward: -21.0, Mean Loss: 5.398059560366326, Number of Steps: 764
Episode 195, Reward: -21.0, Mean Loss: 5.464018557084168, Number of Steps: 764
Episode 196, Reward: -21.0, Mean Loss: 5.403008765575149, Number of Steps: 764
Episode 197, Reward: -21.0, Mean Loss: 5.439652652640618, Number of Steps: 764
Episode 198, Reward: -21.0, Mean Loss: 5.471347334497262, Number of Steps: 764
Episode 199, Reward: -21.0, Mean Loss: 5.483625317119179, Number of Steps: 764
Episode 200, Reward: -21.0, Mean Loss: 5.454310207466804, Number of Steps: 764
Episode 201, Reward: -21.0, Mean Loss: 5.434703447431794, Number of Steps: 764
Episode 202, Reward: -21.0, Mean Loss: 5.483625317119179, Number of Steps: 764
Episode 203, Reward: -21.0, Mean Loss: 5.42499509781443, Number of Steps: 764
Episode 204, Reward: -21.0, Mean Loss: 5.398059560366326, Number of Steps: 764
Episode 205, Reward: -21.0, Mean Loss: 5.490954094532273, Number of Steps: 764
Episode 206, Reward: -21.0, Mean Loss: 5.449361002257981, Number of Steps: 764
Episode 207, Reward: -21.0, Mean Loss: 5.439652652640618, Number of Steps: 764
Episode 208, Reward: -21.0, Mean Loss: 5.493523727536826, Number of Steps: 764
Episode 209, Reward: -21.0, Mean Loss: 5.483625317119179, Number of Steps: 764
Episode 210, Reward: -21.0, Mean Loss: 5.476296539706086, Number of Steps: 764
Episode 211, Reward: -21.0, Mean Loss: 5.493523727536826, Number of Steps: 764
Episode 212, Reward: -21.0, Mean Loss: 5.432323875227524, Number of Steps: 764
Episode 213, Reward: -21.0, Mean Loss: 5.432323875227524, Number of Steps: 764
Episode 214, Reward: -21.0, Mean Loss: 5.454310207466804, Number of Steps: 764
Episode 215, Reward: -21.0, Mean Loss: 5.376073228127045, Number of Steps: 764
Episode 216, Reward: -21.0, Mean Loss: 5.4689677622929915, Number of Steps: 764
Episode 217, Reward: -21.0, Mean Loss: 5.434703447431794, Number of Steps: 764
Episode 218, Reward: -21.0, Mean Loss: 5.456689779671075, Number of Steps: 764
Episode 219, Reward: -21.0, Mean Loss: 5.52045926498493, Number of Steps: 764
Episode 220, Reward: -21.0, Mean Loss: 5.446981430053711, Number of Steps: 764
Episode 221, Reward: -21.0, Mean Loss: 5.420045892605607, Number of Steps: 764
Episode 222, Reward: -21.0, Mean Loss: 5.456689779671075, Number of Steps: 764
Episode 223, Reward: -21.0, Mean Loss: 5.42261552561016, Number of Steps: 764
Episode 224, Reward: -21.0, Mean Loss: 5.439652652640618, Number of Steps: 764
Episode 225, Reward: -21.0, Mean Loss: 5.454310207466804, Number of Steps: 764
Episode 226, Reward: -21.0, Mean Loss: 5.4299443030232535, Number of Steps: 764
Episode 227, Reward: -21.0, Mean Loss: 5.483625317119179, Number of Steps: 764
Episode 228, Reward: -21.0, Mean Loss: 5.3933004159577855, Number of Steps: 764
Episode 229, Reward: -21.0, Mean Loss: 5.4398427134409, Number of Steps: 764
Episode 230, Reward: -21.0, Mean Loss: 5.476296539706086, Number of Steps: 764
Episode 231, Reward: -21.0, Mean Loss: 5.3907307829532325, Number of Steps: 764
Episode 232, Reward: -21.0, Mean Loss: 5.410337542988243, Number of Steps: 764
Episode 233, Reward: -21.0, Mean Loss: 5.500662444149636, Number of Steps: 764
Episode 234, Reward: -21.0, Mean Loss: 5.4273746700187, Number of Steps: 764
Episode 235, Reward: -21.0, Mean Loss: 5.498282871945366, Number of Steps: 764
Episode 236, Reward: -21.0, Mean Loss: 5.439652652640618, Number of Steps: 764
Episode 237, Reward: -21.0, Mean Loss: 5.446981430053711, Number of Steps: 764
Episode 238, Reward: -21.0, Mean Loss: 5.420045892605607, Number of Steps: 764
Episode 239, Reward: -21.0, Mean Loss: 5.449361002257981, Number of Steps: 764
Episode 240, Reward: -21.0, Mean Loss: 5.451930635262534, Number of Steps: 764
Episode 241, Reward: -21.0, Mean Loss: 5.420045892605607, Number of Steps: 764
Episode 242, Reward: -21.0, Mean Loss: 5.481245744914909, Number of Steps: 764
Episode 243, Reward: -21.0, Mean Loss: 5.383402005540138, Number of Steps: 764
Episode 244, Reward: -21.0, Mean Loss: 5.398059560366326, Number of Steps: 764
Episode 245, Reward: -21.0, Mean Loss: 5.42499509781443, Number of Steps: 764
Episode 246, Reward: -21.0, Mean Loss: 5.40538833777942, Number of Steps: 764
Episode 247, Reward: -21.0, Mean Loss: 5.439652652640618, Number of Steps: 764
Episode 248, Reward: -21.0, Mean Loss: 5.483625317119179, Number of Steps: 764
Episode 249, Reward: -21.0, Mean Loss: 5.4689677622929915, Number of Steps: 764
Episode 250, Reward: -21.0, Mean Loss: 5.454310207466804, Number of Steps: 764
Episode 251, Reward: -21.0, Mean Loss: 5.432323875227524, Number of Steps: 764
Episode 252, Reward: -21.0, Mean Loss: 5.503232077154189, Number of Steps: 764
Episode 253, Reward: -21.0, Mean Loss: 5.434703447431794, Number of Steps: 764
Episode 254, Reward: -21.0, Mean Loss: 5.444601857849441, Number of Steps: 764
Episode 255, Reward: -21.0, Mean Loss: 5.4689677622929915, Number of Steps: 764
Episode 256, Reward: -21.0, Mean Loss: 5.476296539706086, Number of Steps: 764
Episode 257, Reward: -21.0, Mean Loss: 5.464018557084168, Number of Steps: 764
Episode 258, Reward: -21.0, Mean Loss: 5.42261552561016, Number of Steps: 764
Episode 259, Reward: -21.0, Mean Loss: 5.439652652640618, Number of Steps: 764
Episode 260, Reward: -21.0, Mean Loss: 5.42499509781443, Number of Steps: 764
Episode 261, Reward: -21.0, Mean Loss: 5.464018557084168, Number of Steps: 764
Episode 262, Reward: -21.0, Mean Loss: 5.512940426771554, Number of Steps: 764
Episode 263, Reward: -21.0, Mean Loss: 5.461638984879898, Number of Steps: 764
Episode 264, Reward: -21.0, Mean Loss: 5.491144155332555, Number of Steps: 764
Episode 265, Reward: -21.0, Mean Loss: 5.473916967501815, Number of Steps: 764
Episode 266, Reward: -21.0, Mean Loss: 5.4691578230932745, Number of Steps: 764
Episode 267, Reward: -21.0, Mean Loss: 5.4273746700187, Number of Steps: 764
Episode 268, Reward: -21.0, Mean Loss: 5.439652652640618, Number of Steps: 764
Episode 269, Reward: -21.0, Mean Loss: 5.420045892605607, Number of Steps: 764
Episode 270, Reward: -21.0, Mean Loss: 5.395679988162056, Number of Steps: 764
Episode 271, Reward: -21.0, Mean Loss: 5.410337542988243, Number of Steps: 764
Episode 272, Reward: -21.0, Mean Loss: 5.403008765575149, Number of Steps: 764
Episode 273, Reward: -21.0, Mean Loss: 5.490954094532273, Number of Steps: 764
Episode 274, Reward: -21.0, Mean Loss: 5.451930635262534, Number of Steps: 764
Episode 275, Reward: -21.0, Mean Loss: 5.432323875227524, Number of Steps: 764
Episode 276, Reward: -21.0, Mean Loss: 5.432323875227524, Number of Steps: 764
Episode 277, Reward: -21.0, Mean Loss: 5.476296539706086, Number of Steps: 764
Episode 278, Reward: -21.0, Mean Loss: 5.52045926498493, Number of Steps: 764
Episode 279, Reward: -21.0, Mean Loss: 5.403008765575149, Number of Steps: 764
Episode 280, Reward: -21.0, Mean Loss: 5.454310207466804, Number of Steps: 764
Episode 281, Reward: -21.0, Mean Loss: 5.4689677622929915, Number of Steps: 764
Episode 282, Reward: -21.0, Mean Loss: 5.473916967501815, Number of Steps: 764
Episode 283, Reward: -21.0, Mean Loss: 5.442032224844888, Number of Steps: 764
Episode 284, Reward: -21.0, Mean Loss: 5.486004889323449, Number of Steps: 764
Episode 285, Reward: -21.0, Mean Loss: 5.449361002257981, Number of Steps: 764
Episode 286, Reward: -21.0, Mean Loss: 5.456689779671075, Number of Steps: 764
Episode 287, Reward: -21.0, Mean Loss: 5.412717115192513, Number of Steps: 764
Episode 288, Reward: -21.0, Mean Loss: 5.473916967501815, Number of Steps: 764
Episode 289, Reward: -21.0, Mean Loss: 5.417666320401336, Number of Steps: 764
Episode 290, Reward: -21.0, Mean Loss: 5.42261552561016, Number of Steps: 764
Episode 291, Reward: -21.0, Mean Loss: 5.412717115192513, Number of Steps: 764
Episode 292, Reward: -21.0, Mean Loss: 5.410337542988243, Number of Steps: 764
Episode 293, Reward: -21.0, Mean Loss: 5.4273746700187, Number of Steps: 764
Episode 294, Reward: -21.0, Mean Loss: 5.412717115192513, Number of Steps: 764
Episode 295, Reward: -21.0, Mean Loss: 5.542255536423927, Number of Steps: 764
Episode 296, Reward: -21.0, Mean Loss: 5.493523727536826, Number of Steps: 764
Episode 297, Reward: -21.0, Mean Loss: 5.493523727536826, Number of Steps: 764
Episode 298, Reward: -21.0, Mean Loss: 5.476296539706086, Number of Steps: 764
Episode 299, Reward: -21.0, Mean Loss: 5.40538833777942, Number of Steps: 764
Episode 300, Reward: -21.0, Mean Loss: 5.439652652640618, Number of Steps: 764
Episode 301, Reward: -21.0, Mean Loss: 5.388351210748962, Number of Steps: 764
Episode 302, Reward: -21.0, Mean Loss: 5.434703447431794, Number of Steps: 764
Episode 303, Reward: -21.0, Mean Loss: 5.407957970783973, Number of Steps: 764
Episode 304, Reward: -21.0, Mean Loss: 5.420045892605607, Number of Steps: 764
Episode 305, Reward: -21.0, Mean Loss: 5.461638984879898, Number of Steps: 764
Episode 306, Reward: -21.0, Mean Loss: 5.449361002257981, Number of Steps: 764
Episode 307, Reward: -21.0, Mean Loss: 5.481245744914909, Number of Steps: 764
Episode 308, Reward: -21.0, Mean Loss: 5.383402005540138, Number of Steps: 764
Episode 309, Reward: -21.0, Mean Loss: 5.537496392015387, Number of Steps: 764
Episode 310, Reward: -21.0, Mean Loss: 5.434703447431794, Number of Steps: 764
Episode 311, Reward: -21.0, Mean Loss: 5.490954094532273, Number of Steps: 764
Episode 312, Reward: -21.0, Mean Loss: 5.464018557084168, Number of Steps: 764
Episode 313, Reward: -21.0, Mean Loss: 5.420045892605607, Number of Steps: 764
Episode 314, Reward: -21.0, Mean Loss: 5.432323875227524, Number of Steps: 764
Episode 315, Reward: -21.0, Mean Loss: 5.471347334497262, Number of Steps: 764
Episode 316, Reward: -21.0, Mean Loss: 5.478866172710639, Number of Steps: 764
Episode 317, Reward: -21.0, Mean Loss: 5.3907307829532325, Number of Steps: 764
Episode 318, Reward: -21.0, Mean Loss: 5.449361002257981, Number of Steps: 764
Episode 319, Reward: -21.0, Mean Loss: 5.40538833777942, Number of Steps: 764
Episode 320, Reward: -21.0, Mean Loss: 5.398059560366326, Number of Steps: 764
Episode 321, Reward: -21.0, Mean Loss: 5.417666320401336, Number of Steps: 764
Episode 322, Reward: -21.0, Mean Loss: 5.495903299741096, Number of Steps: 764
Episode 323, Reward: -21.0, Mean Loss: 5.490954094532273, Number of Steps: 764
Episode 324, Reward: -21.0, Mean Loss: 5.412717115192513, Number of Steps: 764
Episode 325, Reward: -21.0, Mean Loss: 5.476296539706086, Number of Steps: 764
Episode 326, Reward: -21.0, Mean Loss: 5.410337542988243, Number of Steps: 764
Episode 327, Reward: -21.0, Mean Loss: 5.456689779671075, Number of Steps: 764
Episode 328, Reward: -21.0, Mean Loss: 5.461638984879898, Number of Steps: 764
Episode 329, Reward: -21.0, Mean Loss: 5.432323875227524, Number of Steps: 764
Episode 330, Reward: -21.0, Mean Loss: 5.439652652640618, Number of Steps: 764
Episode 331, Reward: -21.0, Mean Loss: 5.449361002257981, Number of Steps: 764
Episode 332, Reward: -21.0, Mean Loss: 5.366364878509681, Number of Steps: 764
Episode 333, Reward: -21.0, Mean Loss: 5.483625317119179, Number of Steps: 764
Episode 334, Reward: -21.0, Mean Loss: 5.434703447431794, Number of Steps: 764
Episode 335, Reward: -21.0, Mean Loss: 5.454310207466804, Number of Steps: 764
Episode 336, Reward: -21.0, Mean Loss: 5.410337542988243, Number of Steps: 764
Episode 337, Reward: -21.0, Mean Loss: 5.4689677622929915, Number of Steps: 764
Episode 338, Reward: -21.0, Mean Loss: 5.395679988162056, Number of Steps: 764
Episode 339, Reward: -21.0, Mean Loss: 5.5079912215627305, Number of Steps: 764
Episode 340, Reward: -21.0, Mean Loss: 5.437273080436347, Number of Steps: 764
Episode 341, Reward: -21.0, Mean Loss: 5.488574522328002, Number of Steps: 764
Episode 342, Reward: -21.0, Mean Loss: 5.483625317119179, Number of Steps: 764
Episode 343, Reward: -21.0, Mean Loss: 5.368744450713952, Number of Steps: 764
Episode 344, Reward: -21.0, Mean Loss: 5.493523727536826, Number of Steps: 764
Episode 345, Reward: -21.0, Mean Loss: 5.471347334497262, Number of Steps: 764
Episode 346, Reward: -21.0, Mean Loss: 5.432323875227524, Number of Steps: 764
Episode 347, Reward: -21.0, Mean Loss: 5.5105608545672835, Number of Steps: 764
Episode 348, Reward: -21.0, Mean Loss: 5.412717115192513, Number of Steps: 764
Episode 349, Reward: -21.0, Mean Loss: 5.420045892605607, Number of Steps: 764
Episode 350, Reward: -21.0, Mean Loss: 5.42261552561016, Number of Steps: 764
Episode 351, Reward: -21.0, Mean Loss: 5.42499509781443, Number of Steps: 764
Episode 352, Reward: -21.0, Mean Loss: 5.412717115192513, Number of Steps: 764
Episode 353, Reward: -21.0, Mean Loss: 5.439652652640618, Number of Steps: 764
Episode 354, Reward: -21.0, Mean Loss: 5.473916967501815, Number of Steps: 764
Episode 355, Reward: -21.0, Mean Loss: 5.520269204184647, Number of Steps: 764
Episode 356, Reward: -21.0, Mean Loss: 5.471347334497262, Number of Steps: 764
Episode 357, Reward: -21.0, Mean Loss: 5.439652652640618, Number of Steps: 764
Episode 358, Reward: -21.0, Mean Loss: 5.454310207466804, Number of Steps: 764
Episode 359, Reward: -21.0, Mean Loss: 5.420045892605607, Number of Steps: 764
Episode 360, Reward: -21.0, Mean Loss: 5.407957970783973, Number of Steps: 764
Episode 361, Reward: -21.0, Mean Loss: 5.512940426771554, Number of Steps: 764
Episode 362, Reward: -21.0, Mean Loss: 5.456689779671075, Number of Steps: 764
Episode 363, Reward: -21.0, Mean Loss: 5.4689677622929915, Number of Steps: 764
Episode 364, Reward: -21.0, Mean Loss: 5.442032224844888, Number of Steps: 764
Episode 365, Reward: -21.0, Mean Loss: 5.449361002257981, Number of Steps: 764
Episode 366, Reward: -21.0, Mean Loss: 5.449361002257981, Number of Steps: 764
Episode 367, Reward: -21.0, Mean Loss: 5.522648776388917, Number of Steps: 764
Episode 368, Reward: -21.0, Mean Loss: 5.410337542988243, Number of Steps: 764
Episode 369, Reward: -21.0, Mean Loss: 5.434703447431794, Number of Steps: 764
Episode 370, Reward: -21.0, Mean Loss: 5.471347334497262, Number of Steps: 764
Episode 371, Reward: -21.0, Mean Loss: 5.388351210748962, Number of Steps: 764
Episode 372, Reward: -21.0, Mean Loss: 5.388351210748962, Number of Steps: 764
Episode 373, Reward: -21.0, Mean Loss: 5.446981430053711, Number of Steps: 764
Episode 374, Reward: -21.0, Mean Loss: 5.412717115192513, Number of Steps: 764
Episode 375, Reward: -21.0, Mean Loss: 5.398059560366326, Number of Steps: 764
Episode 376, Reward: -21.0, Mean Loss: 5.383402005540138, Number of Steps: 764
Episode 377, Reward: -21.0, Mean Loss: 5.454310207466804, Number of Steps: 764
Episode 378, Reward: -21.0, Mean Loss: 5.444601857849441, Number of Steps: 764
Episode 379, Reward: -21.0, Mean Loss: 5.498282871945366, Number of Steps: 764
Episode 380, Reward: -21.0, Mean Loss: 5.407957970783973, Number of Steps: 764
Episode 381, Reward: -21.0, Mean Loss: 5.420045892605607, Number of Steps: 764
Episode 382, Reward: -21.0, Mean Loss: 5.4689677622929915, Number of Steps: 764
Episode 383, Reward: -21.0, Mean Loss: 5.495903299741096, Number of Steps: 764
Episode 384, Reward: -21.0, Mean Loss: 5.456879840471357, Number of Steps: 764
Episode 385, Reward: -21.0, Mean Loss: 5.395679988162056, Number of Steps: 764
Episode 386, Reward: -21.0, Mean Loss: 5.473916967501815, Number of Steps: 764
Episode 387, Reward: -21.0, Mean Loss: 5.444601857849441, Number of Steps: 764
Episode 388, Reward: -21.0, Mean Loss: 5.410337542988243, Number of Steps: 764
Episode 389, Reward: -21.0, Mean Loss: 5.417666320401336, Number of Steps: 764
Episode 390, Reward: -21.0, Mean Loss: 5.437273080436347, Number of Steps: 764
Episode 391, Reward: -21.0, Mean Loss: 5.442032224844888, Number of Steps: 764
Episode 392, Reward: -21.0, Mean Loss: 5.449361002257981, Number of Steps: 764
Episode 393, Reward: -21.0, Mean Loss: 5.442032224844888, Number of Steps: 764
Episode 394, Reward: -21.0, Mean Loss: 5.473916967501815, Number of Steps: 764
Episode 395, Reward: -21.0, Mean Loss: 5.4273746700187, Number of Steps: 764
Episode 396, Reward: -21.0, Mean Loss: 5.461638984879898, Number of Steps: 764
Episode 397, Reward: -21.0, Mean Loss: 5.464018557084168, Number of Steps: 764
Episode 398, Reward: -21.0, Mean Loss: 5.398059560366326, Number of Steps: 764
Episode 399, Reward: -21.0, Mean Loss: 5.454310207466804, Number of Steps: 764
Episode 400, Reward: -21.0, Mean Loss: 5.4398427134409, Number of Steps: 764
Episode 401, Reward: -21.0, Mean Loss: 5.456689779671075, Number of Steps: 764
Episode 402, Reward: -21.0, Mean Loss: 5.432323875227524, Number of Steps: 764
Episode 403, Reward: -21.0, Mean Loss: 5.420045892605607, Number of Steps: 764
Episode 404, Reward: -21.0, Mean Loss: 5.434703447431794, Number of Steps: 764
Episode 405, Reward: -21.0, Mean Loss: 5.456689779671075, Number of Steps: 764
Episode 406, Reward: -21.0, Mean Loss: 5.471347334497262, Number of Steps: 764
Episode 407, Reward: -21.0, Mean Loss: 5.449361002257981, Number of Steps: 764
Episode 408, Reward: -21.0, Mean Loss: 5.466588190088721, Number of Steps: 764
Episode 409, Reward: -21.0, Mean Loss: 5.461638984879898, Number of Steps: 764
Episode 410, Reward: -21.0, Mean Loss: 5.5472047416327515, Number of Steps: 764
Episode 411, Reward: -21.0, Mean Loss: 5.481245744914909, Number of Steps: 764
Episode 412, Reward: -21.0, Mean Loss: 5.417666320401336, Number of Steps: 764
Episode 413, Reward: -21.0, Mean Loss: 5.434703447431794, Number of Steps: 764
Episode 414, Reward: -21.0, Mean Loss: 5.456689779671075, Number of Steps: 764
Episode 415, Reward: -21.0, Mean Loss: 5.5056116493584595, Number of Steps: 764
Episode 416, Reward: -21.0, Mean Loss: 5.40538833777942, Number of Steps: 764
Episode 417, Reward: -21.0, Mean Loss: 5.488574522328002, Number of Steps: 764
Episode 418, Reward: -21.0, Mean Loss: 5.439652652640618, Number of Steps: 764
Episode 419, Reward: -21.0, Mean Loss: 5.461638984879898, Number of Steps: 764
Episode 420, Reward: -21.0, Mean Loss: 5.493523727536826, Number of Steps: 764
Episode 421, Reward: -21.0, Mean Loss: 5.373693655922775, Number of Steps: 764
Episode 422, Reward: -21.0, Mean Loss: 5.451930635262534, Number of Steps: 764
Episode 423, Reward: -21.0, Mean Loss: 5.4273746700187, Number of Steps: 764
Episode 424, Reward: -21.0, Mean Loss: 5.473916967501815, Number of Steps: 764
Episode 425, Reward: -21.0, Mean Loss: 5.466588190088721, Number of Steps: 764
Episode 426, Reward: -21.0, Mean Loss: 5.434893508232077, Number of Steps: 764
Episode 427, Reward: -21.0, Mean Loss: 5.459259412675628, Number of Steps: 764
Episode 428, Reward: -21.0, Mean Loss: 5.493333666736543, Number of Steps: 764
Episode 429, Reward: -21.0, Mean Loss: 5.415286748197066, Number of Steps: 764
Episode 430, Reward: -21.0, Mean Loss: 5.42261552561016, Number of Steps: 764
Episode 431, Reward: -21.0, Mean Loss: 5.483625317119179, Number of Steps: 764
Episode 432, Reward: -21.0, Mean Loss: 5.527597981597741, Number of Steps: 764
Episode 433, Reward: -21.0, Mean Loss: 5.410337542988243, Number of Steps: 764
Episode 434, Reward: -21.0, Mean Loss: 5.454310207466804, Number of Steps: 764
Episode 435, Reward: -21.0, Mean Loss: 5.451930635262534, Number of Steps: 764
Episode 436, Reward: -21.0, Mean Loss: 5.454310207466804, Number of Steps: 764
Episode 437, Reward: -21.0, Mean Loss: 5.42499509781443, Number of Steps: 764
Episode 438, Reward: -21.0, Mean Loss: 5.464018557084168, Number of Steps: 764
Episode 439, Reward: -21.0, Mean Loss: 5.454310207466804, Number of Steps: 764
Episode 440, Reward: -21.0, Mean Loss: 5.434703447431794, Number of Steps: 764
Episode 441, Reward: -21.0, Mean Loss: 5.454310207466804, Number of Steps: 764
Episode 442, Reward: -21.0, Mean Loss: 5.461638984879898, Number of Steps: 764
Episode 443, Reward: -21.0, Mean Loss: 5.4273746700187, Number of Steps: 764
Episode 444, Reward: -21.0, Mean Loss: 5.437273080436347, Number of Steps: 764
Episode 445, Reward: -21.0, Mean Loss: 5.412717115192513, Number of Steps: 764
Episode 446, Reward: -21.0, Mean Loss: 5.40538833777942, Number of Steps: 764
Episode 447, Reward: -21.0, Mean Loss: 5.412717115192513, Number of Steps: 764
Episode 448, Reward: -21.0, Mean Loss: 5.454310207466804, Number of Steps: 764
Episode 449, Reward: -21.0, Mean Loss: 5.446981430053711, Number of Steps: 764
Episode 450, Reward: -21.0, Mean Loss: 5.420045892605607, Number of Steps: 764
Episode 451, Reward: -21.0, Mean Loss: 5.42499509781443, Number of Steps: 764
Episode 452, Reward: -21.0, Mean Loss: 5.444601857849441, Number of Steps: 764
Episode 453, Reward: -21.0, Mean Loss: 5.478866172710639, Number of Steps: 764
Episode 454, Reward: -21.0, Mean Loss: 5.486194950123732, Number of Steps: 764
Episode 455, Reward: -21.0, Mean Loss: 5.471347334497262, Number of Steps: 764
Episode 456, Reward: -21.0, Mean Loss: 5.488574522328002, Number of Steps: 764
Episode 457, Reward: -21.0, Mean Loss: 5.476296539706086, Number of Steps: 764
Episode 458, Reward: -21.0, Mean Loss: 5.442032224844888, Number of Steps: 764
Episode 459, Reward: -21.0, Mean Loss: 5.464018557084168, Number of Steps: 764
Episode 460, Reward: -21.0, Mean Loss: 5.432323875227524, Number of Steps: 764
Episode 461, Reward: -21.0, Mean Loss: 5.400629193370879, Number of Steps: 764
Episode 462, Reward: -21.0, Mean Loss: 5.495903299741096, Number of Steps: 764
Episode 463, Reward: -21.0, Mean Loss: 5.388351210748962, Number of Steps: 764
Episode 464, Reward: -21.0, Mean Loss: 5.490954094532273, Number of Steps: 764
Episode 465, Reward: -21.0, Mean Loss: 5.368744450713952, Number of Steps: 764
Episode 466, Reward: -21.0, Mean Loss: 5.466588190088721, Number of Steps: 764
Episode 467, Reward: -21.0, Mean Loss: 5.464018557084168, Number of Steps: 764
Episode 468, Reward: -21.0, Mean Loss: 5.42499509781443, Number of Steps: 764
Episode 469, Reward: -21.0, Mean Loss: 5.420045892605607, Number of Steps: 764
Episode 470, Reward: -21.0, Mean Loss: 5.449361002257981, Number of Steps: 764
Episode 471, Reward: -21.0, Mean Loss: 5.420045892605607, Number of Steps: 764
Episode 472, Reward: -21.0, Mean Loss: 5.449361002257981, Number of Steps: 764
Episode 473, Reward: -21.0, Mean Loss: 5.439652652640618, Number of Steps: 764
Episode 474, Reward: -21.0, Mean Loss: 5.446981430053711, Number of Steps: 764
Episode 475, Reward: -21.0, Mean Loss: 5.439652652640618, Number of Steps: 764
Episode 476, Reward: -21.0, Mean Loss: 5.449361002257981, Number of Steps: 764
Episode 477, Reward: -21.0, Mean Loss: 5.517889631980377, Number of Steps: 764
Episode 478, Reward: -21.0, Mean Loss: 5.4273746700187, Number of Steps: 764
Episode 479, Reward: -21.0, Mean Loss: 5.407957970783973, Number of Steps: 764
Episode 480, Reward: -21.0, Mean Loss: 5.437273080436347, Number of Steps: 764
Episode 481, Reward: -21.0, Mean Loss: 5.420045892605607, Number of Steps: 764
Episode 482, Reward: -21.0, Mean Loss: 5.432323875227524, Number of Steps: 764
Episode 483, Reward: -21.0, Mean Loss: 5.432323875227524, Number of Steps: 764
Episode 484, Reward: -21.0, Mean Loss: 5.527597981597741, Number of Steps: 764
Episode 485, Reward: -21.0, Mean Loss: 5.368744450713952, Number of Steps: 764
Episode 486, Reward: -21.0, Mean Loss: 5.434703447431794, Number of Steps: 764
Episode 487, Reward: -21.0, Mean Loss: 5.4273746700187, Number of Steps: 764
Episode 488, Reward: -21.0, Mean Loss: 5.5228388371892, Number of Steps: 764
Episode 489, Reward: -21.0, Mean Loss: 5.439652652640618, Number of Steps: 764
Episode 490, Reward: -21.0, Mean Loss: 5.410337542988243, Number of Steps: 764
Episode 491, Reward: -21.0, Mean Loss: 5.493523727536826, Number of Steps: 764
Episode 492, Reward: -21.0, Mean Loss: 5.449361002257981, Number of Steps: 764
Episode 493, Reward: -21.0, Mean Loss: 5.432323875227524, Number of Steps: 764
Episode 494, Reward: -21.0, Mean Loss: 5.454310207466804, Number of Steps: 764
Episode 495, Reward: -21.0, Mean Loss: 5.415286748197066, Number of Steps: 764
Episode 496, Reward: -21.0, Mean Loss: 5.420045892605607, Number of Steps: 764
Episode 497, Reward: -21.0, Mean Loss: 5.439652652640618, Number of Steps: 764
Episode 498, Reward: -21.0, Mean Loss: 5.471537395297545, Number of Steps: 764
Episode 499, Reward: -21.0, Mean Loss: 5.412717115192513, Number of Steps: 764
Episode 500, Reward: -21.0, Mean Loss: 5.42499509781443, Number of Steps: 764
Episode 501, Reward: -21.0, Mean Loss: 5.488574522328002, Number of Steps: 764
Episode 502, Reward: -21.0, Mean Loss: 5.446981430053711, Number of Steps: 764
Episode 503, Reward: -21.0, Mean Loss: 5.437273080436347, Number of Steps: 764
Episode 504, Reward: -21.0, Mean Loss: 5.451930635262534, Number of Steps: 764
Episode 505, Reward: -21.0, Mean Loss: 5.415286748197066, Number of Steps: 764
Episode 506, Reward: -21.0, Mean Loss: 5.4689677622929915, Number of Steps: 764
Episode 507, Reward: -21.0, Mean Loss: 5.449551063058264, Number of Steps: 764
Episode 508, Reward: -21.0, Mean Loss: 5.417666320401336, Number of Steps: 764
Episode 509, Reward: -21.0, Mean Loss: 5.4689677622929915, Number of Steps: 764
Episode 510, Reward: -21.0, Mean Loss: 5.437273080436347, Number of Steps: 764
Episode 511, Reward: -21.0, Mean Loss: 5.488574522328002, Number of Steps: 764
Episode 512, Reward: -21.0, Mean Loss: 5.417666320401336, Number of Steps: 764
Episode 513, Reward: -21.0, Mean Loss: 5.451930635262534, Number of Steps: 764
Episode 514, Reward: -21.0, Mean Loss: 5.490954094532273, Number of Steps: 764
Episode 515, Reward: -21.0, Mean Loss: 5.486004889323449, Number of Steps: 764
Episode 516, Reward: -21.0, Mean Loss: 5.512940426771554, Number of Steps: 764
Episode 517, Reward: -21.0, Mean Loss: 5.4273746700187, Number of Steps: 764
Episode 518, Reward: -21.0, Mean Loss: 5.410337542988243, Number of Steps: 764
Episode 519, Reward: -21.0, Mean Loss: 5.476296539706086, Number of Steps: 764
Episode 520, Reward: -21.0, Mean Loss: 5.434703447431794, Number of Steps: 764
Episode 521, Reward: -21.0, Mean Loss: 5.432323875227524, Number of Steps: 764
Episode 522, Reward: -21.0, Mean Loss: 5.503232077154189, Number of Steps: 764
Episode 523, Reward: -21.0, Mean Loss: 5.471347334497262, Number of Steps: 764
Episode 524, Reward: -21.0, Mean Loss: 5.4299443030232535, Number of Steps: 764
Episode 525, Reward: -21.0, Mean Loss: 5.40538833777942, Number of Steps: 764
Episode 526, Reward: -21.0, Mean Loss: 5.395679988162056, Number of Steps: 764
Episode 527, Reward: -21.0, Mean Loss: 5.454310207466804, Number of Steps: 764
Episode 528, Reward: -21.0, Mean Loss: 5.493333666736543, Number of Steps: 764
Episode 529, Reward: -21.0, Mean Loss: 5.449361002257981, Number of Steps: 764
Episode 530, Reward: -21.0, Mean Loss: 5.376073228127045, Number of Steps: 764
Episode 531, Reward: -21.0, Mean Loss: 5.378642861131598, Number of Steps: 764
Episode 532, Reward: -21.0, Mean Loss: 5.420045892605607, Number of Steps: 764
Episode 533, Reward: -21.0, Mean Loss: 5.459259412675628, Number of Steps: 764
Episode 534, Reward: -21.0, Mean Loss: 5.456689779671075, Number of Steps: 764
Episode 535, Reward: -21.0, Mean Loss: 5.481245744914909, Number of Steps: 764
Episode 536, Reward: -21.0, Mean Loss: 5.42499509781443, Number of Steps: 764
Episode 537, Reward: -21.0, Mean Loss: 5.464018557084168, Number of Steps: 764
Episode 538, Reward: -21.0, Mean Loss: 5.412717115192513, Number of Steps: 764
Episode 539, Reward: -21.0, Mean Loss: 5.398059560366326, Number of Steps: 764
Episode 540, Reward: -21.0, Mean Loss: 5.476296539706086, Number of Steps: 764
Episode 541, Reward: -21.0, Mean Loss: 5.454310207466804, Number of Steps: 764
Episode 542, Reward: -21.0, Mean Loss: 5.52521840939347, Number of Steps: 764
Episode 543, Reward: -21.0, Mean Loss: 5.3933004159577855, Number of Steps: 764
Episode 544, Reward: -21.0, Mean Loss: 5.434703447431794, Number of Steps: 764
Episode 545, Reward: -21.0, Mean Loss: 5.432323875227524, Number of Steps: 764
Episode 546, Reward: -21.0, Mean Loss: 5.434703447431794, Number of Steps: 764
Episode 547, Reward: -21.0, Mean Loss: 5.486004889323449, Number of Steps: 764
Episode 548, Reward: -21.0, Mean Loss: 5.481245744914909, Number of Steps: 764
Episode 549, Reward: -21.0, Mean Loss: 5.464018557084168, Number of Steps: 764
Episode 550, Reward: -21.0, Mean Loss: 5.4689677622929915, Number of Steps: 764
Episode 551, Reward: -21.0, Mean Loss: 5.446981430053711, Number of Steps: 764
Episode 552, Reward: -21.0, Mean Loss: 5.5056116493584595, Number of Steps: 764
Episode 553, Reward: -21.0, Mean Loss: 5.478866172710639, Number of Steps: 764
Episode 554, Reward: -21.0, Mean Loss: 5.471347334497262, Number of Steps: 764
Episode 555, Reward: -21.0, Mean Loss: 5.515510059776107, Number of Steps: 764
Episode 556, Reward: -21.0, Mean Loss: 5.437273080436347, Number of Steps: 764
Episode 557, Reward: -21.0, Mean Loss: 5.40538833777942, Number of Steps: 764
Episode 558, Reward: -21.0, Mean Loss: 5.446981430053711, Number of Steps: 764
Episode 559, Reward: -21.0, Mean Loss: 5.412717115192513, Number of Steps: 764
Episode 560, Reward: -21.0, Mean Loss: 5.420045892605607, Number of Steps: 764
Episode 561, Reward: -21.0, Mean Loss: 5.437273080436347, Number of Steps: 764
Episode 562, Reward: -21.0, Mean Loss: 5.398059560366326, Number of Steps: 764
Episode 563, Reward: -21.0, Mean Loss: 5.515510059776107, Number of Steps: 764
Episode 564, Reward: -21.0, Mean Loss: 5.451930635262534, Number of Steps: 764
Episode 565, Reward: -21.0, Mean Loss: 5.4689677622929915, Number of Steps: 764
Episode 566, Reward: -21.0, Mean Loss: 5.439652652640618, Number of Steps: 764
Episode 567, Reward: -21.0, Mean Loss: 5.412717115192513, Number of Steps: 764
Episode 568, Reward: -21.0, Mean Loss: 5.449361002257981, Number of Steps: 764
Episode 569, Reward: -21.0, Mean Loss: 5.464018557084168, Number of Steps: 764
Episode 570, Reward: -21.0, Mean Loss: 5.488574522328002, Number of Steps: 764
Episode 571, Reward: -21.0, Mean Loss: 5.5056116493584595, Number of Steps: 764
Episode 572, Reward: -21.0, Mean Loss: 5.490954094532273, Number of Steps: 764
Episode 573, Reward: -21.0, Mean Loss: 5.503232077154189, Number of Steps: 764
Episode 574, Reward: -21.0, Mean Loss: 5.410337542988243, Number of Steps: 764
Episode 575, Reward: -21.0, Mean Loss: 5.537496392015387, Number of Steps: 764
Episode 576, Reward: -21.0, Mean Loss: 5.439652652640618, Number of Steps: 764
Episode 577, Reward: -21.0, Mean Loss: 5.420235953405889, Number of Steps: 764
Episode 578, Reward: -21.0, Mean Loss: 5.40538833777942, Number of Steps: 764
Episode 579, Reward: -21.0, Mean Loss: 5.481245744914909, Number of Steps: 764
Episode 580, Reward: -21.0, Mean Loss: 5.434893508232077, Number of Steps: 764
Episode 581, Reward: -21.0, Mean Loss: 5.451930635262534, Number of Steps: 764
Episode 582, Reward: -21.0, Mean Loss: 5.434703447431794, Number of Steps: 764
Episode 583, Reward: -21.0, Mean Loss: 5.454310207466804, Number of Steps: 764
Episode 584, Reward: -21.0, Mean Loss: 5.442032224844888, Number of Steps: 764
Episode 585, Reward: -21.0, Mean Loss: 5.368744450713952, Number of Steps: 764
Episode 586, Reward: -21.0, Mean Loss: 5.456689779671075, Number of Steps: 764
Episode 587, Reward: -21.0, Mean Loss: 5.449361002257981, Number of Steps: 764
Episode 588, Reward: -21.0, Mean Loss: 5.456689779671075, Number of Steps: 764
Episode 589, Reward: -21.0, Mean Loss: 5.439652652640618, Number of Steps: 764
Episode 590, Reward: -21.0, Mean Loss: 5.461638984879898, Number of Steps: 764
Episode 591, Reward: -21.0, Mean Loss: 5.466588190088721, Number of Steps: 764
Episode 592, Reward: -21.0, Mean Loss: 5.444601857849441, Number of Steps: 764
Episode 593, Reward: -21.0, Mean Loss: 5.442032224844888, Number of Steps: 764
Episode 594, Reward: -21.0, Mean Loss: 5.454310207466804, Number of Steps: 764
Episode 595, Reward: -21.0, Mean Loss: 5.383402005540138, Number of Steps: 764
Episode 596, Reward: -21.0, Mean Loss: 5.434703447431794, Number of Steps: 764
Episode 597, Reward: -21.0, Mean Loss: 5.437273080436347, Number of Steps: 764
Episode 598, Reward: -21.0, Mean Loss: 5.4273746700187, Number of Steps: 764
Episode 599, Reward: -21.0, Mean Loss: 5.481245744914909, Number of Steps: 764
Episode 600, Reward: -21.0, Mean Loss: 5.434703447431794, Number of Steps: 764
Episode 601, Reward: -21.0, Mean Loss: 5.481245744914909, Number of Steps: 764
Episode 602, Reward: -21.0, Mean Loss: 5.498282871945366, Number of Steps: 764
Episode 603, Reward: -21.0, Mean Loss: 5.464018557084168, Number of Steps: 764
Episode 604, Reward: -21.0, Mean Loss: 5.442032224844888, Number of Steps: 764
Episode 605, Reward: -21.0, Mean Loss: 5.471347334497262, Number of Steps: 764
Episode 606, Reward: -21.0, Mean Loss: 5.434893508232077, Number of Steps: 764
Episode 607, Reward: -21.0, Mean Loss: 5.454310207466804, Number of Steps: 764
Episode 608, Reward: -21.0, Mean Loss: 5.420235953405889, Number of Steps: 764
Episode 609, Reward: -21.0, Mean Loss: 5.442032224844888, Number of Steps: 764
Episode 610, Reward: -21.0, Mean Loss: 5.446981430053711, Number of Steps: 764
Episode 611, Reward: -21.0, Mean Loss: 5.442032224844888, Number of Steps: 764
Episode 612, Reward: -21.0, Mean Loss: 5.381022433335868, Number of Steps: 764
Episode 613, Reward: -21.0, Mean Loss: 5.442032224844888, Number of Steps: 764
Episode 614, Reward: -21.0, Mean Loss: 5.483625317119179, Number of Steps: 764
Episode 615, Reward: -21.0, Mean Loss: 5.434703447431794, Number of Steps: 764
Episode 616, Reward: -21.0, Mean Loss: 5.503232077154189, Number of Steps: 764
Episode 617, Reward: -21.0, Mean Loss: 5.456689779671075, Number of Steps: 764
Episode 618, Reward: -21.0, Mean Loss: 5.420045892605607, Number of Steps: 764
Episode 619, Reward: -21.0, Mean Loss: 5.493333666736543, Number of Steps: 764
Episode 620, Reward: -21.0, Mean Loss: 5.454310207466804, Number of Steps: 764
Episode 621, Reward: -21.0, Mean Loss: 5.4689677622929915, Number of Steps: 764
Episode 622, Reward: -21.0, Mean Loss: 5.490954094532273, Number of Steps: 764
Episode 623, Reward: -21.0, Mean Loss: 5.412717115192513, Number of Steps: 764
Episode 624, Reward: -21.0, Mean Loss: 5.517889631980377, Number of Steps: 764
Episode 625, Reward: -21.0, Mean Loss: 5.4299443030232535, Number of Steps: 764
Episode 626, Reward: -21.0, Mean Loss: 5.459259412675628, Number of Steps: 764
Episode 627, Reward: -21.0, Mean Loss: 5.483625317119179, Number of Steps: 764
Episode 628, Reward: -21.0, Mean Loss: 5.449361002257981, Number of Steps: 764
Episode 629, Reward: -21.0, Mean Loss: 5.442032224844888, Number of Steps: 764
Episode 630, Reward: -21.0, Mean Loss: 5.4273746700187, Number of Steps: 764
Episode 631, Reward: -21.0, Mean Loss: 5.4299443030232535, Number of Steps: 764
Episode 632, Reward: -21.0, Mean Loss: 5.410337542988243, Number of Steps: 764
Episode 633, Reward: -21.0, Mean Loss: 5.478866172710639, Number of Steps: 764
Episode 634, Reward: -21.0, Mean Loss: 5.444601857849441, Number of Steps: 764
Episode 635, Reward: -21.0, Mean Loss: 5.5056116493584595, Number of Steps: 764
Episode 636, Reward: -21.0, Mean Loss: 5.434703447431794, Number of Steps: 764
Episode 637, Reward: -21.0, Mean Loss: 5.532547186806564, Number of Steps: 764
Episode 638, Reward: -21.0, Mean Loss: 5.449361002257981, Number of Steps: 764
Episode 639, Reward: -21.0, Mean Loss: 5.40538833777942, Number of Steps: 764
Episode 640, Reward: -21.0, Mean Loss: 5.481245744914909, Number of Steps: 764
Episode 641, Reward: -21.0, Mean Loss: 5.403008765575149, Number of Steps: 764
Episode 642, Reward: -21.0, Mean Loss: 5.442032224844888, Number of Steps: 764
Episode 643, Reward: -21.0, Mean Loss: 5.454310207466804, Number of Steps: 764
Episode 644, Reward: -21.0, Mean Loss: 5.432323875227524, Number of Steps: 764
Episode 645, Reward: -21.0, Mean Loss: 5.490954094532273, Number of Steps: 764
Episode 646, Reward: -21.0, Mean Loss: 5.466588190088721, Number of Steps: 764
Episode 647, Reward: -21.0, Mean Loss: 5.471347334497262, Number of Steps: 764
Episode 648, Reward: -21.0, Mean Loss: 5.437273080436347, Number of Steps: 764
Episode 649, Reward: -21.0, Mean Loss: 5.4299443030232535, Number of Steps: 764
Episode 650, Reward: -21.0, Mean Loss: 5.420045892605607, Number of Steps: 764
Episode 651, Reward: -21.0, Mean Loss: 5.4299443030232535, Number of Steps: 764
Episode 652, Reward: -21.0, Mean Loss: 5.410337542988243, Number of Steps: 764
Episode 653, Reward: -21.0, Mean Loss: 5.449361002257981, Number of Steps: 764
Episode 654, Reward: -21.0, Mean Loss: 5.446981430053711, Number of Steps: 764
Episode 655, Reward: -21.0, Mean Loss: 5.439652652640618, Number of Steps: 764
Episode 656, Reward: -21.0, Mean Loss: 5.454310207466804, Number of Steps: 764
Episode 657, Reward: -21.0, Mean Loss: 5.476296539706086, Number of Steps: 764
Episode 658, Reward: -21.0, Mean Loss: 5.40538833777942, Number of Steps: 764
Episode 659, Reward: -21.0, Mean Loss: 5.4273746700187, Number of Steps: 764
Episode 660, Reward: -21.0, Mean Loss: 5.481245744914909, Number of Steps: 764
Episode 661, Reward: -21.0, Mean Loss: 5.439652652640618, Number of Steps: 764
Episode 662, Reward: -21.0, Mean Loss: 5.432323875227524, Number of Steps: 764
Episode 663, Reward: -21.0, Mean Loss: 5.420045892605607, Number of Steps: 764
Episode 664, Reward: -21.0, Mean Loss: 5.42499509781443, Number of Steps: 764
Episode 665, Reward: -21.0, Mean Loss: 5.417666320401336, Number of Steps: 764
Episode 666, Reward: -21.0, Mean Loss: 5.432323875227524, Number of Steps: 764
Episode 667, Reward: -21.0, Mean Loss: 5.464018557084168, Number of Steps: 764
Episode 668, Reward: -21.0, Mean Loss: 5.434703447431794, Number of Steps: 764
Episode 669, Reward: -21.0, Mean Loss: 5.42499509781443, Number of Steps: 764
Episode 670, Reward: -21.0, Mean Loss: 5.368744450713952, Number of Steps: 764
Episode 671, Reward: -21.0, Mean Loss: 5.476296539706086, Number of Steps: 764
Episode 672, Reward: -21.0, Mean Loss: 5.52521840939347, Number of Steps: 764
Episode 673, Reward: -21.0, Mean Loss: 5.459259412675628, Number of Steps: 764
Episode 674, Reward: -21.0, Mean Loss: 5.4273746700187, Number of Steps: 764
Episode 675, Reward: -21.0, Mean Loss: 5.432323875227524, Number of Steps: 764
Episode 676, Reward: -21.0, Mean Loss: 5.466588190088721, Number of Steps: 764
Episode 677, Reward: -21.0, Mean Loss: 5.4689677622929915, Number of Steps: 764
Episode 678, Reward: -21.0, Mean Loss: 5.420045892605607, Number of Steps: 764
Episode 679, Reward: -21.0, Mean Loss: 5.442032224844888, Number of Steps: 764
Episode 680, Reward: -21.0, Mean Loss: 5.417666320401336, Number of Steps: 764
Episode 681, Reward: -21.0, Mean Loss: 5.434703447431794, Number of Steps: 764
Episode 682, Reward: -21.0, Mean Loss: 5.40538833777942, Number of Steps: 764
Episode 683, Reward: -21.0, Mean Loss: 5.434703447431794, Number of Steps: 764
Episode 684, Reward: -21.0, Mean Loss: 5.368744450713952, Number of Steps: 764
Episode 685, Reward: -21.0, Mean Loss: 5.4299443030232535, Number of Steps: 764
Episode 686, Reward: -21.0, Mean Loss: 5.412717115192513, Number of Steps: 764
Episode 687, Reward: -21.0, Mean Loss: 5.464018557084168, Number of Steps: 764
Episode 688, Reward: -21.0, Mean Loss: 5.449361002257981, Number of Steps: 764
Episode 689, Reward: -21.0, Mean Loss: 5.446981430053711, Number of Steps: 764
Episode 690, Reward: -21.0, Mean Loss: 5.491144155332555, Number of Steps: 764
Episode 691, Reward: -21.0, Mean Loss: 5.417666320401336, Number of Steps: 764
Episode 692, Reward: -21.0, Mean Loss: 5.459259412675628, Number of Steps: 764
Episode 693, Reward: -21.0, Mean Loss: 5.466588190088721, Number of Steps: 764
Episode 694, Reward: -21.0, Mean Loss: 5.432323875227524, Number of Steps: 764
Episode 695, Reward: -21.0, Mean Loss: 5.5105608545672835, Number of Steps: 764
Episode 696, Reward: -21.0, Mean Loss: 5.454310207466804, Number of Steps: 764
Episode 697, Reward: -21.0, Mean Loss: 5.476296539706086, Number of Steps: 764
Episode 698, Reward: -21.0, Mean Loss: 5.478676111910356, Number of Steps: 764
Episode 699, Reward: -21.0, Mean Loss: 5.403008765575149, Number of Steps: 764
Episode 700, Reward: -21.0, Mean Loss: 5.4689677622929915, Number of Steps: 764
Episode 701, Reward: -21.0, Mean Loss: 5.449361002257981, Number of Steps: 764
Episode 702, Reward: -21.0, Mean Loss: 5.442032224844888, Number of Steps: 764
Episode 703, Reward: -21.0, Mean Loss: 5.410337542988243, Number of Steps: 764
Episode 704, Reward: -21.0, Mean Loss: 5.451930635262534, Number of Steps: 764
Episode 705, Reward: -21.0, Mean Loss: 5.412717115192513, Number of Steps: 764
Episode 706, Reward: -21.0, Mean Loss: 5.42499509781443, Number of Steps: 764
Episode 707, Reward: -21.0, Mean Loss: 5.449361002257981, Number of Steps: 764
Episode 708, Reward: -21.0, Mean Loss: 5.437273080436347, Number of Steps: 764
Episode 709, Reward: -21.0, Mean Loss: 5.481245744914909, Number of Steps: 764
Episode 710, Reward: -21.0, Mean Loss: 5.4273746700187, Number of Steps: 764
Episode 711, Reward: -21.0, Mean Loss: 5.5105608545672835, Number of Steps: 764
Episode 712, Reward: -21.0, Mean Loss: 5.4689677622929915, Number of Steps: 764
Episode 713, Reward: -21.0, Mean Loss: 5.456689779671075, Number of Steps: 764
Episode 714, Reward: -21.0, Mean Loss: 5.473916967501815, Number of Steps: 764
Episode 715, Reward: -21.0, Mean Loss: 5.459259412675628, Number of Steps: 764
Episode 716, Reward: -21.0, Mean Loss: 5.417666320401336, Number of Steps: 764
Episode 717, Reward: -21.0, Mean Loss: 5.471347334497262, Number of Steps: 764
Episode 718, Reward: -21.0, Mean Loss: 5.512940426771554, Number of Steps: 764
Episode 719, Reward: -21.0, Mean Loss: 5.444601857849441, Number of Steps: 764
Episode 720, Reward: -21.0, Mean Loss: 5.5081812823630125, Number of Steps: 764
Episode 721, Reward: -21.0, Mean Loss: 5.439652652640618, Number of Steps: 764
Episode 722, Reward: -21.0, Mean Loss: 5.439652652640618, Number of Steps: 764
Episode 723, Reward: -21.0, Mean Loss: 5.42261552561016, Number of Steps: 764
Episode 724, Reward: -21.0, Mean Loss: 5.456689779671075, Number of Steps: 764
Episode 725, Reward: -21.0, Mean Loss: 5.500852504949919, Number of Steps: 764
Episode 726, Reward: -21.0, Mean Loss: 5.471537395297545, Number of Steps: 764
Episode 727, Reward: -21.0, Mean Loss: 5.442032224844888, Number of Steps: 764
Episode 728, Reward: -21.0, Mean Loss: 5.40538833777942, Number of Steps: 764
Episode 729, Reward: -21.0, Mean Loss: 5.412907175992796, Number of Steps: 764
Episode 730, Reward: -21.0, Mean Loss: 5.449361002257981, Number of Steps: 764
Episode 731, Reward: -21.0, Mean Loss: 5.437273080436347, Number of Steps: 764
Episode 732, Reward: -21.0, Mean Loss: 5.42499509781443, Number of Steps: 764
Episode 733, Reward: -21.0, Mean Loss: 5.40538833777942, Number of Steps: 764
Episode 734, Reward: -21.0, Mean Loss: 5.434703447431794, Number of Steps: 764
Episode 735, Reward: -21.0, Mean Loss: 5.4689677622929915, Number of Steps: 764
Episode 736, Reward: -21.0, Mean Loss: 5.442032224844888, Number of Steps: 764
Episode 737, Reward: -21.0, Mean Loss: 5.444601857849441, Number of Steps: 764
Episode 738, Reward: -21.0, Mean Loss: 5.417666320401336, Number of Steps: 764
Episode 739, Reward: -21.0, Mean Loss: 5.381022433335868, Number of Steps: 764
Episode 740, Reward: -21.0, Mean Loss: 5.40538833777942, Number of Steps: 764
Episode 741, Reward: -21.0, Mean Loss: 5.466588190088721, Number of Steps: 764
Episode 742, Reward: -21.0, Mean Loss: 5.449361002257981, Number of Steps: 764
Episode 743, Reward: -21.0, Mean Loss: 5.456879840471357, Number of Steps: 764
Episode 744, Reward: -21.0, Mean Loss: 5.464018557084168, Number of Steps: 764
Episode 745, Reward: -21.0, Mean Loss: 5.398059560366326, Number of Steps: 764
Episode 746, Reward: -21.0, Mean Loss: 5.456689779671075, Number of Steps: 764
Episode 747, Reward: -21.0, Mean Loss: 5.486385010924015, Number of Steps: 764
Episode 748, Reward: -21.0, Mean Loss: 5.42499509781443, Number of Steps: 764
Episode 749, Reward: -21.0, Mean Loss: 5.439652652640618, Number of Steps: 764
Episode 750, Reward: -21.0, Mean Loss: 5.412717115192513, Number of Steps: 764
Episode 751, Reward: -21.0, Mean Loss: 5.456689779671075, Number of Steps: 764
Episode 752, Reward: -21.0, Mean Loss: 5.512940426771554, Number of Steps: 764
Episode 753, Reward: -21.0, Mean Loss: 5.42499509781443, Number of Steps: 764
Episode 754, Reward: -21.0, Mean Loss: 5.446981430053711, Number of Steps: 764
Episode 755, Reward: -21.0, Mean Loss: 5.4273746700187, Number of Steps: 764
Episode 756, Reward: -21.0, Mean Loss: 5.490954094532273, Number of Steps: 764
Episode 757, Reward: -21.0, Mean Loss: 5.495903299741096, Number of Steps: 764
Episode 758, Reward: -21.0, Mean Loss: 5.456689779671075, Number of Steps: 764
Episode 759, Reward: -21.0, Mean Loss: 5.444601857849441, Number of Steps: 764
Episode 760, Reward: -21.0, Mean Loss: 5.493333666736543, Number of Steps: 764
Episode 761, Reward: -21.0, Mean Loss: 5.434703447431794, Number of Steps: 764
Episode 762, Reward: -21.0, Mean Loss: 5.515510059776107, Number of Steps: 764
Episode 763, Reward: -21.0, Mean Loss: 5.481245744914909, Number of Steps: 764
Episode 764, Reward: -21.0, Mean Loss: 5.400629193370879, Number of Steps: 764
Episode 765, Reward: -21.0, Mean Loss: 5.40538833777942, Number of Steps: 764
Episode 766, Reward: -21.0, Mean Loss: 5.476296539706086, Number of Steps: 764
Episode 767, Reward: -21.0, Mean Loss: 5.464208617884451, Number of Steps: 764
Episode 768, Reward: -21.0, Mean Loss: 5.522648776388917, Number of Steps: 764
Episode 769, Reward: -21.0, Mean Loss: 5.449361002257981, Number of Steps: 764
Episode 770, Reward: -21.0, Mean Loss: 5.368744450713952, Number of Steps: 764
Episode 771, Reward: -21.0, Mean Loss: 5.417666320401336, Number of Steps: 764
Episode 772, Reward: -21.0, Mean Loss: 5.446981430053711, Number of Steps: 764
Episode 773, Reward: -21.0, Mean Loss: 5.459259412675628, Number of Steps: 764
Episode 774, Reward: -21.0, Mean Loss: 5.388351210748962, Number of Steps: 764
Episode 775, Reward: -21.0, Mean Loss: 5.5105608545672835, Number of Steps: 764
Episode 776, Reward: -21.0, Mean Loss: 5.449551063058264, Number of Steps: 764
Episode 777, Reward: -21.0, Mean Loss: 5.490954094532273, Number of Steps: 764
Episode 778, Reward: -21.0, Mean Loss: 5.478866172710639, Number of Steps: 764
Episode 779, Reward: -21.0, Mean Loss: 5.400629193370879, Number of Steps: 764
Episode 780, Reward: -21.0, Mean Loss: 5.442032224844888, Number of Steps: 764
Episode 781, Reward: -21.0, Mean Loss: 5.412717115192513, Number of Steps: 764
Episode 782, Reward: -21.0, Mean Loss: 5.444601857849441, Number of Steps: 764
Episode 783, Reward: -21.0, Mean Loss: 5.473916967501815, Number of Steps: 764
Episode 784, Reward: -21.0, Mean Loss: 5.473916967501815, Number of Steps: 764
Episode 785, Reward: -21.0, Mean Loss: 5.417666320401336, Number of Steps: 764
Episode 786, Reward: -21.0, Mean Loss: 5.398059560366326, Number of Steps: 764
Episode 787, Reward: -21.0, Mean Loss: 5.420045892605607, Number of Steps: 764
Episode 788, Reward: -21.0, Mean Loss: 5.437273080436347, Number of Steps: 764
Episode 789, Reward: -21.0, Mean Loss: 5.420045892605607, Number of Steps: 764
Episode 790, Reward: -21.0, Mean Loss: 5.476296539706086, Number of Steps: 764
Episode 791, Reward: -21.0, Mean Loss: 5.420045892605607, Number of Steps: 764
Episode 792, Reward: -21.0, Mean Loss: 5.500852504949919, Number of Steps: 764
Episode 793, Reward: -21.0, Mean Loss: 5.417666320401336, Number of Steps: 764
Episode 794, Reward: -21.0, Mean Loss: 5.466588190088721, Number of Steps: 764
Episode 795, Reward: -21.0, Mean Loss: 5.446981430053711, Number of Steps: 764
Episode 796, Reward: -21.0, Mean Loss: 5.410337542988243, Number of Steps: 764
Episode 797, Reward: -21.0, Mean Loss: 5.427564730818983, Number of Steps: 764
Episode 798, Reward: -21.0, Mean Loss: 5.456689779671075, Number of Steps: 764
Episode 799, Reward: -21.0, Mean Loss: 5.442032224844888, Number of Steps: 764
Episode 800, Reward: -21.0, Mean Loss: 5.434703447431794, Number of Steps: 764
Episode 801, Reward: -21.0, Mean Loss: 5.4689677622929915, Number of Steps: 764
Episode 802, Reward: -21.0, Mean Loss: 5.442032224844888, Number of Steps: 764
Episode 803, Reward: -21.0, Mean Loss: 5.4689677622929915, Number of Steps: 764
Episode 804, Reward: -21.0, Mean Loss: 5.4273746700187, Number of Steps: 764
Episode 805, Reward: -21.0, Mean Loss: 5.388351210748962, Number of Steps: 764
Episode 806, Reward: -21.0, Mean Loss: 5.52521840939347, Number of Steps: 764
Episode 807, Reward: -21.0, Mean Loss: 5.500662444149636, Number of Steps: 764
Episode 808, Reward: -21.0, Mean Loss: 5.434703447431794, Number of Steps: 764
Episode 809, Reward: -21.0, Mean Loss: 5.512940426771554, Number of Steps: 764
Episode 810, Reward: -21.0, Mean Loss: 5.471347334497262, Number of Steps: 764
Episode 811, Reward: -21.0, Mean Loss: 5.442032224844888, Number of Steps: 764
Episode 812, Reward: -21.0, Mean Loss: 5.476296539706086, Number of Steps: 764
Episode 813, Reward: -21.0, Mean Loss: 5.439652652640618, Number of Steps: 764
Episode 814, Reward: -21.0, Mean Loss: 5.5105608545672835, Number of Steps: 764
Episode 815, Reward: -21.0, Mean Loss: 5.530167614602294, Number of Steps: 764
Episode 816, Reward: -21.0, Mean Loss: 5.42499509781443, Number of Steps: 764
Episode 817, Reward: -21.0, Mean Loss: 5.527597981597741, Number of Steps: 764
Episode 818, Reward: -21.0, Mean Loss: 5.476296539706086, Number of Steps: 764
Episode 819, Reward: -21.0, Mean Loss: 5.381022433335868, Number of Steps: 764
Episode 820, Reward: -21.0, Mean Loss: 5.466588190088721, Number of Steps: 764
Episode 821, Reward: -21.0, Mean Loss: 5.446981430053711, Number of Steps: 764
Episode 822, Reward: -21.0, Mean Loss: 5.446981430053711, Number of Steps: 764
Episode 823, Reward: -21.0, Mean Loss: 5.444601857849441, Number of Steps: 764
Episode 824, Reward: -21.0, Mean Loss: 5.420045892605607, Number of Steps: 764
Episode 825, Reward: -21.0, Mean Loss: 5.449361002257981, Number of Steps: 764
Episode 826, Reward: -21.0, Mean Loss: 5.376073228127045, Number of Steps: 764
Episode 827, Reward: -21.0, Mean Loss: 5.446981430053711, Number of Steps: 764
Episode 828, Reward: -21.0, Mean Loss: 5.434703447431794, Number of Steps: 764
Episode 829, Reward: -21.0, Mean Loss: 5.439652652640618, Number of Steps: 764
Episode 830, Reward: -21.0, Mean Loss: 5.454310207466804, Number of Steps: 764
Episode 831, Reward: -21.0, Mean Loss: 5.420045892605607, Number of Steps: 764
Episode 832, Reward: -21.0, Mean Loss: 5.456879840471357, Number of Steps: 764
Episode 833, Reward: -21.0, Mean Loss: 5.4273746700187, Number of Steps: 764
Episode 834, Reward: -21.0, Mean Loss: 5.446981430053711, Number of Steps: 764
Episode 835, Reward: -21.0, Mean Loss: 5.442032224844888, Number of Steps: 764
Episode 836, Reward: -21.0, Mean Loss: 5.464018557084168, Number of Steps: 764
Episode 837, Reward: -21.0, Mean Loss: 5.442032224844888, Number of Steps: 764
Episode 838, Reward: -21.0, Mean Loss: 5.478676111910356, Number of Steps: 764
Episode 839, Reward: -21.0, Mean Loss: 5.446981430053711, Number of Steps: 764
Episode 840, Reward: -21.0, Mean Loss: 5.439652652640618, Number of Steps: 764
Episode 841, Reward: -21.0, Mean Loss: 5.383402005540138, Number of Steps: 764
Episode 842, Reward: -21.0, Mean Loss: 5.466588190088721, Number of Steps: 764
Episode 843, Reward: -21.0, Mean Loss: 5.491144155332555, Number of Steps: 764
Episode 844, Reward: -21.0, Mean Loss: 5.434703447431794, Number of Steps: 764
Episode 845, Reward: -21.0, Mean Loss: 5.483625317119179, Number of Steps: 764
Episode 846, Reward: -21.0, Mean Loss: 5.395679988162056, Number of Steps: 764
Episode 847, Reward: -21.0, Mean Loss: 5.4689677622929915, Number of Steps: 764
Episode 848, Reward: -21.0, Mean Loss: 5.417666320401336, Number of Steps: 764
Episode 849, Reward: -21.0, Mean Loss: 5.471347334497262, Number of Steps: 764
Episode 850, Reward: -21.0, Mean Loss: 5.486194950123732, Number of Steps: 764
Episode 851, Reward: -21.0, Mean Loss: 5.473916967501815, Number of Steps: 764
Episode 852, Reward: -21.0, Mean Loss: 5.500852504949919, Number of Steps: 764
Episode 853, Reward: -21.0, Mean Loss: 5.5056116493584595, Number of Steps: 764
Episode 854, Reward: -21.0, Mean Loss: 5.483625317119179, Number of Steps: 764
Episode 855, Reward: -21.0, Mean Loss: 5.40538833777942, Number of Steps: 764
Episode 856, Reward: -21.0, Mean Loss: 5.42499509781443, Number of Steps: 764
Episode 857, Reward: -21.0, Mean Loss: 5.403008765575149, Number of Steps: 764
Episode 858, Reward: -21.0, Mean Loss: 5.461638984879898, Number of Steps: 764
Episode 859, Reward: -21.0, Mean Loss: 5.3907307829532325, Number of Steps: 764
Episode 860, Reward: -21.0, Mean Loss: 5.40538833777942, Number of Steps: 764
Episode 861, Reward: -21.0, Mean Loss: 5.476296539706086, Number of Steps: 764
Episode 862, Reward: -21.0, Mean Loss: 5.432323875227524, Number of Steps: 764
Episode 863, Reward: -21.0, Mean Loss: 5.4273746700187, Number of Steps: 764
Episode 864, Reward: -21.0, Mean Loss: 5.459259412675628, Number of Steps: 764
Episode 865, Reward: -21.0, Mean Loss: 5.466588190088721, Number of Steps: 764
Episode 866, Reward: -21.0, Mean Loss: 5.500852504949919, Number of Steps: 764
Episode 867, Reward: -21.0, Mean Loss: 5.461638984879898, Number of Steps: 764
Episode 868, Reward: -21.0, Mean Loss: 5.490954094532273, Number of Steps: 764
Episode 869, Reward: -21.0, Mean Loss: 5.4273746700187, Number of Steps: 764
Episode 870, Reward: -21.0, Mean Loss: 5.432323875227524, Number of Steps: 764
Episode 871, Reward: -21.0, Mean Loss: 5.442032224844888, Number of Steps: 764
Episode 872, Reward: -21.0, Mean Loss: 5.488574522328002, Number of Steps: 764
Episode 873, Reward: -21.0, Mean Loss: 5.42499509781443, Number of Steps: 764
Episode 874, Reward: -21.0, Mean Loss: 5.4689677622929915, Number of Steps: 764
Episode 875, Reward: -21.0, Mean Loss: 5.371314083718505, Number of Steps: 764
Episode 876, Reward: -21.0, Mean Loss: 5.461638984879898, Number of Steps: 764
Episode 877, Reward: -21.0, Mean Loss: 5.403008765575149, Number of Steps: 764
Episode 878, Reward: -21.0, Mean Loss: 5.464018557084168, Number of Steps: 764
Episode 879, Reward: -21.0, Mean Loss: 5.4273746700187, Number of Steps: 764
Episode 880, Reward: -21.0, Mean Loss: 5.40538833777942, Number of Steps: 764
Episode 881, Reward: -21.0, Mean Loss: 5.420045892605607, Number of Steps: 764
Episode 882, Reward: -21.0, Mean Loss: 5.451930635262534, Number of Steps: 764
Episode 883, Reward: -21.0, Mean Loss: 5.500852504949919, Number of Steps: 764
Episode 884, Reward: -21.0, Mean Loss: 5.442032224844888, Number of Steps: 764
Episode 885, Reward: -21.0, Mean Loss: 5.471347334497262, Number of Steps: 764
Episode 886, Reward: -21.0, Mean Loss: 5.500852504949919, Number of Steps: 764
Episode 887, Reward: -21.0, Mean Loss: 5.4273746700187, Number of Steps: 764
Episode 888, Reward: -21.0, Mean Loss: 5.451930635262534, Number of Steps: 764
Episode 889, Reward: -21.0, Mean Loss: 5.471347334497262, Number of Steps: 764
Episode 890, Reward: -21.0, Mean Loss: 5.4273746700187, Number of Steps: 764
Episode 891, Reward: -21.0, Mean Loss: 5.432323875227524, Number of Steps: 764
Episode 892, Reward: -21.0, Mean Loss: 5.459259412675628, Number of Steps: 764
Episode 893, Reward: -21.0, Mean Loss: 5.439652652640618, Number of Steps: 764
Episode 894, Reward: -21.0, Mean Loss: 5.488574522328002, Number of Steps: 764
Episode 895, Reward: -21.0, Mean Loss: 5.439652652640618, Number of Steps: 764
Episode 896, Reward: -21.0, Mean Loss: 5.498282871945366, Number of Steps: 764
Episode 897, Reward: -21.0, Mean Loss: 5.40538833777942, Number of Steps: 764
Episode 898, Reward: -21.0, Mean Loss: 5.498282871945366, Number of Steps: 764
Episode 899, Reward: -21.0, Mean Loss: 5.466588190088721, Number of Steps: 764
Episode 900, Reward: -21.0, Mean Loss: 5.461638984879898, Number of Steps: 764
Episode 901, Reward: -21.0, Mean Loss: 5.432323875227524, Number of Steps: 764
Episode 902, Reward: -21.0, Mean Loss: 5.495903299741096, Number of Steps: 764
Episode 903, Reward: -21.0, Mean Loss: 5.449361002257981, Number of Steps: 764
Episode 904, Reward: -21.0, Mean Loss: 5.461638984879898, Number of Steps: 764
Episode 905, Reward: -21.0, Mean Loss: 5.5081812823630125, Number of Steps: 764
Episode 906, Reward: -21.0, Mean Loss: 5.446981430053711, Number of Steps: 764
Episode 907, Reward: -21.0, Mean Loss: 5.4273746700187, Number of Steps: 764
Episode 908, Reward: -21.0, Mean Loss: 5.471347334497262, Number of Steps: 764
Episode 909, Reward: -21.0, Mean Loss: 5.439652652640618, Number of Steps: 764
Episode 910, Reward: -21.0, Mean Loss: 5.512940426771554, Number of Steps: 764
Episode 911, Reward: -21.0, Mean Loss: 5.488574522328002, Number of Steps: 764
Episode 912, Reward: -21.0, Mean Loss: 5.4273746700187, Number of Steps: 764
Episode 913, Reward: -21.0, Mean Loss: 5.451930635262534, Number of Steps: 764
Episode 914, Reward: -21.0, Mean Loss: 5.459259412675628, Number of Steps: 764
Episode 915, Reward: -21.0, Mean Loss: 5.412717115192513, Number of Steps: 764
Episode 916, Reward: -21.0, Mean Loss: 5.415286748197066, Number of Steps: 764
Episode 917, Reward: -21.0, Mean Loss: 5.442032224844888, Number of Steps: 764
Episode 918, Reward: -21.0, Mean Loss: 5.459259412675628, Number of Steps: 764
Episode 919, Reward: -21.0, Mean Loss: 5.4689677622929915, Number of Steps: 764
Episode 920, Reward: -21.0, Mean Loss: 5.456689779671075, Number of Steps: 764
Episode 921, Reward: -21.0, Mean Loss: 5.417666320401336, Number of Steps: 764
Episode 922, Reward: -21.0, Mean Loss: 5.437273080436347, Number of Steps: 764
Episode 923, Reward: -21.0, Mean Loss: 5.434703447431794, Number of Steps: 764
Episode 924, Reward: -21.0, Mean Loss: 5.527597981597741, Number of Steps: 764
Episode 925, Reward: -21.0, Mean Loss: 5.400629193370879, Number of Steps: 764
Episode 926, Reward: -21.0, Mean Loss: 5.446981430053711, Number of Steps: 764
Episode 927, Reward: -21.0, Mean Loss: 5.456689779671075, Number of Steps: 764
Episode 928, Reward: -21.0, Mean Loss: 5.42499509781443, Number of Steps: 764
Episode 929, Reward: -21.0, Mean Loss: 5.439652652640618, Number of Steps: 764
Episode 930, Reward: -21.0, Mean Loss: 5.410337542988243, Number of Steps: 764
Episode 931, Reward: -21.0, Mean Loss: 5.442032224844888, Number of Steps: 764
Episode 932, Reward: -21.0, Mean Loss: 5.449361002257981, Number of Steps: 764
Episode 933, Reward: -21.0, Mean Loss: 5.40538833777942, Number of Steps: 764
Episode 934, Reward: -21.0, Mean Loss: 5.3907307829532325, Number of Steps: 764
Episode 935, Reward: -21.0, Mean Loss: 5.471347334497262, Number of Steps: 764
Episode 936, Reward: -21.0, Mean Loss: 5.520269204184647, Number of Steps: 764
Episode 937, Reward: -21.0, Mean Loss: 5.486194950123732, Number of Steps: 764
Episode 938, Reward: -21.0, Mean Loss: 5.383402005540138, Number of Steps: 764
Episode 939, Reward: -21.0, Mean Loss: 5.490954094532273, Number of Steps: 764
Episode 940, Reward: -21.0, Mean Loss: 5.398059560366326, Number of Steps: 764
Episode 941, Reward: -21.0, Mean Loss: 5.376073228127045, Number of Steps: 764
Episode 942, Reward: -21.0, Mean Loss: 5.456689779671075, Number of Steps: 764
Episode 943, Reward: -21.0, Mean Loss: 5.434703447431794, Number of Steps: 764
Episode 944, Reward: -21.0, Mean Loss: 5.456689779671075, Number of Steps: 764
Episode 945, Reward: -21.0, Mean Loss: 5.437273080436347, Number of Steps: 764
Episode 946, Reward: -21.0, Mean Loss: 5.4689677622929915, Number of Steps: 764
Episode 947, Reward: -21.0, Mean Loss: 5.4299443030232535, Number of Steps: 764
Episode 948, Reward: -21.0, Mean Loss: 5.5079912215627305, Number of Steps: 764
Episode 949, Reward: -21.0, Mean Loss: 5.42499509781443, Number of Steps: 764
Episode 950, Reward: -21.0, Mean Loss: 5.493333666736543, Number of Steps: 764
Episode 951, Reward: -21.0, Mean Loss: 5.40538833777942, Number of Steps: 764
Episode 952, Reward: -21.0, Mean Loss: 5.398059560366326, Number of Steps: 764
Episode 953, Reward: -21.0, Mean Loss: 5.420045892605607, Number of Steps: 764
Episode 954, Reward: -21.0, Mean Loss: 5.5081812823630125, Number of Steps: 764
Episode 955, Reward: -21.0, Mean Loss: 5.490954094532273, Number of Steps: 764
Episode 956, Reward: -21.0, Mean Loss: 5.454310207466804, Number of Steps: 764
Episode 957, Reward: -21.0, Mean Loss: 5.442032224844888, Number of Steps: 764
Episode 958, Reward: -21.0, Mean Loss: 5.4273746700187, Number of Steps: 764
Episode 959, Reward: -21.0, Mean Loss: 5.417666320401336, Number of Steps: 764
Episode 960, Reward: -21.0, Mean Loss: 5.449361002257981, Number of Steps: 764
Episode 961, Reward: -21.0, Mean Loss: 5.442032224844888, Number of Steps: 764
Episode 962, Reward: -21.0, Mean Loss: 5.456689779671075, Number of Steps: 764
Episode 963, Reward: -21.0, Mean Loss: 5.446981430053711, Number of Steps: 764
Episode 964, Reward: -21.0, Mean Loss: 5.412717115192513, Number of Steps: 764
Episode 965, Reward: -21.0, Mean Loss: 5.3907307829532325, Number of Steps: 764
Episode 966, Reward: -21.0, Mean Loss: 5.459259412675628, Number of Steps: 764
Episode 967, Reward: -21.0, Mean Loss: 5.383402005540138, Number of Steps: 764
Episode 968, Reward: -21.0, Mean Loss: 5.454310207466804, Number of Steps: 764
Episode 969, Reward: -21.0, Mean Loss: 5.42499509781443, Number of Steps: 764
Episode 970, Reward: -21.0, Mean Loss: 5.3907307829532325, Number of Steps: 764
Episode 971, Reward: -21.0, Mean Loss: 5.4299443030232535, Number of Steps: 764
Episode 972, Reward: -21.0, Mean Loss: 5.495903299741096, Number of Steps: 764
Episode 973, Reward: -21.0, Mean Loss: 5.471347334497262, Number of Steps: 764
Episode 974, Reward: -21.0, Mean Loss: 5.4689677622929915, Number of Steps: 764
Episode 975, Reward: -21.0, Mean Loss: 5.446981430053711, Number of Steps: 764
Episode 976, Reward: -21.0, Mean Loss: 5.520269204184647, Number of Steps: 764
Episode 977, Reward: -21.0, Mean Loss: 5.366364878509681, Number of Steps: 764
Episode 978, Reward: -21.0, Mean Loss: 5.403008765575149, Number of Steps: 764
Episode 979, Reward: -21.0, Mean Loss: 5.478676111910356, Number of Steps: 764
Episode 980, Reward: -21.0, Mean Loss: 5.381022433335868, Number of Steps: 764
Episode 981, Reward: -21.0, Mean Loss: 5.471347334497262, Number of Steps: 764
Episode 982, Reward: -21.0, Mean Loss: 5.412717115192513, Number of Steps: 764
Episode 983, Reward: -21.0, Mean Loss: 5.417666320401336, Number of Steps: 764
Episode 984, Reward: -21.0, Mean Loss: 5.420045892605607, Number of Steps: 764
Episode 985, Reward: -21.0, Mean Loss: 5.434703447431794, Number of Steps: 764
Episode 986, Reward: -21.0, Mean Loss: 5.4273746700187, Number of Steps: 764
Episode 987, Reward: -21.0, Mean Loss: 5.4689677622929915, Number of Steps: 764
Episode 988, Reward: -21.0, Mean Loss: 5.417666320401336, Number of Steps: 764
Episode 989, Reward: -21.0, Mean Loss: 5.398059560366326, Number of Steps: 764
Episode 990, Reward: -21.0, Mean Loss: 5.439652652640618, Number of Steps: 764
Episode 991, Reward: -21.0, Mean Loss: 5.410337542988243, Number of Steps: 764
Episode 992, Reward: -21.0, Mean Loss: 5.442032224844888, Number of Steps: 764
Episode 993, Reward: -21.0, Mean Loss: 5.488574522328002, Number of Steps: 764
Episode 994, Reward: -21.0, Mean Loss: 5.461638984879898, Number of Steps: 764
Episode 995, Reward: -21.0, Mean Loss: 5.398059560366326, Number of Steps: 764
Episode 996, Reward: -21.0, Mean Loss: 5.439652652640618, Number of Steps: 764
Episode 997, Reward: -21.0, Mean Loss: 5.512940426771554, Number of Steps: 764
Episode 998, Reward: -21.0, Mean Loss: 5.442032224844888, Number of Steps: 764
Episode 999, Reward: -21.0, Mean Loss: 5.432323875227524, Number of Steps: 764
Episode 1000, Reward: -21.0, Mean Loss: 5.442032224844888, Number of Steps: 764
training process done!
Elapsed time: 11171.521001815796 seconds
